2020/03/18 09:32:50.330 start
2020/03/18 09:33:22.687 start
2020/03/18 09:33:24.721 計算確認:計算中
2020/03/18 09:33:35.474 計算確認:計算中
2020/03/18 09:33:46.318 計算確認:計算中
2020/03/18 09:33:57.334 計算確認:計算中
2020/03/18 09:34:07.359 計算確認:計算中
2020/03/18 09:34:18.217 計算確認:計算中
2020/03/18 09:34:28.359 計算確認:計算中
2020/03/18 09:34:39.341 計算確認:計算中
2020/03/18 09:34:49.204 計算確認:計算中
2020/03/18 09:35:00.320 計算確認:計算中
2020/03/18 09:35:10.326 計算確認:計算中
2020/03/18 09:35:20.272 計算確認:計算中
2020/03/18 09:35:31.486 計算確認:計算中
2020/03/18 09:35:42.205 計算確認:計算中
2020/03/18 09:35:52.218 計算確認:計算中
2020/03/18 09:36:03.285 計算確認:計算中
2020/03/18 09:36:13.209 計算確認:計算中
2020/03/18 09:36:24.213 計算確認:計算中
2020/03/18 09:36:34.324 計算確認:計算中
2020/03/18 09:36:45.213 計算確認:計算中
2020/03/18 09:36:55.167 計算確認:計算中
2020/03/18 09:37:06.185 計算確認:計算中
2020/03/18 09:37:16.328 計算確認:計算中
2020/03/18 09:37:27.315 計算確認:計算中
2020/03/18 09:37:37.314 計算確認:計算中
2020/03/18 09:37:47.915 処理開始
2020/03/18 09:37:48.195 MiraiShareServer_deleteAllDemands():終了
2020/03/18 09:37:48.251 finishDemandRequest():終了
2020/03/18 09:37:49.156 [乗車]位置が拒否されました。スキップします。2020/03/07 10:30:00, 守山区下志段味風越1945番地, , LatLng=35.24006,137.0199
2020/03/18 09:37:50.117 import予約():終了
2020/03/18 09:37:50.162 insertTaskList():終了
2020/03/18 09:37:52.175 MiraiShareServer_demandRegist():終了
2020/03/18 09:37:52.635 MiraiShareServer_calc_execute():終了
2020/03/18 09:37:52.677 updateTaskList():終了
2020/03/18 09:37:52.691 計算開始
2020/03/18 09:37:53.095 計算確認:計算中
2020/03/18 09:38:04.308 start
2020/03/18 09:38:06.215 計算確認:計算失敗
2020/03/18 09:38:06.248 finishDemandRequest():失敗;計算失敗
2020/03/18 09:38:06.255 計算失敗:status=計算失敗
2020/03/18 09:38:18.054 処理開始
2020/03/18 09:39:36.129 MiraiShareServer_deleteAllDemands():終了
2020/03/18 09:39:36.155 finishDemandRequest():終了
2020/03/18 09:40:07.541 [乗車]位置が拒否されました。スキップします。2020/03/07 10:30:00, 守山区下志段味風越1945番地, , LatLng=35.24006,137.0199
2020/03/18 09:40:36.892 import予約():終了
2020/03/18 09:40:36.940 insertTaskList():終了
2020/03/18 09:40:38.411 MiraiShareServer_demandRegist():終了
2020/03/18 09:40:38.800 MiraiShareServer_calc_execute():終了
2020/03/18 09:40:38.836 updateTaskList():終了
2020/03/18 09:40:38.847 計算開始
2020/03/18 09:41:46.596 計算確認:計算中
2020/03/18 09:42:24.042 計算確認:計算中
2020/03/18 09:42:53.558 計算確認:計算中
2020/03/18 09:44:10.057 計算確認:計算中
2020/03/18 13:22:03.610 start
2020/03/18 13:22:05.778 計算確認:計算中
2020/03/18 13:22:16.296 計算確認:計算中
2020/03/18 13:22:27.137 計算確認:計算中
2020/03/18 13:22:37.177 計算確認:計算中
2020/03/18 13:22:48.146 計算確認:計算中
2020/03/18 13:22:58.315 計算確認:計算中
2020/03/18 13:23:09.271 計算確認:計算中
2020/03/18 13:23:19.248 計算確認:計算中
2020/03/18 13:23:30.330 計算確認:計算中
2020/03/18 13:23:40.297 計算確認:計算中
2020/03/18 13:23:51.252 計算確認:計算中
2020/03/18 13:24:02.191 計算確認:計算中
2020/03/18 13:24:13.323 計算確認:計算中
2020/03/18 13:24:24.142 計算確認:計算中
2020/03/18 13:24:34.124 計算確認:計算中
2020/03/18 13:24:44.250 計算確認:計算中
2020/03/18 13:24:55.150 計算確認:計算中
2020/03/18 13:25:05.201 計算確認:計算中
2020/03/18 13:25:16.314 計算確認:計算中
2020/03/18 13:25:26.153 計算確認:計算中
2020/03/18 13:25:37.164 計算確認:計算中
2020/03/18 13:25:48.145 計算確認:計算中
2020/03/18 13:25:59.252 計算確認:計算中
2020/03/18 13:26:09.267 計算確認:計算中
2020/03/18 13:26:19.247 計算確認:計算中
2020/03/18 13:26:30.294 計算確認:計算中
2020/03/18 13:26:40.367 計算確認:計算中
2020/03/18 13:26:51.137 計算確認:計算中
2020/03/18 13:27:02.157 計算確認:計算中
2020/03/18 13:27:12.257 計算確認:計算中
2020/03/18 13:27:22.170 計算確認:計算中
2020/03/18 13:27:33.143 計算確認:計算中
2020/03/18 13:27:43.125 計算確認:計算中
2020/03/18 13:27:53.204 計算確認:計算中
2020/03/18 13:28:04.184 計算確認:計算中
2020/03/18 13:28:15.287 計算確認:計算中
2020/03/18 13:28:25.201 計算確認:計算中
2020/03/18 13:28:36.186 計算確認:計算中
2020/03/18 13:28:46.327 計算確認:計算中
2020/03/18 13:28:57.158 計算確認:計算中
2020/03/18 13:29:08.279 計算確認:計算中
2020/03/18 13:29:19.114 計算確認:計算中
2020/03/18 13:29:30.263 計算確認:計算中
2020/03/18 13:29:40.311 計算確認:計算中
2020/03/18 13:29:51.161 計算確認:計算中
2020/03/18 13:30:01.143 計算確認:計算中
2020/03/18 13:30:12.296 計算確認:計算中
2020/03/18 13:30:22.150 計算確認:計算中
2020/03/18 13:30:33.177 計算確認:計算中
2020/03/18 13:30:43.351 計算確認:計算中
2020/03/18 13:30:54.141 計算確認:計算中
2020/03/18 13:31:04.177 計算確認:計算中
2020/03/18 13:31:15.291 計算確認:計算中
2020/03/18 13:31:25.212 計算確認:計算中
2020/03/18 13:31:36.158 計算確認:計算中
2020/03/18 13:31:46.319 計算確認:計算中
2020/03/18 13:31:57.202 計算確認:計算中
2020/03/18 13:32:07.145 計算確認:計算中
2020/03/18 13:32:18.216 計算確認:計算中
2020/03/18 13:32:28.306 計算確認:計算中
2020/03/18 13:32:39.293 計算確認:計算中
2020/03/18 13:32:49.176 計算確認:計算中
2020/03/18 13:33:00.353 計算確認:計算中
2020/03/18 13:33:11.290 計算確認:計算中
2020/03/18 13:33:22.189 計算確認:計算中
2020/03/18 13:33:33.147 計算確認:計算中
2020/03/18 13:33:43.260 計算確認:計算中
2020/03/18 13:33:54.176 計算確認:計算中
2020/03/18 13:34:04.146 計算確認:計算中
2020/03/18 13:34:15.302 計算確認:計算中
2020/03/18 13:34:25.121 計算確認:計算中
2020/03/18 13:34:36.110 計算確認:計算中
2020/03/18 13:34:46.384 計算確認:計算中
2020/03/18 13:34:57.126 計算確認:計算中
2020/03/18 13:35:07.159 計算確認:計算中
2020/03/18 13:35:18.266 計算確認:計算中
2020/03/18 13:35:28.260 計算確認:計算中
2020/03/18 13:35:39.266 計算確認:計算中
2020/03/18 13:35:49.140 計算確認:計算中
2020/03/18 13:36:00.416 計算確認:計算中
2020/03/18 13:36:10.307 計算確認:計算中
2020/03/18 13:36:21.168 計算確認:計算中
2020/03/18 13:36:32.149 計算確認:計算中
2020/03/18 13:36:42.293 計算確認:計算中
2020/03/18 13:36:52.229 計算確認:計算中
2020/03/18 13:37:03.155 計算確認:計算中
2020/03/18 13:37:13.331 計算確認:計算中
2020/03/18 13:37:24.160 計算確認:計算中
2020/03/18 13:37:35.153 計算確認:計算中
2020/03/18 13:37:46.274 計算確認:計算中
2020/03/18 13:37:57.122 計算確認:計算中
2020/03/18 13:38:08.264 計算確認:計算中
2020/03/18 13:38:19.150 計算確認:計算中
2020/03/18 13:38:29.273 計算確認:計算中
2020/03/18 13:38:40.275 計算確認:計算中
2020/03/18 13:38:50.179 計算確認:計算中
2020/03/18 13:39:01.342 計算確認:計算中
2020/03/18 13:39:11.274 計算確認:計算中
2020/03/18 13:39:21.211 計算確認:計算中
2020/03/18 13:39:32.136 計算確認:計算中
2020/03/18 13:39:43.261 計算確認:計算中
2020/03/18 13:39:53.154 計算確認:計算中
2020/03/18 13:40:04.182 計算確認:計算中
2020/03/18 13:40:14.287 計算確認:計算中
2020/03/18 13:40:25.182 計算確認:計算中
2020/03/18 13:40:35.245 計算確認:計算中
2020/03/18 13:40:46.308 計算確認:計算中
2020/03/18 13:40:56.209 計算確認:計算中
2020/03/18 13:41:07.331 計算確認:計算中
2020/03/18 13:41:17.355 計算確認:計算中
2020/03/18 13:41:28.282 計算確認:計算中
2020/03/18 13:41:38.318 計算確認:計算中
2020/03/18 13:41:49.167 計算確認:計算中
2020/03/18 13:41:59.282 計算確認:計算中
2020/03/18 13:42:10.365 計算確認:計算中
2020/03/18 13:42:20.180 計算確認:計算中
2020/03/18 13:42:31.345 計算確認:計算中
2020/03/18 13:42:41.283 計算確認:計算中
2020/03/18 13:42:52.148 計算確認:計算中
2020/03/18 13:43:02.172 計算確認:計算中
2020/03/18 13:43:13.333 計算確認:計算中
2020/03/18 13:43:23.171 計算確認:計算中
2020/03/18 13:43:34.166 計算確認:計算中
2020/03/18 13:43:44.290 計算確認:計算中
2020/03/18 13:43:55.218 計算確認:計算中
2020/03/18 13:44:05.182 計算確認:計算中
2020/03/18 13:44:16.274 計算確認:計算中
2020/03/18 13:44:26.188 計算確認:計算中
2020/03/18 13:44:37.156 計算確認:計算中
2020/03/18 13:44:47.254 計算確認:計算中
2020/03/18 13:44:58.252 計算確認:計算中
2020/03/18 13:45:08.315 計算確認:計算中
2020/03/18 13:45:19.180 計算確認:計算中
2020/03/18 13:45:29.285 計算確認:計算中
2020/03/18 13:45:40.287 計算確認:計算中
2020/03/18 13:45:50.161 計算確認:計算中
2020/03/18 13:46:01.364 計算確認:計算中
2020/03/18 13:46:11.334 計算確認:計算中
2020/03/18 13:46:22.186 計算確認:計算中
2020/03/18 13:46:32.166 計算確認:計算中
2020/03/18 13:46:43.302 計算確認:計算中
2020/03/18 13:46:53.154 計算確認:計算中
2020/03/18 13:47:04.157 計算確認:計算中
2020/03/18 13:47:14.298 計算確認:計算中
2020/03/18 13:47:25.307 計算確認:計算中
2020/03/18 13:47:35.203 計算確認:計算中
2020/03/18 13:47:46.253 計算確認:計算中
2020/03/18 13:47:56.233 計算確認:計算中
2020/03/18 13:48:07.186 計算確認:計算中
2020/03/18 13:48:18.395 計算確認:計算中
2020/03/18 13:48:29.295 計算確認:計算中
2020/03/18 13:48:40.375 計算確認:計算中
2020/03/18 13:48:50.249 計算確認:計算中
2020/03/18 13:49:01.388 計算確認:計算中
2020/03/18 13:49:11.391 計算確認:計算中
2020/03/18 13:49:22.220 計算確認:計算中
2020/03/18 13:49:32.201 計算確認:計算中
2020/03/18 13:49:43.283 計算確認:計算中
2020/03/18 13:49:53.165 計算確認:計算中
2020/03/18 13:50:04.181 計算確認:計算中
2020/03/18 13:50:14.296 計算確認:計算中
2020/03/18 13:50:25.240 計算確認:計算中
2020/03/18 13:50:36.188 計算確認:計算中
2020/03/18 13:50:46.323 計算確認:計算中
2020/03/18 13:50:56.183 計算確認:計算中
2020/03/18 13:51:07.180 計算確認:計算中
2020/03/18 13:51:18.376 計算確認:計算中
2020/03/18 13:51:29.371 計算確認:計算中
2020/03/18 13:51:39.333 計算確認:計算中
2020/03/18 13:51:50.171 計算確認:計算中
2020/03/18 13:52:00.375 計算確認:計算中
2020/03/18 13:52:11.318 計算確認:計算中
2020/03/18 13:52:22.201 計算確認:計算中
2020/03/18 13:52:32.128 計算確認:計算中
2020/03/18 13:52:43.309 計算確認:計算中
2020/03/18 13:52:53.115 計算確認:計算中
2020/03/18 13:53:03.217 計算確認:計算中
2020/03/18 13:53:14.294 計算確認:計算中
2020/03/18 13:53:25.142 計算確認:計算中
2020/03/18 13:53:36.174 計算確認:計算中
2020/03/18 13:53:47.405 計算確認:計算中
2020/03/18 13:53:57.181 計算確認:計算中
2020/03/18 13:54:07.226 計算確認:計算中
2020/03/18 13:54:18.403 計算確認:計算中
2020/03/18 13:54:29.332 計算確認:計算中
2020/03/18 13:54:40.288 計算確認:計算中
2020/03/18 13:54:50.176 計算確認:計算中
2020/03/18 13:55:01.300 計算確認:計算中
2020/03/18 13:55:12.246 計算確認:計算中
2020/03/18 13:55:22.216 計算確認:計算中
2020/03/18 13:55:33.166 計算確認:計算中
2020/03/18 13:55:44.262 計算確認:計算中
2020/03/18 13:55:55.177 計算確認:計算中
2020/03/18 13:56:06.182 計算確認:計算中
2020/03/18 13:56:16.284 計算確認:計算中
2020/03/18 13:56:27.176 計算確認:計算中
2020/03/18 13:56:37.148 計算確認:計算中
2020/03/18 13:56:48.343 計算確認:計算中
2020/03/18 13:56:59.349 計算確認:計算中
2020/03/18 13:57:09.354 計算確認:計算中
2020/03/18 13:57:20.222 計算確認:計算中
2020/03/18 13:57:30.409 計算確認:計算中
2020/03/18 13:57:41.269 計算確認:計算中
2020/03/18 13:57:52.187 計算確認:計算中
2020/03/18 13:58:03.201 計算確認:計算中
2020/03/18 13:58:14.278 計算確認:計算中
2020/03/18 13:58:25.249 計算確認:計算中
2020/03/18 13:58:36.299 計算確認:計算中
2020/03/18 13:58:46.384 計算確認:計算中
2020/03/18 13:58:57.228 計算確認:計算中
2020/03/18 13:59:07.225 計算確認:計算中
2020/03/18 13:59:17.402 計算確認:計算中
2020/03/18 13:59:28.287 計算確認:計算中
2020/03/18 13:59:38.325 計算確認:計算中
2020/03/18 13:59:49.149 計算確認:計算中
2020/03/18 14:00:01.081 計算確認:計算中
2020/03/18 14:00:11.488 計算確認:計算中
2020/03/18 14:00:22.188 計算確認:計算中
2020/03/18 14:00:33.153 計算確認:計算中
2020/03/18 14:00:44.306 計算確認:計算中
2020/03/18 14:00:54.249 計算確認:計算中
2020/03/18 14:01:05.198 計算確認:計算中
2020/03/18 14:01:15.333 計算確認:計算中
2020/03/18 14:01:26.174 計算確認:計算中
2020/03/18 14:01:37.161 計算確認:計算中
2020/03/18 14:01:47.384 計算確認:計算中
2020/03/18 14:01:58.249 計算確認:計算中
2020/03/18 14:02:08.280 計算確認:計算中
2020/03/18 14:02:19.183 計算確認:計算中
2020/03/18 14:02:29.283 計算確認:計算中
2020/03/18 14:02:39.298 計算確認:計算中
2020/03/18 14:02:49.190 計算確認:計算中
2020/03/18 14:03:00.352 計算確認:計算中
2020/03/18 14:03:10.315 計算確認:計算中
2020/03/18 14:03:20.196 計算確認:計算中
2020/03/18 14:03:31.290 計算確認:計算中
2020/03/18 14:03:41.303 計算確認:計算中
2020/03/18 14:03:52.219 計算確認:計算中
2020/03/18 14:04:03.169 計算確認:計算中
2020/03/18 14:04:14.302 計算確認:計算中
2020/03/18 14:04:24.193 計算確認:計算中
2020/03/18 14:04:35.123 計算確認:計算中
2020/03/18 14:04:45.347 計算確認:計算中
2020/03/18 14:04:55.148 計算確認:計算中
2020/03/18 14:05:05.187 計算確認:計算中
2020/03/18 14:05:15.259 計算確認:計算中
2020/03/18 14:05:26.110 計算確認:計算中
2020/03/18 14:05:37.125 計算確認:計算中
2020/03/18 14:05:47.284 計算確認:計算中
2020/03/18 14:05:58.268 計算確認:計算中
2020/03/18 14:06:09.307 計算確認:計算中
2020/03/18 14:06:19.275 計算確認:計算中
2020/03/18 14:06:30.404 計算確認:計算中
2020/03/18 14:06:40.341 計算確認:計算中
2020/03/18 14:06:50.213 計算確認:計算中
2020/03/18 14:07:01.282 計算確認:計算中
2020/03/18 14:07:11.326 計算確認:計算中
2020/03/18 14:07:22.158 計算確認:計算中
2020/03/18 14:07:33.139 計算確認:計算中
2020/03/18 14:07:43.277 計算確認:計算中
2020/03/18 14:07:54.144 計算確認:計算中
2020/03/18 14:08:04.157 計算確認:計算中
2020/03/18 14:08:15.288 計算確認:計算中
2020/03/18 14:08:26.143 計算確認:計算中
2020/03/18 14:08:37.226 計算確認:計算中
2020/03/18 14:08:47.280 計算確認:計算中
2020/03/18 14:08:58.285 計算確認:計算中
2020/03/18 14:09:09.314 計算確認:計算中
2020/03/18 14:09:20.164 計算確認:計算中
2020/03/18 14:09:31.305 計算確認:計算中
2020/03/18 14:09:41.325 計算確認:計算中
2020/03/18 14:09:52.192 計算確認:計算中
2020/03/18 14:10:03.514 計算確認:計算中
2020/03/18 14:10:14.317 計算確認:計算中
2020/03/18 14:10:25.249 計算確認:計算中
2020/03/18 14:10:35.197 計算確認:計算中
2020/03/18 14:10:45.447 計算確認:計算中
2020/03/18 14:12:05.646 計算確認:計算中
2020/03/18 14:12:06.180 計算確認:計算中
2020/03/18 14:12:17.179 計算確認:計算中
2020/03/18 14:12:27.080 計算確認:計算中
2020/03/18 14:12:37.078 計算確認:計算中
2020/03/18 14:12:48.397 計算確認:計算中
2020/03/18 14:12:58.209 計算確認:計算中
2020/03/18 14:13:09.190 計算確認:計算中
2020/03/18 14:13:19.190 計算確認:計算中
2020/03/18 14:13:30.243 計算確認:計算中
2020/03/18 14:13:41.209 計算確認:計算中
2020/03/18 14:13:51.081 計算確認:計算中
2020/03/18 14:14:02.313 計算確認:計算中
2020/03/18 14:14:12.307 計算確認:計算中
2020/03/18 14:14:23.199 計算確認:計算中
2020/03/18 14:14:34.206 計算確認:計算中
2020/03/18 14:14:44.306 計算確認:計算中
2020/03/18 14:14:55.275 計算確認:計算中
2020/03/18 14:15:05.228 計算確認:計算中
2020/03/18 14:15:16.298 計算確認:計算中
2020/03/18 14:15:26.204 計算確認:計算中
2020/03/18 14:15:37.159 計算確認:計算中
2020/03/18 14:15:47.310 計算確認:計算中
2020/03/18 14:15:58.279 計算確認:計算中
2020/03/18 14:16:08.291 計算確認:計算中
2020/03/18 14:16:19.244 計算確認:計算中
2020/03/18 14:16:29.267 計算確認:計算中
2020/03/18 14:16:40.344 計算確認:計算中
2020/03/18 14:16:50.206 計算確認:計算中
2020/03/18 14:17:00.291 計算確認:計算中
2020/03/18 14:17:11.296 計算確認:計算中
2020/03/18 14:17:22.265 計算確認:計算中
2020/03/18 14:17:32.301 計算確認:計算中
2020/03/18 14:17:42.313 計算確認:計算中
2020/03/18 14:17:53.169 計算確認:計算中
2020/03/18 14:18:04.174 計算確認:計算中
2020/03/18 14:18:14.294 計算確認:計算中
2020/03/18 14:18:25.174 計算確認:計算中
2020/03/18 14:18:34.833 計算確認:計算中
2020/03/18 14:18:45.822 計算確認:計算中
2020/03/18 14:18:55.831 計算確認:計算中
2020/03/18 14:19:06.824 計算確認:計算中
2020/03/18 14:19:16.820 計算確認:計算中
2020/03/18 14:19:27.811 計算確認:計算中
2020/03/18 14:19:37.821 計算確認:計算中
2020/03/18 14:19:47.843 計算確認:計算中
2020/03/18 14:19:58.830 計算確認:計算中
2020/03/18 14:20:09.833 計算確認:計算中
2020/03/18 14:20:19.837 計算確認:計算中
2020/03/18 14:20:29.840 計算確認:計算中
2020/03/18 14:20:40.853 計算確認:計算中
2020/03/18 14:20:51.828 計算確認:計算中
2020/03/18 14:21:01.837 計算確認:計算中
2020/03/18 14:21:12.834 計算確認:計算中
2020/03/18 14:21:22.840 計算確認:計算中
2020/03/18 14:21:32.834 計算確認:計算中
2020/03/18 14:21:42.840 計算確認:計算中
2020/03/18 14:21:53.839 計算確認:計算中
2020/03/18 14:22:04.823 計算確認:計算中
2020/03/18 14:22:14.832 計算確認:計算中
2020/03/18 14:22:25.840 計算確認:計算中
2020/03/18 14:22:36.841 計算確認:計算中
2020/03/18 14:22:47.838 計算確認:計算中
2020/03/18 14:22:57.824 計算確認:計算中
2020/03/18 14:23:08.816 計算確認:計算中
2020/03/18 14:23:18.830 計算確認:計算中
2020/03/18 14:23:29.811 計算確認:計算中
2020/03/18 14:23:39.830 計算確認:計算中
2020/03/18 14:23:50.835 計算確認:計算中
2020/03/18 14:24:00.816 計算確認:計算中
2020/03/18 14:24:11.809 計算確認:計算中
2020/03/18 14:24:21.834 計算確認:計算中
2020/03/18 14:24:31.830 計算確認:計算中
2020/03/18 14:24:42.814 計算確認:計算中
2020/03/18 14:24:53.807 計算確認:計算中
2020/03/18 14:25:03.815 計算確認:計算中
2020/03/18 14:25:14.816 計算確認:計算中
2020/03/18 14:25:24.815 計算確認:計算中
2020/03/18 14:25:34.819 計算確認:計算中
2020/03/18 14:25:45.821 計算確認:計算中
2020/03/18 14:25:55.821 計算確認:計算中
2020/03/18 14:26:06.816 計算確認:計算中
2020/03/18 14:26:17.808 計算確認:計算中
2020/03/18 14:26:27.826 計算確認:計算中
2020/03/18 14:26:38.816 計算確認:計算中
2020/03/18 14:26:48.815 計算確認:計算中
2020/03/18 14:26:59.825 計算確認:計算中
2020/03/18 14:27:09.819 計算確認:計算中
2020/03/18 14:27:19.822 計算確認:計算中
2020/03/18 14:27:30.839 計算確認:計算中
2020/03/18 14:27:41.808 計算確認:計算中
2020/03/18 14:27:51.948 計算確認:計算中
2020/03/18 14:28:01.826 計算確認:計算中
2020/03/18 14:28:12.814 計算確認:計算中
2020/03/18 14:28:23.841 計算確認:計算中
2020/03/18 14:28:33.832 計算確認:計算中
2020/03/18 14:28:44.824 計算確認:計算中
2020/03/18 14:28:54.832 計算確認:計算中
2020/03/18 14:29:05.808 計算確認:計算中
2020/03/18 14:29:15.835 計算確認:計算中
2020/03/18 14:29:26.811 計算確認:計算中
2020/03/18 14:29:36.822 計算確認:計算中
2020/03/18 14:29:47.816 計算確認:計算中
2020/03/18 14:29:57.838 計算確認:計算中
2020/03/18 14:30:08.819 計算確認:計算中
2020/03/18 14:30:18.823 計算確認:計算中
2020/03/18 14:30:29.816 計算確認:計算中
2020/03/18 14:30:39.821 計算確認:計算中
2020/03/18 14:30:50.833 計算確認:計算中
2020/03/18 14:31:00.833 計算確認:計算中
2020/03/18 14:31:10.837 計算確認:計算中
2020/03/18 14:31:21.817 計算確認:計算中
2020/03/18 14:31:31.894 計算確認:計算中
2020/03/18 14:31:41.825 計算確認:計算中
2020/03/18 14:31:52.820 計算確認:計算中
2020/03/18 14:32:03.827 計算確認:計算中
2020/03/18 14:32:13.842 計算確認:計算中
2020/03/18 14:32:24.832 計算確認:計算中
2020/03/18 14:32:34.840 計算確認:計算中
2020/03/18 14:32:45.822 計算確認:計算中
2020/03/18 14:32:55.840 計算確認:計算中
2020/03/18 14:33:06.826 計算確認:計算中
2020/03/18 14:33:16.840 計算確認:計算中
2020/03/18 14:33:27.815 計算確認:計算中
2020/03/18 14:33:37.841 計算確認:計算中
2020/03/18 14:33:48.818 計算確認:計算中
2020/03/18 14:33:58.820 計算確認:計算中
2020/03/18 14:34:09.816 計算確認:計算中
2020/03/18 14:34:19.828 計算確認:計算中
2020/03/18 14:34:30.814 計算確認:計算中
2020/03/18 14:34:40.830 計算確認:計算中
2020/03/18 14:34:51.815 計算確認:計算中
2020/03/18 14:35:01.820 計算確認:計算中
2020/03/18 14:35:12.816 計算確認:計算中
2020/03/18 14:35:22.822 計算確認:計算中
2020/03/18 14:35:32.822 計算確認:計算中
2020/03/18 14:35:43.820 計算確認:計算中
2020/03/18 14:35:54.807 計算確認:計算中
2020/03/18 14:36:04.820 計算確認:計算中
2020/03/18 14:36:15.814 計算確認:計算中
2020/03/18 14:36:25.832 計算確認:計算中
2020/03/18 14:36:36.822 計算確認:計算中
2020/03/18 14:36:46.819 計算確認:計算中
2020/03/18 14:36:56.823 計算確認:計算中
2020/03/18 14:37:07.818 計算確認:計算中
2020/03/18 14:37:18.814 計算確認:計算中
2020/03/18 14:37:28.820 計算確認:計算中
2020/03/18 14:37:39.820 計算確認:計算中
2020/03/18 14:37:50.822 計算確認:計算中
2020/03/18 14:38:01.815 計算確認:計算中
2020/03/18 14:38:11.820 計算確認:計算中
2020/03/18 14:38:22.836 計算確認:計算中
2020/03/18 14:38:32.834 計算確認:計算中
2020/03/18 14:38:43.844 計算確認:計算中
2020/03/18 14:38:53.847 計算確認:計算中
2020/03/18 14:39:04.835 計算確認:計算中
2020/03/18 14:39:15.850 計算確認:計算中
2020/03/18 14:39:26.818 計算確認:計算中
2020/03/18 14:39:36.822 計算確認:計算中
2020/03/18 14:39:47.815 計算確認:計算中
2020/03/18 14:39:57.823 計算確認:計算中
2020/03/18 14:40:08.827 計算確認:計算中
2020/03/18 14:40:18.814 計算確認:計算中
2020/03/18 14:40:29.808 計算確認:計算中
2020/03/18 14:40:39.812 計算確認:計算中
2020/03/18 14:40:50.809 計算確認:計算中
2020/03/18 14:41:01.816 計算確認:計算中
2020/03/18 14:41:12.812 計算確認:計算中
2020/03/18 14:41:23.807 計算確認:計算中
2020/03/18 14:41:33.819 計算確認:計算中
2020/03/18 14:41:44.810 計算確認:計算中
2020/03/18 14:41:54.833 計算確認:計算中
2020/03/18 14:42:05.824 計算確認:計算中
2020/03/18 14:42:15.824 計算確認:計算中
2020/03/18 14:42:26.835 計算確認:計算中
2020/03/18 14:42:36.830 計算確認:計算中
2020/03/18 14:42:47.823 計算確認:計算中
2020/03/18 14:42:57.831 計算確認:計算中
2020/03/18 14:43:08.810 計算確認:計算中
2020/03/18 14:43:18.824 計算確認:計算中
2020/03/18 14:43:29.807 計算確認:計算中
2020/03/18 14:43:39.820 計算確認:計算中
2020/03/18 14:43:50.824 計算確認:計算中
2020/03/18 14:44:00.816 計算確認:計算中
2020/03/18 14:44:11.841 計算確認:計算中
2020/03/18 14:44:21.821 計算確認:計算中
2020/03/18 14:44:32.832 計算確認:計算中
2020/03/18 14:44:43.808 計算確認:計算中
2020/03/18 14:44:53.830 計算確認:計算中
2020/03/18 14:45:04.840 計算確認:計算中
2020/03/18 14:45:14.829 計算確認:計算中
2020/03/18 14:45:25.827 計算確認:計算中
2020/03/18 14:45:35.836 計算確認:計算中
2020/03/18 14:45:46.833 計算確認:計算中
2020/03/18 14:45:56.836 計算確認:計算中
2020/03/18 14:46:07.819 計算確認:計算中
2020/03/18 14:46:17.820 計算確認:計算中
2020/03/18 14:46:28.821 計算確認:計算中
2020/03/18 14:46:38.843 計算確認:計算中
2020/03/18 14:46:49.819 計算確認:計算中
2020/03/18 14:46:59.822 計算確認:計算中
2020/03/18 14:47:10.834 計算確認:計算中
2020/03/18 14:47:20.833 計算確認:計算中
2020/03/18 14:47:31.836 計算確認:計算中
2020/03/18 14:47:41.835 計算確認:計算中
2020/03/18 14:47:52.816 計算確認:計算中
2020/03/18 14:48:02.835 計算確認:計算中
2020/03/18 14:48:13.838 計算確認:計算中
2020/03/18 14:48:23.836 計算確認:計算中
2020/03/18 14:48:34.823 計算確認:計算中
2020/03/18 14:48:44.844 計算確認:計算中
2020/03/18 14:48:55.834 計算確認:計算中
2020/03/18 14:49:05.834 計算確認:計算中
2020/03/18 14:49:16.844 計算確認:計算中
2020/03/18 14:49:26.838 計算確認:計算中
2020/03/18 14:49:37.833 計算確認:計算中
2020/03/18 14:49:47.822 計算確認:計算中
2020/03/18 14:49:58.832 計算確認:計算中
2020/03/18 14:50:08.834 計算確認:計算中
2020/03/18 14:50:19.834 計算確認:計算中
2020/03/18 14:50:29.836 計算確認:計算中
2020/03/18 14:50:39.837 計算確認:計算中
2020/03/18 14:50:50.837 計算確認:計算中
2020/03/18 14:51:01.831 計算確認:計算中
2020/03/18 14:51:11.839 計算確認:計算中
2020/03/18 14:51:21.906 計算確認:計算中
2020/03/18 14:51:32.839 計算確認:計算中
2020/03/18 14:51:43.824 計算確認:計算中
2020/03/18 14:51:53.866 計算確認:計算中
2020/03/18 14:52:04.845 計算確認:計算中
2020/03/18 14:52:14.853 計算確認:計算中
2020/03/18 14:52:25.857 計算確認:計算中
2020/03/18 14:52:35.852 計算確認:計算中
2020/03/18 14:52:46.845 計算確認:計算中
2020/03/18 14:52:56.854 計算確認:計算中
2020/03/18 14:53:07.845 計算確認:計算中
2020/03/18 14:53:17.850 計算確認:計算中
2020/03/18 14:53:28.846 計算確認:計算中
2020/03/18 14:53:38.852 計算確認:計算中
2020/03/18 14:53:48.839 計算確認:計算中
2020/03/18 14:53:59.859 計算確認:計算中
2020/03/18 14:54:10.831 計算確認:計算中
2020/03/18 14:54:20.852 計算確認:計算中
2020/03/18 14:54:31.848 計算確認:計算中
2020/03/18 14:54:42.854 計算確認:計算中
2020/03/18 14:54:53.864 計算確認:計算中
2020/03/18 14:55:04.848 計算確認:計算中
2020/03/18 14:55:14.837 計算確認:計算中
2020/03/18 14:55:24.859 計算確認:計算中
2020/03/18 14:55:35.858 計算確認:計算中
2020/03/18 14:55:45.847 計算確認:計算中
2020/03/18 14:55:56.845 計算確認:計算中
2020/03/18 14:56:07.838 計算確認:計算中
2020/03/18 14:56:17.846 計算確認:計算中
2020/03/18 14:56:27.849 計算確認:計算中
2020/03/18 14:56:38.868 計算確認:計算中
2020/03/18 14:56:49.837 計算確認:計算中
2020/03/18 14:56:59.846 計算確認:計算中
2020/03/18 14:57:09.845 計算確認:計算中
2020/03/18 14:57:20.829 計算確認:計算中
2020/03/18 14:57:31.839 計算確認:計算中
2020/03/18 14:57:41.847 計算確認:計算中
2020/03/18 14:57:52.831 計算確認:計算中
2020/03/18 14:58:02.861 計算確認:計算中
2020/03/18 14:58:13.838 計算確認:計算中
2020/03/18 14:58:23.845 計算確認:計算中
2020/03/18 14:58:33.842 計算確認:計算中
2020/03/18 14:58:44.849 計算確認:計算中
2020/03/18 14:58:55.841 計算確認:計算中
2020/03/18 14:59:05.837 計算確認:計算中
2020/03/18 14:59:16.841 計算確認:計算中
2020/03/18 14:59:26.860 計算確認:計算中
2020/03/18 16:32:19.871 start
2020/03/18 16:32:21.117 計算確認:計算中
2020/03/18 16:32:31.092 計算確認:計算中
2020/03/18 16:32:42.100 計算確認:計算中
2020/03/18 16:32:52.122 計算確認:計算中
2020/03/18 16:33:03.098 計算確認:計算中
2020/03/18 16:33:13.103 計算確認:計算中
2020/03/18 16:33:24.099 計算確認:計算中
2020/03/18 16:33:34.104 計算確認:計算中
2020/03/18 16:33:45.099 計算確認:計算中
2020/03/18 16:33:55.102 計算確認:計算中
2020/03/18 16:34:06.108 計算確認:計算中
2020/03/18 16:34:16.103 計算確認:計算中
2020/03/18 16:34:27.084 計算確認:計算中
2020/03/18 16:34:37.105 計算確認:計算中
2020/03/18 16:34:48.099 計算確認:計算中
2020/03/18 16:34:58.102 計算確認:計算中
2020/03/18 16:35:09.100 計算確認:計算中
2020/03/18 16:35:19.100 計算確認:計算中
2020/03/18 16:35:30.089 計算確認:計算中
2020/03/18 16:35:40.103 計算確認:計算中
2020/03/18 16:35:51.106 計算確認:計算中
2020/03/18 16:36:01.103 計算確認:計算中
2020/03/18 16:36:12.099 計算確認:計算中
2020/03/18 16:36:23.098 計算確認:計算中
2020/03/18 16:36:34.095 計算確認:計算中
2020/03/18 16:36:37.078 処理開始
2020/03/18 16:49:34.557 start
2020/03/18 16:49:35.751 計算確認:計算中
2020/03/18 16:49:45.496 処理開始
2020/03/18 16:49:45.509 MiraiShareServer_deleteAllDemands():終了
2020/03/18 16:49:45.555 finishDemandRequest():終了
2020/03/18 16:53:32.431 [乗車]位置が拒否されました。スキップします。2020/03/07 10:30:00, 守山区下志段味風越1945番地, , LatLng=35.24006,137.0199
2020/03/18 16:53:33.338 import予約():終了
2020/03/18 16:53:33.374 insertTaskList():終了
2020/03/18 16:53:34.953 MiraiShareServer_demandRegist():終了
2020/03/18 16:53:35.354 MiraiShareServer_calc_execute():終了
2020/03/18 17:00:16.225 updateTaskList():終了
2020/03/18 17:00:17.968 計算開始
2020/03/18 17:07:30.712 計算確認:計算失敗
2020/03/18 17:07:30.747 finishDemandRequest():失敗;計算失敗
2020/03/18 17:07:30.789 計算失敗:status=計算失敗
2020/03/18 17:15:51.488 処理開始
2020/03/18 17:15:51.509 MiraiShareServer_deleteAllDemands():終了
2020/03/18 17:15:51.545 finishDemandRequest():終了
2020/03/18 17:16:20.426 [乗車]位置が拒否されました。スキップします。2020/03/07 10:30:00, 守山区下志段味風越1945番地, , LatLng=35.24006,137.0199
2020/03/18 17:16:21.415 import予約():終了
2020/03/18 17:16:21.472 insertTaskList():終了
2020/03/18 17:16:22.521 MiraiShareServer_demandRegist():終了
2020/03/18 17:16:22.994 MiraiShareServer_calc_execute():終了
2020/03/18 17:16:29.124 updateTaskList():終了
2020/03/18 17:16:29.136 計算開始
2020/03/18 17:20:30.140 計算確認:計算完了
2020/03/18 17:21:00.537 計算終了
2020/03/18 17:21:50.571 finishDemandRequest():終了
2020/03/18 18:53:18.810 start
2020/03/18 18:56:52.995 処理開始
2020/03/18 18:56:53.009 MiraiShareServer_deleteAllDemands():終了
2020/03/18 18:56:53.051 finishDemandRequest():終了
2020/03/18 18:57:37.460 [乗車]位置が拒否されました。スキップします。2020/03/07 10:30:00, 守山区下志段味風越1945番地, , LatLng=35.24006,137.0199
2020/03/18 18:57:38.654 import予約():終了
2020/03/18 18:57:38.690 insertTaskList():終了
2020/03/18 18:57:39.796 MiraiShareServer_demandRegist():終了
2020/03/18 18:57:40.245 MiraiShareServer_calc_execute():終了
2020/03/18 18:58:51.446 updateTaskList():終了
2020/03/18 18:59:04.784 計算開始
2020/03/18 19:04:37.840 計算確認:計算完了
2020/03/18 19:04:40.194 計算終了
2020/03/18 19:04:43.814 finishDemandRequest():終了
2020/03/18 19:20:42.368 オブジェクト参照がオブジェクト インスタンスに設定されていません。   場所 未来シェア.MiraiShareDataOP.insertDemandRecord(配車計算の状態確認_Response demand, String& msg) 場所 D:\tfs\Yosoku\未来シェア\未来シェア\Shared\MiraiShareDataOP.cs:行 638
2020/03/18 19:20:42.744 オブジェクト参照がオブジェクト インスタンスに設定されていません。   場所 未来シェア.MiraiShareDataOP.insertDemandRecord(配車計算の状態確認_Response demand, String& msg) 場所 D:\tfs\Yosoku\未来シェア\未来シェア\Shared\MiraiShareDataOP.cs:行 638
2020/03/18 19:20:43.046 オブジェクト参照がオブジェクト インスタンスに設定されていません。   場所 未来シェア.MiraiShareDataOP.insertDemandRecord(配車計算の状態確認_Response demand, String& msg) 場所 D:\tfs\Yosoku\未来シェア\未来シェア\Shared\MiraiShareDataOP.cs:行 638
2020/03/18 19:20:43.060 結果取得成功
2020/03/18 19:36:36.639 start
2020/03/18 19:38:01.495 処理開始
2020/03/18 19:39:21.802 MiraiShareServer_deleteAllDemands():終了
2020/03/18 19:44:43.623 start
