2020/03/26 10:01:17.429 start
2020/03/26 10:01:37.189 処理開始
2020/03/26 10:01:47.434 MiraiShareServer_deleteAllDemands():終了
2020/03/26 10:01:47.516 finishDemandRequest():終了
2020/03/26 10:01:51.180 import予約():終了
2020/03/26 10:01:51.219 insertTaskList():終了
2020/03/26 10:01:55.215 MiraiShareServer_demandRegist():終了
2020/03/26 10:01:55.781 MiraiShareServer_calc_execute():終了
2020/03/26 10:02:52.477 updateTaskList():終了
2020/03/26 10:02:52.488 計算開始
2020/03/26 10:03:53.097 計算確認:計算完了
2020/03/26 10:03:53.189 計算終了
2020/03/26 10:03:53.263 finishDemandRequest():終了
2020/03/26 10:03:53.296 UpdateMirai_手動登録():終了
2020/03/26 10:04:17.338 オブジェクト参照がオブジェクト インスタンスに設定されていません。   場所 未来シェア.MiraiShareDataOP.insertDemandRecord(配車計算の状態確認_Response demand, String& msg) 場所 D:\tfs\Yosoku\未来シェア\未来シェア\Shared\MiraiShareDataOP.cs:行 638
2020/03/26 10:04:17.636 オブジェクト参照がオブジェクト インスタンスに設定されていません。   場所 未来シェア.MiraiShareDataOP.insertDemandRecord(配車計算の状態確認_Response demand, String& msg) 場所 D:\tfs\Yosoku\未来シェア\未来シェア\Shared\MiraiShareDataOP.cs:行 638
2020/03/26 10:04:17.942 オブジェクト参照がオブジェクト インスタンスに設定されていません。   場所 未来シェア.MiraiShareDataOP.insertDemandRecord(配車計算の状態確認_Response demand, String& msg) 場所 D:\tfs\Yosoku\未来シェア\未来シェア\Shared\MiraiShareDataOP.cs:行 638
2020/03/26 10:04:18.213 オブジェクト参照がオブジェクト インスタンスに設定されていません。   場所 未来シェア.MiraiShareDataOP.insertDemandRecord(配車計算の状態確認_Response demand, String& msg) 場所 D:\tfs\Yosoku\未来シェア\未来シェア\Shared\MiraiShareDataOP.cs:行 638
2020/03/26 10:04:18.504 オブジェクト参照がオブジェクト インスタンスに設定されていません。   場所 未来シェア.MiraiShareDataOP.insertDemandRecord(配車計算の状態確認_Response demand, String& msg) 場所 D:\tfs\Yosoku\未来シェア\未来シェア\Shared\MiraiShareDataOP.cs:行 638
2020/03/26 10:04:18.810 オブジェクト参照がオブジェクト インスタンスに設定されていません。   場所 未来シェア.MiraiShareDataOP.insertDemandRecord(配車計算の状態確認_Response demand, String& msg) 場所 D:\tfs\Yosoku\未来シェア\未来シェア\Shared\MiraiShareDataOP.cs:行 638
2020/03/26 10:04:19.106 オブジェクト参照がオブジェクト インスタンスに設定されていません。   場所 未来シェア.MiraiShareDataOP.insertDemandRecord(配車計算の状態確認_Response demand, String& msg) 場所 D:\tfs\Yosoku\未来シェア\未来シェア\Shared\MiraiShareDataOP.cs:行 638
2020/03/26 10:04:19.412 オブジェクト参照がオブジェクト インスタンスに設定されていません。   場所 未来シェア.MiraiShareDataOP.insertDemandRecord(配車計算の状態確認_Response demand, String& msg) 場所 D:\tfs\Yosoku\未来シェア\未来シェア\Shared\MiraiShareDataOP.cs:行 638
2020/03/26 10:04:19.706 オブジェクト参照がオブジェクト インスタンスに設定されていません。   場所 未来シェア.MiraiShareDataOP.insertDemandRecord(配車計算の状態確認_Response demand, String& msg) 場所 D:\tfs\Yosoku\未来シェア\未来シェア\Shared\MiraiShareDataOP.cs:行 638
2020/03/26 10:04:20.008 オブジェクト参照がオブジェクト インスタンスに設定されていません。   場所 未来シェア.MiraiShareDataOP.insertDemandRecord(配車計算の状態確認_Response demand, String& msg) 場所 D:\tfs\Yosoku\未来シェア\未来シェア\Shared\MiraiShareDataOP.cs:行 638
2020/03/26 10:04:20.305 オブジェクト参照がオブジェクト インスタンスに設定されていません。   場所 未来シェア.MiraiShareDataOP.insertDemandRecord(配車計算の状態確認_Response demand, String& msg) 場所 D:\tfs\Yosoku\未来シェア\未来シェア\Shared\MiraiShareDataOP.cs:行 638
2020/03/26 10:04:20.598 オブジェクト参照がオブジェクト インスタンスに設定されていません。   場所 未来シェア.MiraiShareDataOP.insertDemandRecord(配車計算の状態確認_Response demand, String& msg) 場所 D:\tfs\Yosoku\未来シェア\未来シェア\Shared\MiraiShareDataOP.cs:行 638
2020/03/26 10:04:20.615 結果取得成功
2020/03/26 11:41:00.490 start
2020/03/26 13:30:14.654 start
2020/03/26 16:58:56.197 start
2020/03/26 18:01:19.087 start
2020/03/26 18:43:54.653 start
2020/03/26 19:00:31.193 start
2020/03/26 19:02:53.176 start
2020/03/26 19:03:06.617 start
2020/03/26 19:03:46.072 start
2020/03/26 19:04:08.309 start
2020/03/26 19:04:41.214 start
2020/03/26 19:08:42.587 start
2020/03/26 19:15:15.806 start
