2020/03/03 10:07:37.540 start
2020/03/03 10:21:28.218 start
2020/03/03 10:23:00.980 start
2020/03/03 10:39:08.551 start
2020/03/03 10:42:52.775 start
2020/03/03 11:00:33.458 start
2020/03/03 11:02:25.118 処理開始
2020/03/03 11:32:56.202 start
2020/03/03 11:33:26.982 処理開始
2020/03/03 11:33:52.769 start
2020/03/03 11:36:10.832 処理開始
2020/03/03 11:38:46.801 MiraiShareServer_deleteAllDemands():終了
2020/03/03 11:38:56.438 finishDemandRequest():終了
2020/03/03 11:39:05.683 [乗車]位置が拒否されました。スキップします。2020/02/14 0:00:00, 愛知県海部郡蟹江町
, 11時, LatLng=35.131843,136.78751
2020/03/03 11:39:09.786 [乗車]位置が拒否されました。スキップします。2020/03/04 7:05:00, , , LatLng=35.2483643467131,137.01415004414
2020/03/03 11:39:12.310 [乗車]位置が拒否されました。スキップします。2020/03/04 8:00:00, , , LatLng=35.1764837380266,137.047983877917
2020/03/03 11:39:12.839 [乗車]位置が拒否されました。スキップします。2020/03/04 8:00:00, , , LatLng=35.178316701567,137.038040174929
2020/03/03 11:39:13.251 [乗車]位置が拒否されました。スキップします。2020/03/04 8:00:00, , , LatLng=35.3742907365079,136.751749371551
2020/03/03 11:39:18.751 [乗車]位置が拒否されました。スキップします。2020/03/04 8:40:00, , , LatLng=35.1874270055457,137.047622292836
2020/03/03 11:39:22.356 [降車]位置が拒否されました。スキップします。2020/03/04 9:00:00, , , LatLng=35.1907877765602,137.048733156902
2020/03/03 11:42:10.637 [乗車]位置が拒否されました。スキップします。2020/02/14 0:00:00, 愛知県海部郡蟹江町
, 11時, LatLng=35.131843,136.78751
2020/03/03 11:42:14.403 [乗車]位置が拒否されました。スキップします。2020/03/04 7:05:00, , , LatLng=35.2483643467131,137.01415004414
2020/03/03 11:42:16.935 [乗車]位置が拒否されました。スキップします。2020/03/04 8:00:00, , , LatLng=35.1764837380266,137.047983877917
2020/03/03 11:42:17.308 [乗車]位置が拒否されました。スキップします。2020/03/04 8:00:00, , , LatLng=35.178316701567,137.038040174929
2020/03/03 11:42:17.711 [乗車]位置が拒否されました。スキップします。2020/03/04 8:00:00, , , LatLng=35.3742907365079,136.751749371551
2020/03/03 11:42:23.232 [乗車]位置が拒否されました。スキップします。2020/03/04 8:40:00, , , LatLng=35.1874270055457,137.047622292836
2020/03/03 11:42:26.929 [降車]位置が拒否されました。スキップします。2020/03/04 9:00:00, , , LatLng=35.1907877765602,137.048733156902
2020/03/03 11:42:29.242 import予約():終了
2020/03/03 11:42:29.296 insertTaskList():終了
2020/03/03 11:42:58.711 MiraiShareServer_demandRegist():終了
2020/03/03 11:43:10.682 MiraiShareServer_calc_execute():終了
2020/03/03 11:43:16.438 updateTaskList():終了
2020/03/03 11:43:17.851 計算開始
2020/03/03 11:43:54.562 計算確認:計算中
2020/03/03 11:44:12.994 計算確認:計算中
2020/03/03 11:44:23.125 計算確認:計算中
2020/03/03 11:44:33.659 計算確認:計算中
2020/03/03 11:44:43.653 計算確認:計算中
2020/03/03 11:44:54.657 計算確認:計算中
2020/03/03 11:45:04.659 計算確認:計算中
2020/03/03 11:45:14.733 計算確認:計算中
2020/03/03 11:45:24.754 計算確認:計算中
2020/03/03 11:45:34.800 計算確認:計算中
2020/03/03 11:45:45.786 計算確認:計算中
2020/03/03 11:45:55.794 計算確認:計算中
2020/03/03 11:46:05.829 計算確認:計算中
2020/03/03 11:46:15.861 計算確認:計算中
2020/03/03 11:46:25.874 計算確認:計算中
2020/03/03 11:46:36.864 計算確認:計算中
2020/03/03 11:46:46.897 計算確認:計算中
2020/03/03 11:46:56.884 計算確認:計算中
2020/03/03 11:47:06.898 計算確認:計算中
2020/03/03 11:47:16.917 計算確認:計算中
2020/03/03 11:47:26.971 計算確認:計算中
2020/03/03 11:47:37.949 計算確認:計算中
2020/03/03 11:47:48.941 計算確認:計算中
2020/03/03 11:47:58.954 計算確認:計算中
2020/03/03 11:48:09.951 計算確認:計算中
2020/03/03 11:48:19.983 計算確認:計算中
2020/03/03 11:48:30.017 計算確認:計算中
2020/03/03 11:48:40.999 計算確認:計算中
2020/03/03 11:48:52.011 計算確認:計算中
2020/03/03 11:49:18.788 計算確認:計算中
2020/03/03 11:50:47.523 計算確認:計算中
2020/03/03 11:51:54.962 計算確認:計算中
2020/03/03 11:52:17.188 計算確認:計算中
2020/03/03 11:52:17.234 計算確認:計算中
2020/03/03 11:52:28.194 計算確認:計算中
2020/03/03 11:52:38.283 計算確認:計算中
2020/03/03 11:52:48.301 計算確認:計算中
2020/03/03 11:52:58.324 計算確認:計算中
2020/03/03 11:53:09.325 計算確認:計算中
2020/03/03 11:53:19.364 計算確認:計算中
2020/03/03 11:53:30.379 計算確認:計算中
2020/03/03 11:53:40.396 計算確認:計算中
2020/03/03 11:53:50.427 計算確認:計算中
2020/03/03 11:54:00.438 計算確認:計算中
2020/03/03 11:54:10.461 計算確認:計算中
2020/03/03 11:54:20.471 計算確認:計算中
2020/03/03 11:54:30.507 計算確認:計算中
2020/03/03 11:54:41.514 計算確認:計算中
2020/03/03 11:54:52.507 計算確認:計算中
2020/03/03 11:55:02.488 計算確認:計算中
2020/03/03 11:55:12.536 計算確認:計算中
2020/03/03 11:55:22.552 計算確認:計算中
2020/03/03 11:55:32.586 計算確認:計算中
2020/03/03 11:55:42.626 計算確認:計算中
2020/03/03 11:55:53.597 計算確認:計算中
2020/03/03 11:59:16.800 計算確認:計算中
2020/03/03 11:59:22.475 計算確認:計算中
2020/03/03 11:59:27.753 計算確認:計算中
2020/03/03 11:59:38.741 計算確認:計算中
2020/03/03 11:59:48.757 計算確認:計算中
2020/03/03 11:59:58.772 計算確認:計算中
2020/03/03 12:00:08.783 計算確認:計算中
2020/03/03 12:00:18.836 計算確認:計算中
2020/03/03 12:00:28.870 計算確認:計算中
2020/03/03 12:00:38.879 計算確認:計算中
2020/03/03 12:00:48.912 計算確認:計算中
2020/03/03 12:00:58.939 計算確認:計算中
2020/03/03 12:01:08.942 計算確認:計算中
2020/03/03 12:01:19.951 計算確認:計算中
2020/03/03 12:01:29.962 計算確認:計算中
2020/03/03 12:01:40.973 計算確認:計算中
2020/03/03 12:01:51.030 計算確認:計算中
2020/03/03 12:02:01.034 計算確認:計算中
2020/03/03 12:02:11.053 計算確認:計算中
2020/03/03 12:02:21.082 計算確認:計算中
2020/03/03 12:02:31.104 計算確認:計算中
2020/03/03 12:02:42.101 計算確認:計算中
2020/03/03 12:02:52.111 計算確認:計算中
2020/03/03 12:03:02.113 計算確認:計算中
2020/03/03 12:03:12.155 計算確認:計算中
2020/03/03 12:03:22.163 計算確認:計算中
2020/03/03 12:03:32.175 計算確認:計算中
2020/03/03 12:03:42.220 計算確認:計算中
2020/03/03 12:03:52.254 計算確認:計算中
2020/03/03 12:04:02.256 計算確認:計算中
2020/03/03 12:04:12.270 計算確認:計算中
2020/03/03 12:04:22.288 計算確認:計算中
2020/03/03 12:04:33.272 計算確認:計算中
2020/03/03 12:04:43.272 計算確認:計算中
2020/03/03 12:04:53.286 計算確認:計算中
2020/03/03 12:05:03.299 計算確認:計算中
2020/03/03 12:05:13.327 計算確認:計算中
2020/03/03 12:05:23.349 計算確認:計算中
2020/03/03 12:05:33.436 計算確認:計算中
2020/03/03 12:05:43.471 計算確認:計算中
2020/03/03 12:05:53.530 計算確認:計算中
2020/03/03 12:06:03.602 計算確認:計算中
2020/03/03 12:06:13.614 計算確認:計算中
2020/03/03 12:06:23.644 計算確認:計算中
2020/03/03 12:06:34.646 計算確認:計算中
2020/03/03 12:06:44.656 計算確認:計算中
2020/03/03 12:06:54.701 計算確認:計算中
2020/03/03 12:07:05.702 計算確認:計算中
2020/03/03 12:07:15.700 計算確認:計算中
2020/03/03 12:07:25.738 計算確認:計算中
2020/03/03 12:07:35.753 計算確認:計算中
2020/03/03 12:07:45.781 計算確認:計算中
2020/03/03 12:07:55.799 計算確認:計算中
2020/03/03 12:08:05.830 計算確認:計算中
2020/03/03 12:08:15.839 計算確認:計算中
2020/03/03 12:08:26.830 計算確認:計算中
2020/03/03 12:08:36.866 計算確認:計算中
2020/03/03 12:08:46.923 計算確認:計算中
2020/03/03 12:08:57.894 計算確認:計算中
2020/03/03 12:09:07.940 計算確認:計算中
2020/03/03 12:09:17.982 計算確認:計算中
2020/03/03 12:09:28.005 計算確認:計算中
2020/03/03 12:09:38.030 計算確認:計算中
2020/03/03 12:09:48.045 計算確認:計算中
2020/03/03 12:09:59.035 計算確認:計算中
2020/03/03 12:10:09.045 計算確認:計算中
2020/03/03 12:10:20.046 計算確認:計算中
2020/03/03 12:10:30.053 計算確認:計算中
2020/03/03 12:10:40.051 計算確認:計算中
2020/03/03 12:10:50.070 計算確認:計算中
2020/03/03 12:11:00.081 計算確認:計算中
2020/03/03 12:11:11.083 計算確認:計算中
2020/03/03 12:11:22.090 計算確認:計算中
2020/03/03 12:11:32.081 計算確認:計算中
2020/03/03 12:11:42.098 計算確認:計算中
2020/03/03 12:11:52.143 計算確認:計算中
2020/03/03 12:12:02.177 計算確認:計算中
2020/03/03 12:12:12.187 計算確認:計算中
2020/03/03 12:12:22.202 計算確認:計算中
2020/03/03 12:12:32.245 計算確認:計算中
2020/03/03 12:12:42.270 計算確認:計算中
2020/03/03 12:12:52.272 計算確認:計算中
2020/03/03 12:13:02.285 計算確認:計算中
2020/03/03 12:13:12.270 計算確認:計算中
2020/03/03 12:13:22.283 計算確認:計算中
2020/03/03 12:13:33.301 計算確認:計算中
2020/03/03 12:13:43.326 計算確認:計算中
2020/03/03 12:13:53.351 計算確認:計算中
2020/03/03 12:14:03.377 計算確認:計算中
2020/03/03 12:14:13.411 計算確認:計算中
2020/03/03 12:14:23.423 計算確認:計算中
2020/03/03 12:14:34.411 計算確認:計算中
2020/03/03 12:14:44.467 計算確認:計算中
2020/03/03 12:14:54.534 計算確認:計算中
2020/03/03 12:15:04.551 計算確認:計算中
2020/03/03 12:15:14.582 計算確認:計算中
2020/03/03 12:15:24.640 計算確認:計算中
2020/03/03 12:15:34.624 計算確認:計算中
2020/03/03 12:15:44.624 計算確認:計算中
2020/03/03 12:15:54.679 計算確認:計算中
2020/03/03 12:16:04.711 計算確認:計算中
2020/03/03 12:16:14.746 計算確認:計算中
2020/03/03 12:16:25.744 計算確認:計算中
2020/03/03 12:16:35.738 計算確認:計算中
2020/03/03 12:16:46.741 計算確認:計算中
2020/03/03 12:16:56.741 計算確認:計算中
2020/03/03 12:17:06.766 計算確認:計算中
2020/03/03 12:17:16.767 計算確認:計算中
2020/03/03 12:17:27.768 計算確認:計算中
2020/03/03 12:17:37.804 計算確認:計算中
2020/03/03 12:17:47.862 計算確認:計算中
2020/03/03 12:17:57.933 計算確認:計算中
2020/03/03 12:18:07.978 計算確認:計算中
2020/03/03 12:18:17.987 計算確認:計算中
2020/03/03 12:18:28.016 計算確認:計算中
2020/03/03 12:18:38.034 計算確認:計算中
2020/03/03 12:18:49.062 計算確認:計算中
2020/03/03 12:19:00.034 計算確認:計算中
2020/03/03 12:19:10.033 計算確認:計算中
2020/03/03 12:19:21.032 計算確認:計算中
2020/03/03 12:19:32.029 計算確認:計算中
2020/03/03 12:19:42.030 計算確認:計算中
2020/03/03 12:19:52.035 計算確認:計算中
2020/03/03 12:20:02.048 計算確認:計算中
2020/03/03 12:20:12.050 計算確認:計算中
2020/03/03 12:20:22.066 計算確認:計算中
2020/03/03 12:20:33.081 計算確認:計算中
2020/03/03 12:20:43.102 計算確認:計算中
2020/03/03 12:20:53.123 計算確認:計算中
2020/03/03 12:21:03.113 計算確認:計算中
2020/03/03 12:21:13.128 計算確認:計算中
2020/03/03 12:21:24.113 計算確認:計算中
2020/03/03 12:21:35.127 計算確認:計算中
2020/03/03 12:21:45.133 計算確認:計算中
2020/03/03 12:21:55.145 計算確認:計算中
2020/03/03 12:22:05.175 計算確認:計算中
2020/03/03 12:22:15.177 計算確認:計算中
2020/03/03 12:22:26.176 計算確認:計算中
2020/03/03 12:22:36.178 計算確認:計算中
2020/03/03 12:22:46.185 計算確認:計算中
2020/03/03 12:22:56.194 計算確認:計算中
2020/03/03 12:23:06.219 計算確認:計算中
2020/03/03 12:23:16.252 計算確認:計算中
2020/03/03 12:23:26.254 計算確認:計算中
2020/03/03 12:23:36.310 計算確認:計算中
2020/03/03 12:23:46.342 計算確認:計算中
2020/03/03 12:23:56.395 計算確認:計算中
2020/03/03 12:24:06.438 計算確認:計算中
2020/03/03 12:24:16.470 計算確認:計算中
2020/03/03 12:24:26.503 計算確認:計算中
2020/03/03 12:24:36.534 計算確認:計算中
2020/03/03 12:24:46.539 計算確認:計算中
2020/03/03 12:24:57.544 計算確認:計算中
2020/03/03 12:25:07.596 計算確認:計算中
2020/03/03 12:25:17.613 計算確認:計算中
2020/03/03 12:25:28.613 計算確認:計算中
2020/03/03 12:25:38.627 計算確認:計算中
2020/03/03 12:25:48.629 計算確認:計算中
2020/03/03 12:25:58.643 計算確認:計算中
2020/03/03 12:26:08.657 計算確認:計算中
2020/03/03 12:26:19.646 計算確認:計算中
2020/03/03 12:26:29.648 計算確認:計算中
2020/03/03 12:26:39.640 計算確認:計算中
2020/03/03 12:26:50.640 計算確認:計算中
2020/03/03 12:27:01.652 計算確認:計算中
2020/03/03 12:27:11.660 計算確認:計算中
2020/03/03 12:27:21.700 計算確認:計算中
2020/03/03 12:27:31.690 計算確認:計算中
2020/03/03 12:27:41.702 計算確認:計算中
2020/03/03 12:27:51.722 計算確認:計算中
2020/03/03 12:28:02.738 計算確認:計算中
2020/03/03 12:28:12.754 計算確認:計算中
2020/03/03 12:28:22.751 計算確認:計算中
2020/03/03 12:28:32.754 計算確認:計算中
2020/03/03 12:28:42.784 計算確認:計算中
2020/03/03 12:28:53.766 計算確認:計算中
2020/03/03 12:29:04.778 計算確認:計算中
2020/03/03 12:29:14.783 計算確認:計算中
2020/03/03 12:29:25.783 計算確認:計算中
2020/03/03 12:29:35.799 計算確認:計算中
2020/03/03 12:29:45.809 計算確認:計算中
2020/03/03 12:29:55.817 計算確認:計算中
2020/03/03 12:30:06.815 計算確認:計算中
2020/03/03 12:30:16.832 計算確認:計算中
2020/03/03 12:30:26.873 計算確認:計算中
2020/03/03 12:30:36.877 計算確認:計算中
2020/03/03 12:30:46.905 計算確認:計算中
2020/03/03 12:30:56.982 計算確認:計算中
2020/03/03 12:31:07.014 計算確認:計算中
2020/03/03 12:31:18.007 計算確認:計算中
2020/03/03 12:31:28.030 計算確認:計算中
2020/03/03 12:31:38.035 計算確認:計算中
2020/03/03 12:31:48.055 計算確認:計算中
2020/03/03 12:31:58.069 計算確認:計算中
2020/03/03 12:32:08.081 計算確認:計算中
2020/03/03 12:32:18.081 計算確認:計算中
2020/03/03 12:32:29.084 計算確認:計算中
2020/03/03 12:32:39.129 計算確認:計算中
2020/03/03 12:32:49.143 計算確認:計算中
2020/03/03 12:33:00.143 計算確認:計算中
2020/03/03 12:33:11.129 計算確認:計算中
2020/03/03 12:33:21.177 計算確認:計算中
2020/03/03 12:33:31.203 計算確認:計算中
2020/03/03 12:33:41.241 計算確認:計算中
2020/03/03 12:33:52.256 計算確認:計算中
2020/03/03 12:34:02.284 計算確認:計算中
2020/03/03 12:34:12.310 計算確認:計算中
2020/03/03 12:34:22.346 計算確認:計算中
2020/03/03 12:34:32.363 計算確認:計算中
2020/03/03 12:34:42.408 計算確認:計算中
2020/03/03 12:34:53.394 計算確認:計算中
2020/03/03 12:35:03.400 計算確認:計算中
2020/03/03 12:35:13.404 計算確認:計算中
2020/03/03 12:35:23.408 計算確認:計算中
2020/03/03 12:35:33.426 計算確認:計算中
2020/03/03 12:35:43.457 計算確認:計算中
2020/03/03 12:35:53.512 計算確認:計算中
2020/03/03 12:36:04.506 計算確認:計算中
2020/03/03 12:36:14.514 計算確認:計算中
2020/03/03 12:36:24.523 計算確認:計算中
2020/03/03 12:36:34.579 計算確認:計算中
2020/03/03 12:36:44.624 計算確認:計算中
2020/03/03 12:36:54.647 計算確認:計算中
2020/03/03 12:37:04.661 計算確認:計算中
2020/03/03 12:37:14.678 計算確認:計算中
2020/03/03 12:37:24.720 計算確認:計算中
2020/03/03 12:37:34.745 計算確認:計算中
2020/03/03 12:37:44.768 計算確認:計算中
2020/03/03 12:37:55.786 計算確認:計算中
2020/03/03 12:38:05.767 計算確認:計算中
2020/03/03 12:38:16.755 計算確認:計算中
2020/03/03 12:38:26.784 計算確認:計算中
2020/03/03 12:38:36.815 計算確認:計算中
2020/03/03 12:38:46.831 計算確認:計算中
2020/03/03 12:38:56.874 計算確認:計算中
2020/03/03 12:39:06.864 計算確認:計算中
2020/03/03 12:39:16.917 計算確認:計算中
2020/03/03 12:39:26.909 計算確認:計算中
2020/03/03 12:39:36.955 計算確認:計算中
2020/03/03 12:39:47.013 計算確認:計算中
2020/03/03 12:39:58.009 計算確認:計算中
2020/03/03 12:40:08.010 計算確認:計算中
2020/03/03 12:40:18.024 計算確認:計算中
2020/03/03 12:40:28.024 計算確認:計算中
2020/03/03 12:40:39.056 計算確認:計算中
2020/03/03 12:40:49.091 計算確認:計算中
2020/03/03 12:40:59.092 計算確認:計算中
2020/03/03 12:41:09.124 計算確認:計算中
2020/03/03 12:41:19.124 計算確認:計算中
2020/03/03 12:41:29.147 計算確認:計算中
2020/03/03 12:41:39.159 計算確認:計算中
2020/03/03 12:41:49.169 計算確認:計算中
2020/03/03 12:41:59.197 計算確認:計算中
2020/03/03 12:42:10.212 計算確認:計算中
2020/03/03 12:42:20.221 計算確認:計算中
2020/03/03 12:42:31.222 計算確認:計算中
2020/03/03 12:42:41.238 計算確認:計算中
2020/03/03 12:42:51.239 計算確認:計算中
2020/03/03 12:43:01.266 計算確認:計算中
2020/03/03 12:43:12.239 計算確認:計算中
2020/03/03 12:43:22.295 計算確認:計算中
2020/03/03 12:43:32.314 計算確認:計算中
2020/03/03 12:43:42.302 計算確認:計算中
2020/03/03 12:43:52.345 計算確認:計算中
2020/03/03 12:44:02.356 計算確認:計算中
2020/03/03 12:44:12.376 計算確認:計算中
2020/03/03 12:44:22.405 計算確認:計算中
2020/03/03 12:44:32.410 計算確認:計算中
2020/03/03 12:44:43.426 計算確認:計算中
2020/03/03 12:44:53.435 計算確認:計算中
2020/03/03 12:45:04.434 計算確認:計算中
2020/03/03 12:45:15.427 計算確認:計算中
2020/03/03 12:45:25.451 計算確認:計算中
2020/03/03 12:45:35.454 計算確認:計算中
2020/03/03 12:45:46.461 計算確認:計算中
2020/03/03 12:45:57.464 計算確認:計算中
2020/03/03 12:46:07.455 計算確認:計算中
2020/03/03 12:46:18.446 計算確認:計算中
2020/03/03 12:46:28.470 計算確認:計算中
2020/03/03 12:46:39.456 計算確認:計算中
2020/03/03 12:46:50.456 計算確認:計算中
2020/03/03 12:47:00.468 計算確認:計算中
2020/03/03 12:47:10.482 計算確認:計算中
2020/03/03 12:47:21.485 計算確認:計算中
2020/03/03 12:47:32.469 計算確認:計算中
2020/03/03 12:47:43.462 計算確認:計算中
2020/03/03 12:47:53.486 計算確認:計算中
2020/03/03 12:48:04.473 計算確認:計算中
2020/03/03 12:48:14.480 計算確認:計算中
2020/03/03 12:48:25.483 計算確認:計算中
2020/03/03 12:48:35.484 計算確認:計算中
2020/03/03 12:48:46.482 計算確認:計算中
2020/03/03 12:48:56.481 計算確認:計算中
2020/03/03 12:49:07.470 計算確認:計算中
2020/03/03 12:49:18.472 計算確認:計算中
2020/03/03 12:49:28.500 計算確認:計算中
2020/03/03 12:49:39.490 計算確認:計算中
2020/03/03 12:49:50.471 計算確認:計算中
2020/03/03 12:50:01.477 計算確認:計算中
2020/03/03 12:50:12.468 計算確認:計算中
2020/03/03 12:50:23.488 計算確認:計算中
2020/03/03 12:50:34.484 計算確認:計算中
2020/03/03 12:50:45.467 計算確認:計算中
2020/03/03 12:50:55.465 計算確認:計算中
2020/03/03 12:51:05.471 計算確認:計算中
2020/03/03 12:51:15.473 計算確認:計算中
2020/03/03 12:51:25.474 計算確認:計算中
2020/03/03 12:51:35.514 計算確認:計算中
2020/03/03 12:51:46.507 計算確認:計算中
2020/03/03 12:51:57.489 計算確認:計算中
2020/03/03 12:52:08.508 計算確認:計算中
2020/03/03 12:52:19.510 計算確認:計算中
2020/03/03 12:52:30.493 計算確認:計算中
2020/03/03 12:52:40.506 計算確認:計算中
2020/03/03 12:52:51.501 計算確認:計算中
2020/03/03 12:53:01.496 計算確認:計算中
2020/03/03 12:53:11.532 計算確認:計算中
2020/03/03 12:53:22.529 計算確認:計算中
2020/03/03 12:53:32.527 計算確認:計算中
2020/03/03 12:53:42.540 計算確認:計算中
2020/03/03 12:53:53.530 計算確認:計算中
2020/03/03 12:54:03.525 計算確認:計算中
2020/03/03 12:54:14.520 計算確認:計算中
2020/03/03 12:54:24.524 計算確認:計算中
2020/03/03 12:54:35.531 計算確認:計算中
2020/03/03 12:54:45.531 計算確認:計算中
2020/03/03 12:54:56.534 計算確認:計算中
2020/03/03 12:55:07.537 計算確認:計算中
2020/03/03 12:55:18.535 計算確認:計算中
2020/03/03 12:55:28.533 計算確認:計算中
2020/03/03 12:55:38.539 計算確認:計算中
2020/03/03 12:55:48.529 計算確認:計算中
2020/03/03 12:55:59.519 計算確認:計算中
2020/03/03 12:56:09.523 計算確認:計算中
2020/03/03 12:56:20.534 計算確認:計算中
2020/03/03 12:56:30.533 計算確認:計算中
2020/03/03 12:56:40.530 計算確認:計算中
2020/03/03 12:56:51.546 計算確認:計算中
2020/03/03 12:57:01.533 計算確認:計算中
2020/03/03 12:57:12.526 計算確認:計算中
2020/03/03 12:57:23.551 計算確認:計算中
2020/03/03 12:57:34.539 計算確認:計算中
2020/03/03 12:57:45.533 計算確認:計算中
2020/03/03 12:57:56.547 計算確認:計算中
2020/03/03 12:58:06.550 計算確認:計算中
2020/03/03 12:58:17.542 計算確認:計算中
2020/03/03 12:58:28.545 計算確認:計算中
2020/03/03 12:58:39.543 計算確認:計算中
2020/03/03 12:58:49.545 計算確認:計算中
2020/03/03 12:59:00.543 計算確認:計算中
2020/03/03 12:59:10.541 計算確認:計算中
2020/03/03 12:59:20.536 計算確認:計算中
2020/03/03 12:59:31.519 計算確認:計算中
2020/03/03 12:59:41.556 計算確認:計算中
2020/03/03 12:59:51.568 計算確認:計算中
2020/03/03 13:00:02.559 計算確認:計算中
2020/03/03 13:00:12.552 計算確認:計算中
2020/03/03 13:00:23.559 計算確認:計算中
2020/03/03 13:00:33.554 計算確認:計算中
2020/03/03 13:00:44.545 計算確認:計算中
2020/03/03 13:00:54.547 計算確認:計算中
2020/03/03 13:01:05.551 計算確認:計算中
2020/03/03 13:01:15.573 計算確認:計算中
2020/03/03 13:01:25.556 計算確認:計算中
2020/03/03 13:01:36.555 計算確認:計算中
2020/03/03 13:01:46.563 計算確認:計算中
2020/03/03 13:01:56.563 計算確認:計算中
2020/03/03 13:02:06.583 計算確認:計算中
2020/03/03 13:02:16.598 計算確認:計算中
2020/03/03 13:02:26.614 計算確認:計算中
2020/03/03 13:02:36.631 計算確認:計算中
2020/03/03 13:02:46.640 計算確認:計算中
2020/03/03 13:02:56.660 計算確認:計算中
2020/03/03 13:03:06.709 計算確認:計算中
2020/03/03 13:03:16.740 計算確認:計算中
2020/03/03 13:03:26.794 計算確認:計算中
2020/03/03 13:03:36.844 計算確認:計算中
2020/03/03 13:03:46.876 計算確認:計算中
2020/03/03 13:03:56.907 計算確認:計算中
2020/03/03 13:04:06.933 計算確認:計算中
2020/03/03 13:04:17.008 計算確認:計算中
2020/03/03 13:04:27.008 計算確認:計算中
2020/03/03 13:04:37.061 計算確認:計算中
2020/03/03 13:04:47.096 計算確認:計算中
2020/03/03 13:04:57.140 計算確認:計算中
2020/03/03 13:05:07.180 計算確認:計算中
2020/03/03 13:05:17.203 計算確認:計算中
2020/03/03 13:05:27.226 計算確認:計算中
2020/03/03 13:05:37.253 計算確認:計算中
2020/03/03 13:05:47.253 計算確認:計算中
2020/03/03 13:05:57.275 計算確認:計算中
2020/03/03 13:06:07.314 計算確認:計算中
2020/03/03 13:06:17.336 計算確認:計算中
2020/03/03 13:06:27.361 計算確認:計算中
2020/03/03 13:06:37.441 計算確認:計算中
2020/03/03 13:06:47.495 計算確認:計算中
2020/03/03 13:06:57.526 計算確認:計算中
2020/03/03 13:07:07.539 計算確認:計算中
2020/03/03 13:07:17.553 計算確認:計算中
2020/03/03 13:07:28.538 計算確認:計算中
2020/03/03 13:07:38.605 計算確認:計算中
2020/03/03 13:07:48.617 計算確認:計算中
2020/03/03 13:07:59.629 計算確認:計算中
2020/03/03 13:08:09.643 計算確認:計算中
2020/03/03 13:08:20.631 計算確認:計算中
2020/03/03 13:08:30.640 計算確認:計算中
2020/03/03 13:08:40.644 計算確認:計算中
2020/03/03 13:08:50.652 計算確認:計算中
2020/03/03 13:09:00.640 計算確認:計算中
2020/03/03 13:09:11.639 計算確認:計算中
2020/03/03 13:09:21.640 計算確認:計算中
2020/03/03 13:09:32.639 計算確認:計算中
2020/03/03 13:09:43.655 計算確認:計算中
2020/03/03 13:09:53.687 計算確認:計算中
2020/03/03 13:10:04.998 計算確認:計算中
2020/03/03 13:10:15.745 計算確認:計算中
2020/03/03 13:10:25.741 計算確認:計算中
2020/03/03 13:10:35.755 計算確認:計算中
2020/03/03 13:10:45.772 計算確認:計算中
2020/03/03 13:10:55.815 計算確認:計算中
2020/03/03 13:11:05.817 計算確認:計算中
2020/03/03 13:11:15.827 計算確認:計算中
2020/03/03 13:11:25.865 計算確認:計算中
2020/03/03 13:11:35.875 計算確認:計算中
2020/03/03 13:11:45.906 計算確認:計算中
2020/03/03 13:11:55.967 計算確認:計算中
2020/03/03 13:12:06.006 計算確認:計算中
2020/03/03 13:12:16.039 計算確認:計算中
2020/03/03 13:12:26.107 計算確認:計算中
2020/03/03 13:12:36.136 計算確認:計算中
2020/03/03 13:12:46.160 計算確認:計算中
2020/03/03 13:12:56.171 計算確認:計算中
2020/03/03 13:13:06.212 計算確認:計算中
2020/03/03 13:13:16.238 計算確認:計算中
2020/03/03 13:13:27.239 計算確認:計算中
2020/03/03 13:13:37.271 計算確認:計算中
2020/03/03 13:13:47.291 計算確認:計算中
2020/03/03 13:13:57.311 計算確認:計算中
2020/03/03 13:14:07.363 計算確認:計算中
2020/03/03 13:14:17.397 計算確認:計算中
2020/03/03 13:14:27.448 計算確認:計算中
2020/03/03 13:14:37.477 計算確認:計算中
2020/03/03 13:14:47.492 計算確認:計算中
2020/03/03 13:14:57.495 計算確認:計算中
2020/03/03 13:15:08.508 計算確認:計算中
2020/03/03 13:15:18.522 計算確認:計算中
2020/03/03 13:15:28.555 計算確認:計算中
2020/03/03 13:15:38.584 計算確認:計算中
2020/03/03 13:15:48.629 計算確認:計算中
2020/03/03 13:15:58.640 計算確認:計算中
2020/03/03 13:16:08.651 計算確認:計算中
2020/03/03 13:16:19.647 計算確認:計算中
2020/03/03 13:16:29.676 計算確認:計算中
2020/03/03 13:16:39.718 計算確認:計算中
2020/03/03 13:16:49.712 計算確認:計算中
2020/03/03 13:17:00.712 計算確認:計算中
2020/03/03 13:17:10.727 計算確認:計算中
2020/03/03 13:17:21.713 計算確認:計算中
2020/03/03 13:17:32.733 計算確認:計算中
2020/03/03 13:17:43.714 計算確認:計算中
2020/03/03 13:17:53.732 計算確認:計算中
2020/03/03 13:18:04.735 計算確認:計算中
2020/03/03 13:18:15.733 計算確認:計算中
2020/03/03 13:18:25.754 計算確認:計算中
2020/03/03 13:18:36.721 計算確認:計算中
2020/03/03 13:18:46.722 計算確認:計算中
2020/03/03 13:18:57.733 計算確認:計算中
2020/03/03 13:19:08.730 計算確認:計算中
2020/03/03 13:19:18.719 計算確認:計算中
2020/03/03 13:19:28.719 計算確認:計算中
2020/03/03 13:19:39.729 計算確認:計算中
2020/03/03 13:19:50.726 計算確認:計算中
2020/03/03 13:20:00.731 計算確認:計算中
2020/03/03 13:20:11.745 計算確認:計算中
2020/03/03 13:20:22.733 計算確認:計算中
2020/03/03 13:20:33.738 計算確認:計算中
2020/03/03 13:20:44.727 計算確認:計算中
2020/03/03 13:20:54.732 計算確認:計算中
2020/03/03 13:21:05.737 計算確認:計算中
2020/03/03 13:21:15.737 計算確認:計算中
2020/03/03 13:21:26.735 計算確認:計算中
2020/03/03 13:21:37.708 計算確認:計算中
2020/03/03 13:21:47.743 計算確認:計算中
2020/03/03 13:21:58.724 計算確認:計算中
2020/03/03 13:22:09.730 計算確認:計算中
2020/03/03 13:22:20.734 計算確認:計算中
2020/03/03 13:22:31.729 計算確認:計算中
2020/03/03 13:22:42.740 計算確認:計算中
2020/03/03 13:22:53.718 計算確認:計算中
2020/03/03 13:23:03.723 計算確認:計算中
2020/03/03 13:23:14.725 計算確認:計算中
2020/03/03 13:23:25.717 計算確認:計算中
2020/03/03 13:23:35.741 計算確認:計算中
2020/03/03 13:23:45.716 計算確認:計算中
2020/03/03 13:23:56.706 計算確認:計算中
2020/03/03 13:24:06.708 計算確認:計算中
2020/03/03 13:24:17.718 計算確認:計算中
2020/03/03 13:24:28.729 計算確認:計算中
2020/03/03 13:24:39.719 計算確認:計算中
2020/03/03 13:24:49.704 計算確認:計算中
2020/03/03 13:24:59.716 計算確認:計算中
2020/03/03 13:25:10.706 計算確認:計算中
2020/03/03 13:25:20.717 計算確認:計算中
2020/03/03 13:25:31.707 計算確認:計算中
2020/03/03 13:25:41.712 計算確認:計算中
2020/03/03 13:25:52.708 計算確認:計算中
2020/03/03 13:26:02.716 計算確認:計算中
2020/03/03 13:26:12.714 計算確認:計算中
2020/03/03 13:26:23.715 計算確認:計算中
2020/03/03 13:26:34.714 計算確認:計算中
2020/03/03 13:26:45.710 計算確認:計算中
2020/03/03 13:26:56.717 計算確認:計算中
2020/03/03 13:27:07.717 計算確認:計算中
2020/03/03 13:27:18.710 計算確認:計算中
2020/03/03 13:27:29.715 計算確認:計算中
2020/03/03 13:27:40.704 計算確認:計算中
2020/03/03 13:27:50.711 計算確認:計算中
2020/03/03 13:28:00.714 計算確認:計算中
2020/03/03 13:28:11.719 計算確認:計算中
2020/03/03 13:28:21.717 計算確認:計算中
2020/03/03 13:28:32.717 計算確認:計算中
2020/03/03 13:28:42.723 計算確認:計算中
2020/03/03 13:28:53.715 計算確認:計算中
2020/03/03 13:29:03.729 計算確認:計算中
2020/03/03 13:29:13.722 計算確認:計算中
2020/03/03 13:29:24.719 計算確認:計算中
2020/03/03 13:29:34.723 計算確認:計算中
2020/03/03 13:29:45.716 計算確認:計算中
2020/03/03 13:29:56.719 計算確認:計算中
2020/03/03 13:30:07.723 計算確認:計算中
2020/03/03 13:30:18.716 計算確認:計算中
2020/03/03 13:30:28.719 計算確認:計算中
2020/03/03 13:30:38.737 計算確認:計算中
2020/03/03 13:30:49.716 計算確認:計算中
2020/03/03 13:30:59.715 計算確認:計算中
2020/03/03 13:31:09.715 計算確認:計算中
2020/03/03 13:31:19.727 計算確認:計算中
2020/03/03 13:31:30.718 計算確認:計算中
2020/03/03 13:31:41.721 計算確認:計算中
2020/03/03 13:31:52.712 計算確認:計算中
2020/03/03 13:32:02.718 計算確認:計算中
2020/03/03 13:32:12.727 計算確認:計算中
2020/03/03 13:32:23.713 計算確認:計算中
2020/03/03 13:32:33.734 計算確認:計算中
2020/03/03 13:32:44.731 計算確認:計算中
2020/03/03 13:32:55.731 計算確認:計算中
2020/03/03 13:33:05.732 計算確認:計算中
2020/03/03 13:33:15.733 計算確認:計算中
2020/03/03 13:33:26.735 計算確認:計算中
2020/03/03 13:33:37.734 計算確認:計算中
2020/03/03 13:33:48.737 計算確認:計算中
2020/03/03 13:33:59.740 計算確認:計算中
2020/03/03 13:34:10.742 計算確認:計算中
2020/03/03 13:34:21.732 計算確認:計算中
2020/03/03 13:34:32.744 計算確認:計算中
2020/03/03 13:34:42.729 計算確認:計算中
2020/03/03 13:34:52.748 計算確認:計算中
2020/03/03 13:35:03.752 計算確認:計算中
2020/03/03 13:35:14.748 計算確認:計算中
2020/03/03 13:35:24.748 計算確認:計算中
2020/03/03 13:35:35.742 計算確認:計算中
2020/03/03 13:35:45.730 計算確認:計算中
2020/03/03 13:35:55.732 計算確認:計算中
2020/03/03 13:36:05.742 計算確認:計算中
2020/03/03 13:36:15.754 計算確認:計算中
2020/03/03 13:36:26.741 計算確認:計算中
2020/03/03 13:36:36.744 計算確認:計算中
2020/03/03 13:36:46.748 計算確認:計算中
2020/03/03 13:36:57.748 計算確認:計算中
2020/03/03 13:37:08.742 計算確認:計算中
2020/03/03 13:37:19.745 計算確認:計算中
2020/03/03 13:37:30.746 計算確認:計算中
2020/03/03 13:37:41.741 計算確認:計算中
2020/03/03 13:37:51.746 計算確認:計算中
2020/03/03 13:38:01.762 計算確認:計算中
2020/03/03 13:38:12.750 計算確認:計算中
2020/03/03 13:38:22.734 計算確認:計算中
2020/03/03 13:38:32.736 計算確認:計算中
2020/03/03 13:38:43.730 計算確認:計算中
2020/03/03 13:38:53.787 計算確認:計算中
2020/03/03 13:39:04.735 計算確認:計算中
2020/03/03 13:39:14.737 計算確認:計算中
2020/03/03 13:39:24.739 計算確認:計算中
2020/03/03 13:39:34.745 計算確認:計算中
2020/03/03 13:39:45.759 計算確認:計算中
2020/03/03 13:39:56.740 計算確認:計算中
2020/03/03 13:40:07.741 計算確認:計算中
2020/03/03 13:40:17.740 計算確認:計算中
2020/03/03 13:40:28.740 計算確認:計算中
2020/03/03 13:40:39.741 計算確認:計算中
2020/03/03 13:40:49.727 計算確認:計算中
2020/03/03 13:40:59.729 計算確認:計算中
2020/03/03 13:41:10.747 計算確認:計算中
2020/03/03 13:41:21.737 計算確認:計算中
2020/03/03 13:41:31.756 計算確認:計算中
2020/03/03 13:41:42.736 計算確認:計算中
2020/03/03 13:41:52.745 計算確認:計算中
2020/03/03 13:42:03.743 計算確認:計算中
2020/03/03 13:42:14.739 計算確認:計算中
2020/03/03 13:42:25.736 計算確認:計算中
2020/03/03 13:42:35.737 計算確認:計算中
2020/03/03 13:42:46.734 計算確認:計算中
2020/03/03 13:42:56.741 計算確認:計算中
2020/03/03 13:43:07.740 計算確認:計算中
2020/03/03 13:43:18.761 計算確認:計算中
2020/03/03 13:43:28.741 計算確認:計算中
2020/03/03 13:43:39.730 計算確認:計算中
2020/03/03 13:43:50.723 計算確認:計算中
2020/03/03 13:44:01.733 計算確認:計算中
2020/03/03 13:44:12.750 計算確認:計算中
2020/03/03 13:44:23.748 計算確認:計算中
2020/03/03 13:44:33.736 計算確認:計算中
2020/03/03 13:44:43.768 計算確認:計算中
2020/03/03 13:44:53.783 計算確認:計算中
2020/03/03 13:45:04.767 計算確認:計算中
2020/03/03 13:45:14.767 計算確認:計算中
2020/03/03 13:45:25.779 計算確認:計算中
2020/03/03 13:45:35.782 計算確認:計算中
2020/03/03 13:45:46.778 計算確認:計算中
2020/03/03 13:45:57.764 計算確認:計算中
2020/03/03 13:46:08.773 計算確認:計算中
2020/03/03 13:46:18.766 計算確認:計算中
2020/03/03 13:46:28.764 計算確認:計算中
2020/03/03 13:46:38.768 計算確認:計算中
2020/03/03 13:46:48.785 計算確認:計算中
2020/03/03 13:46:59.762 計算確認:計算中
2020/03/03 13:47:10.759 計算確認:計算中
2020/03/03 13:47:20.770 計算確認:計算中
2020/03/03 13:47:31.775 計算確認:計算中
2020/03/03 13:47:41.772 計算確認:計算中
2020/03/03 13:47:52.764 計算確認:計算中
2020/03/03 13:48:03.765 計算確認:計算中
2020/03/03 13:48:14.765 計算確認:計算中
2020/03/03 13:48:25.782 計算確認:計算中
2020/03/03 13:48:36.782 計算確認:計算中
2020/03/03 13:48:47.802 計算確認:計算中
2020/03/03 13:48:58.777 計算確認:計算中
2020/03/03 13:49:08.780 計算確認:計算中
2020/03/03 13:49:19.776 計算確認:計算中
2020/03/03 13:49:29.779 計算確認:計算中
2020/03/03 13:49:39.779 計算確認:計算中
2020/03/03 13:49:50.781 計算確認:計算中
2020/03/03 13:50:00.779 計算確認:計算中
2020/03/03 13:50:10.776 計算確認:計算中
2020/03/03 13:50:21.775 計算確認:計算中
2020/03/03 13:50:31.779 計算確認:計算中
2020/03/03 13:50:42.779 計算確認:計算中
2020/03/03 13:50:52.781 計算確認:計算中
2020/03/03 13:51:03.782 計算確認:計算中
2020/03/03 13:51:14.781 計算確認:計算中
2020/03/03 13:51:24.795 計算確認:計算中
2020/03/03 13:51:35.782 計算確認:計算中
2020/03/03 13:51:46.773 計算確認:計算中
2020/03/03 13:51:56.777 計算確認:計算中
2020/03/03 13:52:07.781 計算確認:計算中
2020/03/03 13:52:18.761 計算確認:計算中
2020/03/03 13:52:28.779 計算確認:計算中
2020/03/03 13:52:38.783 計算確認:計算中
2020/03/03 13:52:49.776 計算確認:計算中
2020/03/03 13:52:59.775 計算確認:計算中
2020/03/03 13:53:10.780 計算確認:計算中
2020/03/03 13:53:20.769 計算確認:計算中
2020/03/03 13:53:31.777 計算確認:計算中
2020/03/03 13:53:41.778 計算確認:計算中
2020/03/03 13:53:51.783 計算確認:計算中
2020/03/03 13:54:01.781 計算確認:計算中
2020/03/03 13:54:12.777 計算確認:計算中
2020/03/03 13:54:22.781 計算確認:計算中
2020/03/03 13:54:32.783 計算確認:計算中
2020/03/03 13:54:43.776 計算確認:計算中
2020/03/03 13:54:53.774 計算確認:計算中
2020/03/03 13:55:04.777 計算確認:計算中
2020/03/03 13:55:15.769 計算確認:計算中
2020/03/03 13:55:25.775 計算確認:計算中
2020/03/03 13:55:36.771 計算確認:計算中
2020/03/03 13:55:47.771 計算確認:計算中
2020/03/03 13:55:58.772 計算確認:計算中
2020/03/03 13:56:08.770 計算確認:計算中
2020/03/03 13:56:19.774 計算確認:計算中
2020/03/03 13:56:30.770 計算確認:計算中
2020/03/03 13:56:40.776 計算確認:計算中
2020/03/03 13:56:51.770 計算確認:計算中
2020/03/03 13:57:02.755 計算確認:計算中
2020/03/03 13:57:12.771 計算確認:計算中
2020/03/03 13:57:22.759 計算確認:計算中
2020/03/03 13:57:33.758 計算確認:計算中
2020/03/03 13:57:44.767 計算確認:計算中
2020/03/03 13:57:55.771 計算確認:計算中
2020/03/03 13:58:06.775 計算確認:計算中
2020/03/03 13:58:17.777 計算確認:計算中
2020/03/03 13:58:27.778 計算確認:計算中
2020/03/03 13:58:38.778 計算確認:計算中
2020/03/03 13:58:48.763 計算確認:計算中
2020/03/03 13:58:58.772 計算確認:計算中
2020/03/03 13:59:08.771 計算確認:計算中
2020/03/03 13:59:19.774 計算確認:計算中
2020/03/03 13:59:29.772 計算確認:計算中
2020/03/03 13:59:40.768 計算確認:計算中
2020/03/03 13:59:51.785 計算確認:計算中
2020/03/03 14:00:02.780 計算確認:計算中
2020/03/03 14:00:12.781 計算確認:計算中
2020/03/03 14:00:23.777 計算確認:計算中
2020/03/03 14:00:34.780 計算確認:計算中
2020/03/03 14:00:44.781 計算確認:計算中
2020/03/03 14:00:55.780 計算確認:計算中
2020/03/03 14:01:05.781 計算確認:計算中
2020/03/03 14:01:15.785 計算確認:計算中
2020/03/03 14:01:26.777 計算確認:計算中
2020/03/03 14:01:37.779 計算確認:計算中
2020/03/03 14:01:48.779 計算確認:計算中
2020/03/03 14:01:58.806 計算確認:計算中
2020/03/03 14:02:09.789 計算確認:計算中
2020/03/03 14:02:19.789 計算確認:計算中
2020/03/03 14:02:29.793 計算確認:計算中
2020/03/03 14:02:39.797 計算確認:計算中
2020/03/03 14:02:49.784 計算確認:計算中
2020/03/03 14:03:00.798 計算確認:計算中
2020/03/03 14:03:11.797 計算確認:計算中
2020/03/03 14:03:21.803 計算確認:計算中
2020/03/03 14:03:31.802 計算確認:計算中
2020/03/03 14:03:42.790 計算確認:計算中
2020/03/03 14:03:52.791 計算確認:計算中
2020/03/03 14:04:02.810 計算確認:計算中
2020/03/03 14:04:12.793 計算確認:計算中
2020/03/03 14:04:23.792 計算確認:計算中
2020/03/03 14:04:33.791 計算確認:計算中
2020/03/03 14:04:43.795 計算確認:計算中
2020/03/03 14:04:53.798 計算確認:計算中
2020/03/03 14:05:03.802 計算確認:計算中
2020/03/03 14:05:14.793 計算確認:計算中
2020/03/03 14:05:24.791 計算確認:計算中
2020/03/03 14:05:34.813 計算確認:計算中
2020/03/03 14:05:45.791 計算確認:計算中
2020/03/03 14:05:55.798 計算確認:計算中
2020/03/03 14:06:05.793 計算確認:計算中
2020/03/03 14:06:16.799 計算確認:計算中
2020/03/03 14:06:27.796 計算確認:計算中
2020/03/03 14:06:37.800 計算確認:計算中
2020/03/03 14:06:48.789 計算確認:計算中
2020/03/03 14:06:58.796 計算確認:計算中
2020/03/03 14:07:09.794 計算確認:計算中
2020/03/03 14:07:20.807 計算確認:計算中
2020/03/03 14:07:30.794 計算確認:計算中
2020/03/03 14:07:41.796 計算確認:計算中
2020/03/03 14:07:51.793 計算確認:計算中
2020/03/03 14:08:02.801 計算確認:計算中
2020/03/03 14:08:13.798 計算確認:計算中
2020/03/03 14:08:24.796 計算確認:計算中
2020/03/03 14:08:35.796 計算確認:計算中
2020/03/03 14:08:45.798 計算確認:計算中
2020/03/03 14:08:56.793 計算確認:計算中
2020/03/03 14:09:06.791 計算確認:計算中
2020/03/03 14:09:17.785 計算確認:計算中
2020/03/03 14:09:28.794 計算確認:計算中
2020/03/03 14:09:38.801 計算確認:計算中
2020/03/03 14:09:49.802 計算確認:計算中
2020/03/03 14:09:59.800 計算確認:計算中
2020/03/03 14:10:10.793 計算確認:計算中
2020/03/03 14:10:20.800 計算確認:計算中
2020/03/03 14:10:31.793 計算確認:計算中
2020/03/03 14:10:42.822 計算確認:計算中
2020/03/03 14:10:53.801 計算確認:計算中
2020/03/03 14:11:04.781 計算確認:計算中
2020/03/03 14:11:14.792 計算確認:計算中
2020/03/03 14:11:25.790 計算確認:計算中
2020/03/03 14:11:36.783 計算確認:計算中
2020/03/03 14:11:47.783 計算確認:計算中
2020/03/03 14:11:57.785 計算確認:計算中
2020/03/03 14:12:08.780 計算確認:計算中
2020/03/03 14:12:18.789 計算確認:計算中
2020/03/03 14:12:29.785 計算確認:計算中
2020/03/03 14:12:39.799 計算確認:計算中
2020/03/03 14:12:50.790 計算確認:計算中
2020/03/03 14:13:01.790 計算確認:計算中
2020/03/03 14:13:12.774 計算確認:計算中
2020/03/03 14:13:23.787 計算確認:計算中
2020/03/03 14:13:34.792 計算確認:計算中
2020/03/03 14:13:45.783 計算確認:計算中
2020/03/03 14:13:55.789 計算確認:計算中
2020/03/03 14:14:05.790 計算確認:計算中
2020/03/03 14:14:16.786 計算確認:計算中
2020/03/03 14:14:27.796 計算確認:計算中
2020/03/03 14:14:38.785 計算確認:計算中
2020/03/03 14:14:48.789 計算確認:計算中
2020/03/03 14:14:59.787 計算確認:計算中
2020/03/03 14:15:09.789 計算確認:計算中
2020/03/03 14:15:20.784 計算確認:計算中
2020/03/03 14:15:30.785 計算確認:計算中
2020/03/03 14:15:40.796 計算確認:計算中
2020/03/03 14:15:50.797 計算確認:計算中
2020/03/03 14:16:01.814 計算確認:計算中
2020/03/03 14:16:12.790 計算確認:計算中
2020/03/03 14:16:22.792 計算確認:計算中
2020/03/03 14:16:32.793 計算確認:計算中
2020/03/03 14:16:43.801 計算確認:計算中
2020/03/03 14:16:53.800 計算確認:計算中
2020/03/03 14:17:03.795 計算確認:計算中
2020/03/03 14:17:14.789 計算確認:計算中
2020/03/03 14:17:24.790 計算確認:計算中
2020/03/03 14:17:35.793 計算確認:計算中
2020/03/03 14:17:45.792 計算確認:計算中
2020/03/03 14:17:55.804 計算確認:計算中
2020/03/03 14:18:06.789 計算確認:計算中
2020/03/03 14:18:16.799 計算確認:計算中
2020/03/03 14:18:26.799 計算確認:計算中
2020/03/03 14:18:37.786 計算確認:計算中
2020/03/03 14:18:48.791 計算確認:計算中
2020/03/03 14:18:59.797 計算確認:計算中
2020/03/03 14:19:10.789 計算確認:計算中
2020/03/03 14:19:20.809 計算確認:計算中
2020/03/03 14:19:31.792 計算確認:計算中
2020/03/03 14:19:42.790 計算確認:計算中
2020/03/03 14:19:53.799 計算確認:計算中
2020/03/03 14:20:04.798 計算確認:計算中
2020/03/03 14:20:14.795 計算確認:計算中
2020/03/03 14:20:24.801 計算確認:計算中
2020/03/03 14:20:35.782 計算確認:計算中
2020/03/03 14:20:45.798 計算確認:計算中
2020/03/03 14:20:56.806 計算確認:計算中
2020/03/03 14:21:06.790 計算確認:計算中
2020/03/03 14:21:17.791 計算確認:計算中
2020/03/03 14:21:27.798 計算確認:計算中
2020/03/03 14:21:38.798 計算確認:計算中
2020/03/03 14:21:48.775 計算確認:計算中
2020/03/03 14:21:59.795 計算確認:計算中
2020/03/03 14:22:09.796 計算確認:計算中
2020/03/03 14:22:20.799 計算確認:計算中
2020/03/03 14:22:31.792 計算確認:計算中
2020/03/03 14:22:41.808 計算確認:計算中
2020/03/03 14:22:52.796 計算確認:計算中
2020/03/03 14:23:03.790 計算確認:計算中
2020/03/03 14:23:13.792 計算確認:計算中
2020/03/03 14:23:23.797 計算確認:計算中
2020/03/03 14:23:34.791 計算確認:計算中
2020/03/03 14:23:44.798 計算確認:計算中
2020/03/03 14:23:55.802 計算確認:計算中
2020/03/03 14:24:05.798 計算確認:計算中
2020/03/03 14:24:16.791 計算確認:計算中
2020/03/03 14:24:26.808 計算確認:計算中
2020/03/03 14:24:37.793 計算確認:計算中
2020/03/03 14:24:48.793 計算確認:計算中
2020/03/03 14:24:58.791 計算確認:計算中
2020/03/03 14:25:08.800 計算確認:計算中
2020/03/03 14:25:19.792 計算確認:計算中
2020/03/03 14:25:29.791 計算確認:計算中
2020/03/03 14:25:39.799 計算確認:計算中
2020/03/03 14:25:50.797 計算確認:計算中
2020/03/03 14:26:01.817 計算確認:計算中
2020/03/03 14:26:12.779 計算確認:計算中
2020/03/03 14:26:22.806 計算確認:計算中
2020/03/03 14:26:33.794 計算確認:計算中
2020/03/03 14:26:44.788 計算確認:計算中
2020/03/03 14:26:55.789 計算確認:計算中
2020/03/03 14:27:06.771 計算確認:計算中
2020/03/03 14:27:16.790 計算確認:計算中
2020/03/03 14:45:59.405 start
2020/03/03 14:46:00.614 計算確認:計算中
2020/03/03 14:46:11.581 計算確認:計算中
2020/03/03 14:46:22.619 計算確認:計算中
2020/03/03 14:46:33.587 計算確認:計算中
2020/03/03 14:46:43.591 計算確認:計算中
2020/03/03 14:46:48.712 処理開始
2020/03/03 14:47:46.807 MiraiShareServer_deleteAllDemands():終了
2020/03/03 14:47:46.867 finishDemandRequest():終了
2020/03/03 14:47:47.460 [乗車]位置が拒否されました。スキップします。2020/02/14 0:00:00, 愛知県海部郡蟹江町
, 11時, LatLng=35.131843,136.78751
2020/03/03 14:47:51.156 [乗車]位置が拒否されました。スキップします。2020/03/04 7:05:00, , , LatLng=35.2483643467131,137.01415004414
2020/03/03 14:47:53.608 [乗車]位置が拒否されました。スキップします。2020/03/04 8:00:00, , , LatLng=35.1764837380266,137.047983877917
2020/03/03 14:47:53.987 [乗車]位置が拒否されました。スキップします。2020/03/04 8:00:00, , , LatLng=35.178316701567,137.038040174929
2020/03/03 14:47:54.357 [乗車]位置が拒否されました。スキップします。2020/03/04 8:00:00, , , LatLng=35.3742907365079,136.751749371551
2020/03/03 14:47:59.865 [乗車]位置が拒否されました。スキップします。2020/03/04 8:40:00, , , LatLng=35.1874270055457,137.047622292836
2020/03/03 14:48:03.632 [降車]位置が拒否されました。スキップします。2020/03/04 9:00:00, , , LatLng=35.1907877765602,137.048733156902
2020/03/03 14:48:05.970 import予約():終了
2020/03/03 14:48:06.006 insertTaskList():終了
2020/03/03 14:48:20.445 MiraiShareServer_demandRegist():終了
2020/03/03 14:48:20.664 MiraiShareServer_calc_execute():終了
2020/03/03 14:48:20.752 updateTaskList():終了
2020/03/03 14:48:20.763 計算開始
2020/03/03 14:48:20.799 計算確認:計算中
2020/03/03 14:48:31.566 計算確認:計算中
2020/03/03 14:48:41.566 計算確認:計算中
2020/03/03 14:48:51.603 計算確認:計算中
2020/03/03 14:49:02.598 計算確認:計算中
2020/03/03 14:49:12.585 計算確認:計算中
2020/03/03 14:49:22.656 計算確認:計算中
2020/03/03 14:49:33.661 計算確認:計算中
2020/03/03 14:49:43.687 計算確認:計算中
2020/03/03 14:49:54.675 計算確認:計算中
2020/03/03 14:50:04.693 計算確認:計算中
2020/03/03 14:54:41.282 start
2020/03/03 14:54:42.463 計算確認:計算中
2020/03/03 14:54:53.448 計算確認:計算中
2020/03/03 14:55:04.439 計算確認:計算中
2020/03/03 14:55:15.432 計算確認:計算中
2020/03/03 14:55:25.437 計算確認:計算中
2020/03/03 14:55:35.436 計算確認:計算中
2020/03/03 14:55:46.438 計算確認:計算中
2020/03/03 14:55:56.438 計算確認:計算中
2020/03/03 14:56:07.436 計算確認:計算中
2020/03/03 14:56:18.430 計算確認:計算中
2020/03/03 14:56:28.451 計算確認:計算中
2020/03/03 14:56:38.487 計算確認:計算中
2020/03/03 14:56:48.501 計算確認:計算中
2020/03/03 14:56:58.492 計算確認:計算中
2020/03/03 14:57:09.488 計算確認:計算中
2020/03/03 14:57:19.505 計算確認:計算中
2020/03/03 14:57:29.493 計算確認:計算中
2020/03/03 14:57:40.501 計算確認:計算中
2020/03/03 14:57:48.298 start
2020/03/03 14:57:49.490 計算確認:計算中
2020/03/03 14:57:55.411 処理開始
2020/03/03 14:58:14.976 MiraiShareServer_deleteAllDemands():終了
2020/03/03 14:58:15.036 finishDemandRequest():終了
2020/03/03 14:59:48.327 [乗車]位置が拒否されました。スキップします。2020/02/14 0:00:00, 愛知県海部郡蟹江町
, 11時, LatLng=35.131843,136.78751
2020/03/03 14:59:52.203 [乗車]位置が拒否されました。スキップします。2020/03/04 7:05:00, , , LatLng=35.2483643467131,137.01415004414
2020/03/03 14:59:54.588 [乗車]位置が拒否されました。スキップします。2020/03/04 8:00:00, , , LatLng=35.1764837380266,137.047983877917
2020/03/03 14:59:54.987 [乗車]位置が拒否されました。スキップします。2020/03/04 8:00:00, , , LatLng=35.178316701567,137.038040174929
2020/03/03 14:59:55.356 [乗車]位置が拒否されました。スキップします。2020/03/04 8:00:00, , , LatLng=35.3742907365079,136.751749371551
2020/03/03 15:00:00.889 [乗車]位置が拒否されました。スキップします。2020/03/04 8:40:00, , , LatLng=35.1874270055457,137.047622292836
2020/03/03 15:00:05.185 [降車]位置が拒否されました。スキップします。2020/03/04 9:00:00, , , LatLng=35.1907877765602,137.048733156902
2020/03/03 15:00:07.665 import予約():終了
2020/03/03 15:00:07.702 insertTaskList():終了
2020/03/03 15:00:07.743 MiraiShareServer_demandRegist():終了
2020/03/03 15:00:07.900 MiraiShareServer_calc_execute():終了
2020/03/03 15:00:07.935 updateTaskList():終了
2020/03/03 15:00:07.945 計算開始
2020/03/03 15:00:08.736 計算確認:計算失敗
2020/03/03 15:00:08.772 finishDemandRequest():失敗;計算失敗
2020/03/03 15:00:08.801 計算失敗:status=計算失敗
2020/03/03 15:03:16.469 start
2020/03/03 16:46:26.477 start
2020/03/03 16:50:14.511 処理開始
2020/03/03 16:50:34.613 MiraiShareServer_deleteAllDemands():終了
2020/03/03 16:50:34.671 finishDemandRequest():終了
2020/03/03 16:56:56.368 [乗車]位置が拒否されました。スキップします。2020/02/14 0:00:00, 愛知県海部郡蟹江町
, 11時, LatLng=35.131843,136.78751
2020/03/03 17:14:42.947 [乗車]位置が拒否されました。スキップします。2020/03/04 7:05:00, , , LatLng=35.2483643467131,137.01415004414
2020/03/03 17:14:45.122 [乗車]位置が拒否されました。スキップします。2020/03/04 8:00:00, , , LatLng=35.1764837380266,137.047983877917
2020/03/03 17:14:45.463 [乗車]位置が拒否されました。スキップします。2020/03/04 8:00:00, , , LatLng=35.178316701567,137.038040174929
2020/03/03 17:14:46.085 [乗車]位置が拒否されました。スキップします。2020/03/04 8:00:00, , , LatLng=35.3742907365079,136.751749371551
2020/03/03 17:14:50.759 [乗車]位置が拒否されました。スキップします。2020/03/04 8:40:00, , , LatLng=35.1874270055457,137.047622292836
2020/03/03 17:14:54.001 [降車]位置が拒否されました。スキップします。2020/03/04 9:00:00, , , LatLng=35.1907877765602,137.048733156902
2020/03/03 17:14:56.052 import予約():終了
2020/03/03 17:14:56.088 insertTaskList():終了
2020/03/03 17:15:06.230 MiraiShareServer_demandRegist():終了
2020/03/03 17:15:06.468 MiraiShareServer_calc_execute():終了
2020/03/03 17:15:06.510 updateTaskList():終了
2020/03/03 17:15:06.539 計算開始
2020/03/03 17:15:07.563 計算確認:計算中
2020/03/03 17:15:18.557 計算確認:計算中
2020/03/03 17:15:28.560 計算確認:計算中
2020/03/03 17:15:38.572 計算確認:計算中
2020/03/03 17:15:49.569 計算確認:計算中
2020/03/03 17:15:59.570 計算確認:計算中
2020/03/03 17:16:10.571 計算確認:計算中
2020/03/03 17:16:21.567 計算確認:計算中
2020/03/03 17:16:31.569 計算確認:計算中
2020/03/03 17:16:42.567 計算確認:計算中
2020/03/03 17:16:53.564 計算確認:計算中
2020/03/03 17:17:03.567 計算確認:計算中
2020/03/03 17:17:14.570 計算確認:計算中
2020/03/03 17:17:25.566 計算確認:計算中
2020/03/03 17:17:36.560 計算確認:計算中
2020/03/03 17:17:46.567 計算確認:計算中
2020/03/03 17:17:57.566 計算確認:計算中
2020/03/03 17:18:08.565 計算確認:計算中
2020/03/03 17:18:19.569 計算確認:計算中
2020/03/03 17:18:30.561 計算確認:計算中
2020/03/03 17:18:41.563 計算確認:計算中
2020/03/03 17:18:51.565 計算確認:計算中
2020/03/03 17:19:01.568 計算確認:計算中
2020/03/03 17:19:11.569 計算確認:計算中
2020/03/03 17:19:22.564 計算確認:計算中
2020/03/03 17:19:32.566 計算確認:計算中
2020/03/03 17:19:43.582 計算確認:計算中
2020/03/03 17:19:54.563 計算確認:計算中
2020/03/03 17:20:04.562 計算確認:計算中
2020/03/03 17:20:14.561 計算確認:計算中
2020/03/03 17:20:25.560 計算確認:計算中
2020/03/03 17:20:35.559 計算確認:計算中
2020/03/03 17:20:46.559 計算確認:計算中
2020/03/03 17:20:56.560 計算確認:計算中
2020/03/03 17:21:07.555 計算確認:計算中
2020/03/03 17:21:18.560 計算確認:計算中
2020/03/03 17:21:29.554 計算確認:計算中
2020/03/03 17:21:39.555 計算確認:計算中
2020/03/03 17:21:50.554 計算確認:計算中
2020/03/03 17:22:00.561 計算確認:計算中
2020/03/03 17:22:11.556 計算確認:計算中
2020/03/03 17:22:21.560 計算確認:計算中
2020/03/03 17:22:32.553 計算確認:計算中
2020/03/03 17:22:42.558 計算確認:計算中
2020/03/03 17:22:53.555 計算確認:計算中
2020/03/03 17:23:03.560 計算確認:計算中
2020/03/03 17:23:14.559 計算確認:計算中
2020/03/03 17:23:25.552 計算確認:計算中
2020/03/03 17:23:36.554 計算確認:計算中
2020/03/03 17:23:46.554 計算確認:計算中
2020/03/03 17:23:56.721 計算確認:計算中
2020/03/03 17:24:05.302 start
2020/03/03 17:24:06.511 計算確認:計算中
2020/03/03 17:24:17.491 計算確認:計算中
2020/03/03 17:24:28.487 計算確認:計算中
2020/03/03 17:24:38.303 処理開始
2020/03/03 17:24:43.254 MiraiShareServer_deleteAllDemands():終了
2020/03/03 17:24:43.331 finishDemandRequest():終了
2020/03/03 17:24:43.789 [乗車]位置が拒否されました。スキップします。2020/02/14 0:00:00, 愛知県海部郡蟹江町
, 11時, LatLng=35.131843,136.78751
2020/03/03 17:24:56.803 start
2020/03/03 17:24:57.980 計算確認:計算中
2020/03/03 17:25:08.972 計算確認:計算中
2020/03/03 17:25:12.128 処理開始
2020/03/03 17:25:12.573 MiraiShareServer_deleteAllDemands():終了
2020/03/03 17:25:12.631 finishDemandRequest():終了
2020/03/03 17:25:13.114 [乗車]位置が拒否されました。スキップします。2020/02/14 0:00:00, 愛知県海部郡蟹江町
, 11時, LatLng=35.131843,136.78751
2020/03/03 17:25:16.817 [乗車]位置が拒否されました。スキップします。2020/03/04 7:05:00, , , LatLng=35.2483643467131,137.01415004414
2020/03/03 17:25:19.513 [乗車]位置が拒否されました。スキップします。2020/03/04 8:00:00, , , LatLng=35.1764837380266,137.047983877917
2020/03/03 17:25:19.953 [乗車]位置が拒否されました。スキップします。2020/03/04 8:00:00, , , LatLng=35.178316701567,137.038040174929
2020/03/03 17:25:20.352 [乗車]位置が拒否されました。スキップします。2020/03/04 8:00:00, , , LatLng=35.3742907365079,136.751749371551
2020/03/03 17:25:25.801 [乗車]位置が拒否されました。スキップします。2020/03/04 8:40:00, , , LatLng=35.1874270055457,137.047622292836
2020/03/03 17:25:29.405 [降車]位置が拒否されました。スキップします。2020/03/04 9:00:00, , , LatLng=35.1907877765602,137.048733156902
2020/03/03 17:25:31.879 import予約():終了
2020/03/03 17:25:31.915 insertTaskList():終了
2020/03/03 17:25:46.584 MiraiShareServer_demandRegist():終了
2020/03/03 17:25:46.841 MiraiShareServer_calc_execute():終了
2020/03/03 17:25:46.885 updateTaskList():終了
2020/03/03 17:25:46.896 計算開始
2020/03/03 17:25:46.938 計算確認:計算中
2020/03/03 17:25:56.979 計算確認:計算中
2020/03/03 17:26:07.977 計算確認:計算中
2020/03/03 17:26:17.978 計算確認:計算中
2020/03/03 17:26:28.986 計算確認:計算中
2020/03/03 17:26:38.985 計算確認:計算中
2020/03/03 17:26:49.986 計算確認:計算中
2020/03/03 17:27:00.980 計算確認:計算中
2020/03/03 17:27:10.979 計算確認:計算中
2020/03/03 17:27:21.969 計算確認:計算中
2020/03/03 17:27:31.979 計算確認:計算中
2020/03/03 17:27:42.971 計算確認:計算中
2020/03/03 17:27:52.978 計算確認:計算中
2020/03/03 17:28:03.970 計算確認:計算中
2020/03/03 17:28:13.978 計算確認:計算中
2020/03/03 17:28:24.971 計算確認:計算中
2020/03/03 17:28:34.987 計算確認:計算中
2020/03/03 17:28:44.981 計算確認:計算中
2020/03/03 17:28:55.985 計算確認:計算中
2020/03/03 17:29:05.983 計算確認:計算中
2020/03/03 17:29:16.983 計算確認:計算中
2020/03/03 17:29:27.980 計算確認:計算中
2020/03/03 17:29:37.990 計算確認:計算中
2020/03/03 17:29:47.983 計算確認:計算中
2020/03/03 17:29:58.985 計算確認:計算中
2020/03/03 17:30:09.979 計算確認:計算中
2020/03/03 17:30:19.987 計算確認:計算中
2020/03/03 17:30:30.980 計算確認:計算中
2020/03/03 17:30:40.987 計算確認:計算中
2020/03/03 17:30:50.987 計算確認:計算中
2020/03/03 17:31:01.983 計算確認:計算中
2020/03/03 17:31:12.964 計算確認:計算中
2020/03/03 17:31:22.972 計算確認:計算中
2020/03/03 17:31:32.976 計算確認:計算中
2020/03/03 17:31:43.976 計算確認:計算中
2020/03/03 17:31:54.969 計算確認:計算中
2020/03/03 17:32:04.981 計算確認:計算中
2020/03/03 17:34:47.955 start
2020/03/03 17:34:49.161 計算確認:計算中
2020/03/03 17:35:00.127 計算確認:計算中
