2020/04/02 16:46:17.540 start
2020/04/02 16:46:39.913 処理開始
2020/04/02 16:46:45.183 MiraiShareServer_deleteAllDemands():終了
2020/04/02 16:46:45.246 finishDemandRequest():終了
2020/04/02 16:46:45.285 inport予約():失敗:予約データがありません
2020/04/02 16:51:25.915 処理開始
2020/04/02 16:51:26.128 MiraiShareServer_deleteAllDemands():終了
2020/04/02 16:51:26.175 finishDemandRequest():終了
2020/04/02 16:51:30.355 import予約():終了
2020/04/02 16:51:30.403 insertTaskList():終了
2020/04/02 16:51:35.134 MiraiShareServer_demandRegist():終了
2020/04/02 16:51:35.613 MiraiShareServer_calc_execute():終了
2020/04/02 16:51:35.660 updateTaskList():終了
2020/04/02 16:51:35.669 計算開始
2020/04/02 16:51:37.120 計算確認:計算失敗
2020/04/02 16:51:37.181 finishDemandRequest():失敗;計算失敗
2020/04/02 16:51:37.202 計算失敗:status=計算失敗
2020/04/02 17:06:18.720 処理開始
2020/04/02 17:06:24.596 MiraiShareServer_deleteAllDemands():終了
2020/04/02 17:06:24.647 finishDemandRequest():終了
2020/04/02 17:06:28.784 import予約():終了
2020/04/02 17:06:28.838 insertTaskList():終了
2020/04/02 17:06:33.564 MiraiShareServer_demandRegist():終了
2020/04/02 17:06:33.974 MiraiShareServer_calc_execute():終了
2020/04/02 17:06:34.013 updateTaskList():終了
2020/04/02 17:06:34.023 計算開始
2020/04/02 17:06:35.530 計算確認:計算失敗
2020/04/02 17:06:35.569 finishDemandRequest():失敗;計算失敗
2020/04/02 17:06:35.597 計算失敗:status=計算失敗
