2020/03/31 09:19:26.134 start
2020/03/31 11:21:09.950 start
2020/03/31 11:21:58.285 処理開始
2020/03/31 11:22:10.918 MiraiShareServer_deleteAllDemands():終了
2020/03/31 11:22:10.989 finishDemandRequest():終了
2020/03/31 11:22:13.701 import予約():終了
2020/03/31 11:22:13.737 insertTaskList():終了
2020/03/31 11:22:16.943 MiraiShareServer_demandRegist():終了
2020/03/31 11:22:17.320 MiraiShareServer_calc_execute():終了
2020/03/31 11:22:17.389 updateTaskList():終了
2020/03/31 11:22:17.396 計算開始
2020/03/31 11:22:18.809 計算確認:計算失敗
2020/03/31 11:22:18.869 finishDemandRequest():失敗;計算失敗
2020/03/31 11:22:18.892 計算失敗:status=計算失敗
2020/03/31 11:34:38.460 処理開始
2020/03/31 11:34:43.873 MiraiShareServer_deleteAllDemands():終了
2020/03/31 11:34:43.952 finishDemandRequest():終了
2020/03/31 11:34:46.618 import予約():終了
2020/03/31 11:34:46.654 insertTaskList():終了
2020/03/31 11:34:49.734 MiraiShareServer_demandRegist():終了
2020/03/31 11:34:50.121 MiraiShareServer_calc_execute():終了
2020/03/31 11:34:50.195 updateTaskList():終了
2020/03/31 11:34:50.217 計算開始
2020/03/31 11:35:29.127 計算確認:計算失敗
2020/03/31 11:35:29.167 finishDemandRequest():失敗;計算失敗
2020/03/31 11:35:29.190 計算失敗:status=計算失敗
