2020/05/11 16:35:49.094 start
2020/05/11 16:37:25.621 処理開始
2020/05/11 16:37:27.002 MiraiShareServer_deleteAllDemands():終了
2020/05/11 16:37:27.050 finishDemandRequest():終了
2020/05/11 16:37:30.666 import予約():終了
2020/05/11 16:37:30.705 insertTaskList():終了
2020/05/11 16:41:04.598 MiraiShareServer_demandRegist():終了
2020/05/11 16:41:04.796 MiraiShareServer_calc_execute():終了
2020/05/11 16:41:04.832 updateTaskList():終了
2020/05/11 16:41:04.841 計算開始
2020/05/11 16:42:07.908 計算確認:計算中
2020/05/11 16:42:08.231 計算確認:計算中
2020/05/11 16:42:19.176 計算確認:計算中
2020/05/11 16:42:29.212 計算確認:計算中
2020/05/11 16:42:40.177 計算確認:計算中
2020/05/11 16:42:51.180 計算確認:計算中
2020/05/11 16:43:01.169 計算確認:計算中
2020/05/11 16:43:11.241 計算確認:計算中
2020/05/11 16:43:21.186 計算確認:計算中
2020/05/11 16:43:31.188 計算確認:計算中
2020/05/11 16:43:41.194 計算確認:計算中
2020/05/11 16:43:51.190 計算確認:計算中
2020/05/11 16:44:01.171 計算確認:計算中
2020/05/11 16:44:12.188 計算確認:計算中
2020/05/11 16:44:23.199 計算確認:計算中
2020/05/11 16:44:33.185 計算確認:計算中
2020/05/11 16:44:44.175 計算確認:計算中
2020/05/11 16:44:55.191 計算確認:計算中
2020/05/11 16:45:05.203 計算確認:計算中
2020/05/11 16:45:16.214 計算確認:計算中
2020/05/11 16:45:27.195 計算確認:計算中
2020/05/11 16:45:37.154 計算確認:計算中
2020/05/11 16:45:47.184 計算確認:計算中
2020/05/11 16:45:58.183 計算確認:計算中
2020/05/11 16:46:08.224 計算確認:計算中
2020/05/11 16:46:18.201 計算確認:計算中
2020/05/11 16:46:29.207 計算確認:計算中
2020/05/11 16:46:39.210 計算確認:計算中
2020/05/11 16:46:50.219 計算確認:計算中
2020/05/11 16:47:00.236 計算確認:計算中
2020/05/11 16:47:10.220 計算確認:計算中
2020/05/11 16:47:21.247 計算確認:計算中
2020/05/11 16:47:31.260 計算確認:計算中
2020/05/11 16:47:41.284 計算確認:計算中
2020/05/11 16:47:52.242 計算確認:計算中
2020/05/11 16:48:03.224 計算確認:計算中
2020/05/11 16:48:14.216 計算確認:計算中
2020/05/11 16:48:25.269 計算確認:計算中
2020/05/11 16:48:36.238 計算確認:計算中
2020/05/11 16:48:47.199 計算確認:計算中
2020/05/11 16:48:57.214 計算確認:計算中
2020/05/11 16:49:07.264 計算確認:計算中
2020/05/11 16:49:18.275 計算確認:計算中
2020/05/11 16:49:28.352 計算確認:計算中
2020/05/11 16:49:39.244 計算確認:計算中
2020/05/11 16:49:50.204 計算確認:計算中
2020/05/11 16:50:01.237 計算確認:計算中
2020/05/11 16:50:11.212 計算確認:計算中
2020/05/11 16:50:21.225 計算確認:計算中
2020/05/11 16:50:32.223 計算確認:計算中
2020/05/11 16:50:43.229 計算確認:計算中
2020/05/11 16:50:53.212 計算確認:計算中
2020/05/11 16:51:03.224 計算確認:計算中
2020/05/11 16:51:14.254 計算確認:計算中
2020/05/11 16:51:24.217 計算確認:計算中
2020/05/11 16:51:35.252 計算確認:計算中
2020/05/11 16:51:45.210 計算確認:計算中
2020/05/11 16:51:55.307 計算確認:計算中
2020/05/11 16:52:06.228 計算確認:計算中
2020/05/11 16:52:16.257 計算確認:計算中
2020/05/11 16:52:27.286 計算確認:計算中
2020/05/11 16:52:38.279 計算確認:計算中
2020/05/11 16:52:48.277 計算確認:計算中
2020/05/11 16:52:59.273 計算確認:計算中
2020/05/11 16:53:10.260 計算確認:計算中
2020/05/11 16:53:20.273 計算確認:計算中
2020/05/11 16:53:30.261 計算確認:計算中
2020/05/11 16:53:41.226 計算確認:計算中
2020/05/11 16:53:52.259 計算確認:計算中
2020/05/11 16:54:02.202 計算確認:計算中
2020/05/11 16:54:13.247 計算確認:計算中
2020/05/11 16:54:24.256 計算確認:計算中
2020/05/11 16:54:35.235 計算確認:計算中
2020/05/11 16:54:46.208 計算確認:計算中
2020/05/11 16:54:57.270 計算確認:計算中
2020/05/11 16:55:08.225 計算確認:計算中
2020/05/11 16:55:19.216 計算確認:計算中
2020/05/11 16:55:30.235 計算確認:計算中
2020/05/11 16:55:40.228 計算確認:計算中
2020/05/11 16:55:51.249 計算確認:計算中
2020/05/11 16:56:01.294 計算確認:計算中
2020/05/11 16:56:12.245 計算確認:計算中
2020/05/11 16:56:22.259 計算確認:計算中
2020/05/11 16:56:33.227 計算確認:計算中
2020/05/11 16:56:43.191 計算確認:計算中
2020/05/11 16:56:54.208 計算確認:計算中
2020/05/11 16:57:04.292 計算確認:計算中
2020/05/11 16:57:14.197 計算確認:計算中
2020/05/11 16:57:24.218 計算確認:計算中
2020/05/11 16:57:34.246 計算確認:計算中
2020/05/11 16:57:44.263 計算確認:計算中
2020/05/11 16:57:54.335 計算確認:計算中
2020/05/11 16:58:04.347 計算確認:計算中
2020/05/11 16:58:15.253 計算確認:計算中
2020/05/11 16:58:26.298 計算確認:計算中
2020/05/11 16:58:37.279 計算確認:計算中
2020/05/11 16:58:48.267 計算確認:計算中
2020/05/11 16:58:59.565 計算確認:計算中
2020/05/11 16:59:09.230 計算確認:計算中
2020/05/11 16:59:19.265 計算確認:計算中
2020/05/11 17:00:00.191 start
2020/05/11 17:00:02.080 計算確認:計算中
2020/05/11 17:00:12.634 計算確認:計算中
2020/05/11 17:00:19.879 処理開始
2020/05/11 17:00:20.941 MiraiShareServer_deleteAllDemands():終了
2020/05/11 17:00:21.016 finishDemandRequest():終了
2020/05/11 17:00:24.352 import予約():終了
2020/05/11 17:00:24.405 insertTaskList():終了
2020/05/11 17:00:26.592 MiraiShareServer_demandRegist():終了
2020/05/11 17:00:26.780 MiraiShareServer_calc_execute():終了
2020/05/11 17:00:26.810 updateTaskList():終了
2020/05/11 17:00:26.820 計算開始
2020/05/11 17:00:27.124 計算確認:計算中
2020/05/11 17:00:37.647 計算確認:計算中
2020/05/11 17:00:48.640 計算確認:計算中
2020/05/11 17:00:59.768 計算確認:計算中
2020/05/11 17:01:09.640 計算確認:計算中
2020/05/11 17:01:20.615 計算確認:計算中
2020/05/11 17:01:30.651 計算確認:計算中
2020/05/11 17:01:40.640 計算確認:計算中
2020/05/11 17:01:51.645 計算確認:計算中
2020/05/11 17:02:02.606 計算確認:計算中
2020/05/11 17:02:13.609 計算確認:計算中
2020/05/11 17:49:11.950 start
2020/05/11 17:49:13.908 計算確認:計算中
2020/05/11 17:49:24.427 計算確認:計算中
2020/05/11 17:49:35.405 計算確認:計算中
2020/05/11 17:49:45.397 計算確認:計算中
2020/05/11 17:49:56.420 計算確認:計算中
2020/05/11 17:50:06.450 計算確認:計算中
2020/05/11 17:50:17.437 計算確認:計算中
2020/05/11 17:50:27.421 計算確認:計算中
2020/05/11 17:50:38.376 計算確認:計算中
2020/05/11 17:50:48.660 計算確認:計算中
2020/05/11 17:50:58.425 計算確認:計算中
2020/05/11 17:51:09.383 計算確認:計算中
