2020/03/05 09:30:43.385 start
2020/03/05 09:35:01.590 処理開始
2020/03/05 09:35:05.716 MiraiShareServer_deleteAllDemands():終了
2020/03/05 09:35:05.790 finishDemandRequest():終了
2020/03/05 09:35:06.965 [乗車]位置が拒否されました。スキップします。2020/03/04 7:05:00, , , LatLng=35.2483643467131,137.01415004414
2020/03/05 09:35:09.409 [乗車]位置が拒否されました。スキップします。2020/03/04 8:00:00, , , LatLng=35.1764837380266,137.047983877917
2020/03/05 09:35:09.788 [乗車]位置が拒否されました。スキップします。2020/03/04 8:00:00, , , LatLng=35.178316701567,137.038040174929
2020/03/05 09:35:10.200 [乗車]位置が拒否されました。スキップします。2020/03/04 8:00:00, , , LatLng=35.3742907365079,136.751749371551
2020/03/05 09:35:15.430 [乗車]位置が拒否されました。スキップします。2020/03/04 8:40:00, , , LatLng=35.1874270055457,137.047622292836
2020/03/05 09:35:18.908 [降車]位置が拒否されました。スキップします。2020/03/04 9:00:00, , , LatLng=35.1907877765602,137.048733156902
2020/03/05 09:35:21.201 import予約():終了
2020/03/05 09:35:21.258 insertTaskList():終了
2020/03/05 09:36:34.751 MiraiShareServer_demandRegist():終了
2020/03/05 09:36:40.994 MiraiShareServer_calc_execute():終了
2020/03/05 09:36:47.513 updateTaskList():終了
2020/03/05 09:36:47.549 計算開始
2020/03/05 09:38:34.392 計算確認:計算中
2020/03/05 09:54:00.715 start
2020/03/05 09:54:19.960 計算確認:計算中
2020/03/05 09:54:23.775 計算確認:計算中
2020/03/05 09:54:36.413 計算確認:計算中
2020/03/05 10:06:04.536 start
2020/03/05 10:08:00.114 start
2020/03/05 10:08:17.753 計算確認:計算中
2020/03/05 10:08:22.478 計算確認:計算中
2020/03/05 10:08:28.627 計算確認:計算中
2020/03/05 10:08:40.756 計算確認:計算中
2020/03/05 10:08:53.980 計算確認:計算中
2020/03/05 10:08:57.624 処理開始
2020/03/05 10:09:01.249 MiraiShareServer_deleteAllDemands():終了
2020/03/05 10:09:01.337 finishDemandRequest():終了
2020/03/05 10:09:02.657 [乗車]位置が拒否されました。スキップします。2020/03/04 7:05:00, , , LatLng=35.2483643467131,137.01415004414
2020/03/05 10:09:05.231 [乗車]位置が拒否されました。スキップします。2020/03/04 8:00:00, , , LatLng=35.1764837380266,137.047983877917
2020/03/05 10:09:05.665 [乗車]位置が拒否されました。スキップします。2020/03/04 8:00:00, , , LatLng=35.178316701567,137.038040174929
2020/03/05 10:09:06.109 [乗車]位置が拒否されました。スキップします。2020/03/04 8:00:00, , , LatLng=35.3742907365079,136.751749371551
2020/03/05 10:09:11.734 [乗車]位置が拒否されました。スキップします。2020/03/04 8:40:00, , , LatLng=35.1874270055457,137.047622292836
2020/03/05 10:09:15.496 [降車]位置が拒否されました。スキップします。2020/03/04 9:00:00, , , LatLng=35.1907877765602,137.048733156902
2020/03/05 10:09:17.929 import予約():終了
2020/03/05 10:09:17.989 insertTaskList():終了
2020/03/05 10:09:27.981 MiraiShareServer_demandRegist():終了
2020/03/05 10:11:05.617 MiraiShareServer_calc_execute():終了
2020/03/05 10:11:05.742 updateTaskList():終了
2020/03/05 10:11:05.775 計算開始
