2020/03/09 13:42:24.809 start
2020/03/09 13:42:26.762 計算確認:計算中
2020/03/09 13:42:37.238 計算確認:計算中
2020/03/09 13:42:47.248 計算確認:計算中
2020/03/09 13:42:51.427 処理開始
2020/03/09 13:42:54.620 MiraiShareServer_deleteAllDemands():終了
2020/03/09 13:42:54.675 finishDemandRequest():終了
2020/03/09 13:42:55.076 [乗車]位置が拒否されました。スキップします。2020/03/07 10:30:00, 守山区下志段味風越1945番地, , LatLng=35.24006,137.0199
2020/03/09 13:42:55.845 import予約():終了
2020/03/09 13:45:11.807 insertTaskList():終了
2020/03/09 13:45:12.634 MiraiShareServer_demandRegist():終了
2020/03/09 13:45:12.819 MiraiShareServer_calc_execute():終了
2020/03/09 13:45:12.860 updateTaskList():終了
2020/03/09 13:45:12.874 計算開始
2020/03/09 13:46:49.595 計算確認:計算中
2020/03/09 13:47:36.944 計算確認:計算中
2020/03/09 13:47:56.000 計算確認:計算中
2020/03/09 13:47:56.263 計算確認:計算中
2020/03/09 13:48:07.230 計算確認:計算中
2020/03/09 13:48:17.249 計算確認:計算中
2020/03/09 13:48:28.260 計算確認:計算中
2020/03/09 13:48:39.251 計算確認:計算中
2020/03/09 13:48:50.277 計算確認:計算中
2020/03/09 13:49:01.252 計算確認:計算中
2020/03/09 13:49:12.259 計算確認:計算中
2020/03/09 13:49:23.232 計算確認:計算中
2020/03/09 13:49:34.265 計算確認:計算中
2020/03/09 13:49:45.308 計算確認:計算中
2020/03/09 13:49:56.253 計算確認:計算中
2020/03/09 13:50:06.260 計算確認:計算中
2020/03/09 13:50:17.252 計算確認:計算中
2020/03/09 13:50:28.264 計算確認:計算中
2020/03/09 13:50:39.233 計算確認:計算中
2020/03/09 13:50:49.255 計算確認:計算中
2020/03/09 13:50:59.263 計算確認:計算中
2020/03/09 13:51:10.269 計算確認:計算中
2020/03/09 13:51:21.262 計算確認:計算中
2020/03/09 13:51:32.303 計算確認:計算中
2020/03/09 13:51:42.268 計算確認:計算中
2020/03/09 13:51:53.297 計算確認:計算中
2020/03/09 13:52:04.266 計算確認:計算中
2020/03/09 13:52:14.267 計算確認:計算中
2020/03/09 13:52:25.301 計算確認:計算中
2020/03/09 13:52:35.262 計算確認:計算中
2020/03/09 13:52:46.258 計算確認:計算中
2020/03/09 13:52:56.262 計算確認:計算中
2020/03/09 13:53:07.257 計算確認:計算中
2020/03/09 13:53:18.245 計算確認:計算中
2020/03/09 13:53:28.254 計算確認:計算中
2020/03/09 13:53:39.250 計算確認:計算中
2020/03/09 13:53:49.257 計算確認:計算中
2020/03/09 13:54:00.328 計算確認:計算中
2020/03/09 13:54:11.249 計算確認:計算中
2020/03/09 13:54:21.245 計算確認:計算中
2020/03/09 13:54:32.254 計算確認:計算中
2020/03/09 13:54:43.247 計算確認:計算中
2020/03/09 13:54:53.248 計算確認:計算中
2020/03/09 13:55:03.258 計算確認:計算中
2020/03/09 13:55:13.284 計算確認:計算中
2020/03/09 13:55:24.247 計算確認:計算中
2020/03/09 13:55:35.248 計算確認:計算中
2020/03/09 13:55:46.269 計算確認:計算中
2020/03/09 13:55:57.262 計算確認:計算中
2020/03/09 13:56:08.311 計算確認:計算中
2020/03/09 13:56:18.273 計算確認:計算中
2020/03/09 13:56:28.252 計算確認:計算中
2020/03/09 13:56:39.249 計算確認:計算中
2020/03/09 13:56:50.269 計算確認:計算中
2020/03/09 13:57:00.297 計算確認:計算中
2020/03/09 13:57:11.248 計算確認:計算中
2020/03/09 13:57:22.237 計算確認:計算中
2020/03/09 13:57:33.246 計算確認:計算中
2020/03/09 13:57:43.246 計算確認:計算中
2020/03/09 13:57:54.245 計算確認:計算中
2020/03/09 13:58:05.233 計算確認:計算中
2020/03/09 13:58:15.286 計算確認:計算中
2020/03/09 13:58:25.256 計算確認:計算中
2020/03/09 13:58:36.228 計算確認:計算中
2020/03/09 13:58:46.257 計算確認:計算中
2020/03/09 13:58:57.258 計算確認:計算中
2020/03/09 13:59:07.244 計算確認:計算中
2020/03/09 13:59:17.247 計算確認:計算中
2020/03/09 13:59:28.250 計算確認:計算中
2020/03/09 13:59:39.249 計算確認:計算中
2020/03/09 13:59:50.283 計算確認:計算中
2020/03/09 14:00:01.271 計算確認:計算中
2020/03/09 14:00:12.258 計算確認:計算中
2020/03/09 14:00:23.317 計算確認:計算中
2020/03/09 14:00:33.245 計算確認:計算中
2020/03/09 14:00:44.240 計算確認:計算中
2020/03/09 14:00:55.244 計算確認:計算中
2020/03/09 14:01:05.244 計算確認:計算中
2020/03/09 14:01:16.327 計算確認:計算中
2020/03/09 14:01:27.278 計算確認:計算中
2020/03/09 14:01:37.248 計算確認:計算中
2020/03/09 14:01:47.499 計算確認:計算中
2020/03/09 14:01:58.256 計算確認:計算中
2020/03/09 14:02:08.295 計算確認:計算中
2020/03/09 14:02:19.238 計算確認:計算中
2020/03/09 14:02:30.289 計算確認:計算中
2020/03/09 14:02:41.227 計算確認:計算中
2020/03/09 14:02:52.239 計算確認:計算中
2020/03/09 14:03:03.268 計算確認:計算中
2020/03/09 14:03:13.283 計算確認:計算中
2020/03/09 14:03:23.268 計算確認:計算中
2020/03/09 14:03:34.283 計算確認:計算中
2020/03/09 14:03:44.245 計算確認:計算中
2020/03/09 14:03:55.337 計算確認:計算中
2020/03/09 14:04:05.273 計算確認:計算中
2020/03/09 14:04:15.291 計算確認:計算中
2020/03/09 14:04:26.266 計算確認:計算中
2020/03/09 14:04:37.307 計算確認:計算中
2020/03/09 14:04:47.278 計算確認:計算中
2020/03/09 14:04:58.270 計算確認:計算中
2020/03/09 14:05:08.265 計算確認:計算中
2020/03/09 14:05:19.282 計算確認:計算中
2020/03/09 14:05:29.259 計算確認:計算中
2020/03/09 14:05:40.267 計算確認:計算中
2020/03/09 14:05:51.270 計算確認:計算中
2020/03/09 14:06:01.251 計算確認:計算中
2020/03/09 14:06:11.323 計算確認:計算中
2020/03/09 14:06:21.305 計算確認:計算中
2020/03/09 14:06:31.287 計算確認:計算中
2020/03/09 14:06:41.395 計算確認:計算中
2020/03/09 14:06:52.320 計算確認:計算中
2020/03/09 14:07:03.316 計算確認:計算中
2020/03/09 14:07:14.273 計算確認:計算中
2020/03/09 14:07:24.285 計算確認:計算中
2020/03/09 14:07:34.321 計算確認:計算中
2020/03/09 14:07:45.297 計算確認:計算中
2020/03/09 14:07:56.314 計算確認:計算中
2020/03/09 14:08:06.258 計算確認:計算中
2020/03/09 14:08:17.315 計算確認:計算中
2020/03/09 14:08:28.305 計算確認:計算中
2020/03/09 14:08:38.283 計算確認:計算中
2020/03/09 14:08:48.373 計算確認:計算中
2020/03/09 14:08:59.279 計算確認:計算中
2020/03/09 14:09:10.336 計算確認:計算中
2020/03/09 14:09:20.324 計算確認:計算中
2020/03/09 14:09:31.312 計算確認:計算中
2020/03/09 14:09:41.305 計算確認:計算中
2020/03/09 14:09:52.324 計算確認:計算中
2020/03/09 14:10:03.303 計算確認:計算中
2020/03/09 14:10:13.310 計算確認:計算中
2020/03/09 14:10:24.346 計算確認:計算中
2020/03/09 14:10:35.303 計算確認:計算中
2020/03/09 14:10:45.339 計算確認:計算中
2020/03/09 14:10:56.338 計算確認:計算中
2020/03/09 14:11:06.289 計算確認:計算中
2020/03/09 14:11:17.314 計算確認:計算中
2020/03/09 14:11:28.295 計算確認:計算中
2020/03/09 14:11:39.270 計算確認:計算中
2020/03/09 14:11:50.365 計算確認:計算中
2020/03/09 14:12:00.461 計算確認:計算中
2020/03/09 14:12:10.329 計算確認:計算中
2020/03/09 14:12:20.322 計算確認:計算中
2020/03/09 14:12:31.311 計算確認:計算中
2020/03/09 14:12:42.290 計算確認:計算中
2020/03/09 14:12:52.304 計算確認:計算中
2020/03/09 14:13:03.394 計算確認:計算中
2020/03/09 14:13:14.279 計算確認:計算中
2020/03/09 14:13:25.302 計算確認:計算中
2020/03/09 14:13:35.308 計算確認:計算中
2020/03/09 14:13:46.385 計算確認:計算中
2020/03/09 14:13:56.313 計算確認:計算中
2020/03/09 14:14:07.292 計算確認:計算中
2020/03/09 14:14:18.317 計算確認:計算中
2020/03/09 14:14:28.294 計算確認:計算中
2020/03/09 14:14:39.333 計算確認:計算中
2020/03/09 14:14:49.342 計算確認:計算中
2020/03/09 14:14:59.282 計算確認:計算中
2020/03/09 14:15:10.364 計算確認:計算中
2020/03/09 14:15:20.371 計算確認:計算中
2020/03/09 14:15:31.344 計算確認:計算中
2020/03/09 14:15:42.291 計算確認:計算中
2020/03/09 14:15:53.321 計算確認:計算中
2020/03/09 14:16:03.303 計算確認:計算中
2020/03/09 14:16:14.308 計算確認:計算中
2020/03/09 14:16:24.318 計算確認:計算中
2020/03/09 14:16:35.317 計算確認:計算中
2020/03/09 14:16:45.313 計算確認:計算中
2020/03/09 14:16:55.302 計算確認:計算中
2020/03/09 14:17:06.277 計算確認:計算中
2020/03/09 14:17:16.377 計算確認:計算中
2020/03/09 14:17:27.307 計算確認:計算中
2020/03/09 14:17:38.334 計算確認:計算中
2020/03/09 14:17:48.317 計算確認:計算中
2020/03/09 14:17:59.305 計算確認:計算中
2020/03/09 14:18:10.286 計算確認:計算中
2020/03/09 14:18:20.400 計算確認:計算中
2020/03/09 14:18:31.328 計算確認:計算中
2020/03/09 14:18:42.327 計算確認:計算中
2020/03/09 14:18:52.303 計算確認:計算中
2020/03/09 14:19:03.300 計算確認:計算中
2020/03/09 14:19:13.315 計算確認:計算中
2020/03/09 14:19:24.386 計算確認:計算中
2020/03/09 14:19:35.310 計算確認:計算中
2020/03/09 14:19:45.313 計算確認:計算中
2020/03/09 14:19:55.290 計算確認:計算中
2020/03/09 14:20:06.307 計算確認:計算中
2020/03/09 14:20:16.319 計算確認:計算中
2020/03/09 14:20:26.319 計算確認:計算中
2020/03/09 14:20:37.282 計算確認:計算中
2020/03/09 14:20:47.280 計算確認:計算中
2020/03/09 14:20:58.300 計算確認:計算中
2020/03/09 14:21:09.308 計算確認:計算中
2020/03/09 14:21:20.315 計算確認:計算中
2020/03/09 14:21:30.376 計算確認:計算中
2020/03/09 14:21:40.352 計算確認:計算中
2020/03/09 14:21:51.292 計算確認:計算中
2020/03/09 14:22:01.325 計算確認:計算中
2020/03/09 14:22:12.314 計算確認:計算中
2020/03/09 14:22:23.293 計算確認:計算中
2020/03/09 14:22:33.317 計算確認:計算中
2020/03/09 14:22:43.302 計算確認:計算中
2020/03/09 14:22:53.300 計算確認:計算中
2020/03/09 14:23:04.314 計算確認:計算中
2020/03/09 14:23:14.336 計算確認:計算中
2020/03/09 14:23:25.335 計算確認:計算中
2020/03/09 14:23:35.371 計算確認:計算中
2020/03/09 14:23:45.294 計算確認:計算中
2020/03/09 14:23:55.318 計算確認:計算中
2020/03/09 14:24:06.284 計算確認:計算中
2020/03/09 14:24:16.451 計算確認:計算中
2020/03/09 14:24:26.302 計算確認:計算中
2020/03/09 14:24:37.299 計算確認:計算中
2020/03/09 14:24:47.296 計算確認:計算中
2020/03/09 14:24:57.313 計算確認:計算中
2020/03/09 14:25:08.322 計算確認:計算中
2020/03/09 14:25:19.312 計算確認:計算中
2020/03/09 14:25:30.281 計算確認:計算中
2020/03/09 14:25:41.376 計算確認:計算中
2020/03/09 14:25:52.339 計算確認:計算中
2020/03/09 14:26:03.315 計算確認:計算中
2020/03/09 14:26:13.312 計算確認:計算中
2020/03/09 14:26:24.355 計算確認:計算中
2020/03/09 14:26:35.334 計算確認:計算中
2020/03/09 14:26:46.324 計算確認:計算中
2020/03/09 14:26:56.309 計算確認:計算中
2020/03/09 14:27:07.296 計算確認:計算中
2020/03/09 14:27:18.335 計算確認:計算中
2020/03/09 14:27:29.379 計算確認:計算中
2020/03/09 14:27:39.328 計算確認:計算中
2020/03/09 14:27:50.345 計算確認:計算中
2020/03/09 14:28:01.396 計算確認:計算中
2020/03/09 14:28:12.292 計算確認:計算中
2020/03/09 14:28:22.305 計算確認:計算中
2020/03/09 14:28:33.313 計算確認:計算中
2020/03/09 14:28:44.279 計算確認:計算中
2020/03/09 14:28:54.342 計算確認:計算中
2020/03/09 14:29:05.323 計算確認:計算中
2020/03/09 14:29:16.305 計算確認:計算中
2020/03/09 14:29:26.340 計算確認:計算中
2020/03/09 14:29:37.298 計算確認:計算中
2020/03/09 14:29:48.309 計算確認:計算中
2020/03/09 14:29:58.474 計算確認:計算中
2020/03/09 14:30:09.311 計算確認:計算中
2020/03/09 14:30:19.315 計算確認:計算中
2020/03/09 14:30:30.355 計算確認:計算中
2020/03/09 14:30:40.338 計算確認:計算中
2020/03/09 14:30:51.293 計算確認:計算中
2020/03/09 14:31:01.337 計算確認:計算中
2020/03/09 14:31:12.289 計算確認:計算中
2020/03/09 14:31:22.331 計算確認:計算中
2020/03/09 14:31:32.316 計算確認:計算中
2020/03/09 14:31:43.318 計算確認:計算中
2020/03/09 14:31:54.317 計算確認:計算中
2020/03/09 14:32:05.395 計算確認:計算中
2020/03/09 14:32:15.316 計算確認:計算中
2020/03/09 14:32:25.329 計算確認:計算中
2020/03/09 14:32:35.306 計算確認:計算中
2020/03/09 14:32:45.327 計算確認:計算中
2020/03/09 14:32:56.319 計算確認:計算中
2020/03/09 14:33:07.313 計算確認:計算中
2020/03/09 14:33:17.316 計算確認:計算中
2020/03/09 14:33:27.308 計算確認:計算中
2020/03/09 14:33:38.286 計算確認:計算中
2020/03/09 14:33:48.310 計算確認:計算中
2020/03/09 14:33:59.303 計算確認:計算中
2020/03/09 14:34:09.363 計算確認:計算中
2020/03/09 14:34:20.357 計算確認:計算中
2020/03/09 14:34:31.338 計算確認:計算中
2020/03/09 14:34:41.316 計算確認:計算中
2020/03/09 14:34:51.284 計算確認:計算中
2020/03/09 14:35:02.349 計算確認:計算中
2020/03/09 14:35:12.310 計算確認:計算中
2020/03/09 14:35:23.264 計算確認:計算中
2020/03/09 14:35:34.297 計算確認:計算中
2020/03/09 14:35:44.282 計算確認:計算中
2020/03/09 14:35:55.323 計算確認:計算中
2020/03/09 14:36:05.296 計算確認:計算中
2020/03/09 14:36:16.350 計算確認:計算中
2020/03/09 14:36:27.298 計算確認:計算中
2020/03/09 14:36:37.313 計算確認:計算中
2020/03/09 14:36:47.299 計算確認:計算中
2020/03/09 14:36:58.310 計算確認:計算中
2020/03/09 14:37:08.279 計算確認:計算中
2020/03/09 14:37:19.291 計算確認:計算中
2020/03/09 14:37:30.320 計算確認:計算中
2020/03/09 14:37:41.328 計算確認:計算中
2020/03/09 14:37:52.318 計算確認:計算中
2020/03/09 14:38:03.326 計算確認:計算中
2020/03/09 14:38:14.308 計算確認:計算中
2020/03/09 14:38:25.453 計算確認:計算中
2020/03/09 14:38:35.342 計算確認:計算中
2020/03/09 14:38:46.339 計算確認:計算中
2020/03/09 14:38:56.336 計算確認:計算中
2020/03/09 14:39:07.315 計算確認:計算中
2020/03/09 14:39:17.308 計算確認:計算中
2020/03/09 14:39:27.333 計算確認:計算中
2020/03/09 14:39:37.315 計算確認:計算中
2020/03/09 14:39:48.350 計算確認:計算中
2020/03/09 14:39:59.316 計算確認:計算中
2020/03/09 14:40:10.294 計算確認:計算中
2020/03/09 14:40:20.325 計算確認:計算中
2020/03/09 14:40:31.387 計算確認:計算中
2020/03/09 14:40:42.335 計算確認:計算中
2020/03/09 14:40:52.344 計算確認:計算中
2020/03/09 14:41:03.307 計算確認:計算中
2020/03/09 14:41:14.327 計算確認:計算中
2020/03/09 14:41:24.322 計算確認:計算中
2020/03/09 14:41:35.345 計算確認:計算中
2020/03/09 14:41:45.309 計算確認:計算中
2020/03/09 14:41:55.315 計算確認:計算中
2020/03/09 14:42:06.303 計算確認:計算中
2020/03/09 14:42:16.330 計算確認:計算中
2020/03/09 14:42:27.320 計算確認:計算中
2020/03/09 14:42:38.397 計算確認:計算中
2020/03/09 14:42:49.312 計算確認:計算中
2020/03/09 14:42:59.337 計算確認:計算中
2020/03/09 14:43:10.332 計算確認:計算中
2020/03/09 14:43:21.320 計算確認:計算中
2020/03/09 14:43:32.342 計算確認:計算中
2020/03/09 14:43:43.336 計算確認:計算中
2020/03/09 14:43:53.345 計算確認:計算中
2020/03/09 14:44:04.329 計算確認:計算中
2020/03/09 14:44:15.337 計算確認:計算中
2020/03/09 14:44:26.339 計算確認:計算中
2020/03/09 14:44:37.309 計算確認:計算中
2020/03/09 14:44:47.402 計算確認:計算中
2020/03/09 14:44:58.302 計算確認:計算中
2020/03/09 14:45:08.317 計算確認:計算中
2020/03/09 14:45:19.353 計算確認:計算中
2020/03/09 14:45:29.308 計算確認:計算中
2020/03/09 14:45:40.349 計算確認:計算中
2020/03/09 14:45:50.313 計算確認:計算中
2020/03/09 14:46:00.317 計算確認:計算中
2020/03/09 14:46:11.360 計算確認:計算中
2020/03/09 14:46:21.318 計算確認:計算中
2020/03/09 14:46:32.312 計算確認:計算中
2020/03/09 14:46:43.327 計算確認:計算中
2020/03/09 14:46:54.364 計算確認:計算中
2020/03/09 14:47:05.297 計算確認:計算中
2020/03/09 14:47:15.319 計算確認:計算中
2020/03/09 14:47:25.345 計算確認:計算中
2020/03/09 14:47:36.348 計算確認:計算中
2020/03/09 14:47:47.350 計算確認:計算中
2020/03/09 14:47:58.313 計算確認:計算中
2020/03/09 14:48:09.286 計算確認:計算中
2020/03/09 14:48:19.402 計算確認:計算中
2020/03/09 14:48:30.292 計算確認:計算中
2020/03/09 14:48:41.386 計算確認:計算中
2020/03/09 14:48:51.357 計算確認:計算中
2020/03/09 14:49:02.409 計算確認:計算中
2020/03/09 14:49:13.321 計算確認:計算中
2020/03/09 14:49:23.351 計算確認:計算中
2020/03/09 14:49:34.344 計算確認:計算中
2020/03/09 14:49:45.368 計算確認:計算中
2020/03/09 14:49:55.392 計算確認:計算中
2020/03/09 14:50:06.323 計算確認:計算中
2020/03/09 14:50:17.336 計算確認:計算中
2020/03/09 14:50:28.327 計算確認:計算中
2020/03/09 14:50:38.353 計算確認:計算中
2020/03/09 14:50:49.350 計算確認:計算中
2020/03/09 14:51:00.313 計算確認:計算中
2020/03/09 14:51:10.579 計算確認:計算中
2020/03/09 14:51:21.337 計算確認:計算中
2020/03/09 14:51:31.325 計算確認:計算中
2020/03/09 14:51:42.368 計算確認:計算中
2020/03/09 14:51:52.331 計算確認:計算中
2020/03/09 14:52:03.336 計算確認:計算中
2020/03/09 14:52:13.336 計算確認:計算中
2020/03/09 14:52:24.324 計算確認:計算中
2020/03/09 14:52:34.368 計算確認:計算中
2020/03/09 14:52:45.383 計算確認:計算中
2020/03/09 14:52:55.325 計算確認:計算中
2020/03/09 14:53:05.361 計算確認:計算中
2020/03/09 14:53:16.502 計算確認:計算中
2020/03/09 14:53:26.361 計算確認:計算中
2020/03/09 14:53:36.343 計算確認:計算中
2020/03/09 14:53:46.331 計算確認:計算中
2020/03/09 14:53:57.318 計算確認:計算中
2020/03/09 14:54:07.382 計算確認:計算中
2020/03/09 14:54:18.305 計算確認:計算中
2020/03/09 14:54:28.366 計算確認:計算中
2020/03/09 14:54:39.371 計算確認:計算中
2020/03/09 14:54:49.335 計算確認:計算中
2020/03/09 14:55:00.326 計算確認:計算中
2020/03/09 14:55:10.310 計算確認:計算中
2020/03/09 14:55:20.404 計算確認:計算中
2020/03/09 14:55:31.350 計算確認:計算中
2020/03/09 14:55:42.307 計算確認:計算中
2020/03/09 14:55:52.320 計算確認:計算中
2020/03/09 14:56:03.300 計算確認:計算中
2020/03/09 14:56:14.300 計算確認:計算中
2020/03/09 14:56:24.330 計算確認:計算中
2020/03/09 14:56:34.292 計算確認:計算中
2020/03/09 14:56:45.336 計算確認:計算中
2020/03/09 14:56:56.329 計算確認:計算中
2020/03/09 14:57:06.292 計算確認:計算中
2020/03/09 14:57:16.341 計算確認:計算中
2020/03/09 14:57:27.376 計算確認:計算中
2020/03/09 14:57:37.317 計算確認:計算中
2020/03/09 14:57:48.346 計算確認:計算中
2020/03/09 14:57:58.311 計算確認:計算中
2020/03/09 14:58:09.314 計算確認:計算中
2020/03/09 14:58:19.333 計算確認:計算中
2020/03/09 14:58:29.357 計算確認:計算中
2020/03/09 14:58:40.329 計算確認:計算中
2020/03/09 14:58:50.327 計算確認:計算中
2020/03/09 14:59:01.320 計算確認:計算中
2020/03/09 14:59:12.303 計算確認:計算中
2020/03/09 14:59:22.331 計算確認:計算中
2020/03/09 14:59:33.385 計算確認:計算中
2020/03/09 14:59:43.319 計算確認:計算中
2020/03/09 14:59:54.288 計算確認:計算中
2020/03/09 15:00:05.323 計算確認:計算中
2020/03/09 15:00:16.304 計算確認:計算中
2020/03/09 15:00:26.346 計算確認:計算中
2020/03/09 15:00:36.293 計算確認:計算中
2020/03/09 15:00:46.331 計算確認:計算中
2020/03/09 15:00:57.311 計算確認:計算中
2020/03/09 15:01:07.311 計算確認:計算中
2020/03/09 15:01:18.316 計算確認:計算中
2020/03/09 15:01:28.304 計算確認:計算中
2020/03/09 15:01:38.365 計算確認:計算中
2020/03/09 15:01:49.303 計算確認:計算中
2020/03/09 15:02:00.308 計算確認:計算中
2020/03/09 15:02:11.338 計算確認:計算中
2020/03/09 15:02:22.376 計算確認:計算中
2020/03/09 15:02:32.325 計算確認:計算中
2020/03/09 15:02:43.348 計算確認:計算中
2020/03/09 15:02:54.294 計算確認:計算中
2020/03/09 15:03:04.329 計算確認:計算中
2020/03/09 15:03:15.401 計算確認:計算中
2020/03/09 15:03:26.310 計算確認:計算中
2020/03/09 15:03:36.292 計算確認:計算中
2020/03/09 15:03:47.387 計算確認:計算中
2020/03/09 15:03:58.302 計算確認:計算中
2020/03/09 15:04:09.295 計算確認:計算中
2020/03/09 15:04:20.457 計算確認:計算中
2020/03/09 15:04:30.319 計算確認:計算中
2020/03/09 15:04:41.325 計算確認:計算中
2020/03/09 15:04:52.312 計算確認:計算中
2020/03/09 15:05:03.322 計算確認:計算中
2020/03/09 15:05:14.309 計算確認:計算中
2020/03/09 15:05:25.345 計算確認:計算中
2020/03/09 15:05:36.315 計算確認:計算中
2020/03/09 15:05:46.403 計算確認:計算中
2020/03/09 15:05:57.369 計算確認:計算中
2020/03/09 15:06:07.331 計算確認:計算中
2020/03/09 15:06:18.318 計算確認:計算中
2020/03/09 15:06:28.313 計算確認:計算中
2020/03/09 15:06:39.312 計算確認:計算中
2020/03/09 15:06:49.349 計算確認:計算中
2020/03/09 15:07:00.335 計算確認:計算中
2020/03/09 15:07:11.317 計算確認:計算中
2020/03/09 15:07:21.328 計算確認:計算中
2020/03/09 15:07:31.314 計算確認:計算中
2020/03/09 15:07:42.394 計算確認:計算中
2020/03/09 15:07:53.316 計算確認:計算中
2020/03/09 15:08:03.377 計算確認:計算中
2020/03/09 15:08:13.309 計算確認:計算中
2020/03/09 15:08:24.297 計算確認:計算中
2020/03/09 15:08:34.345 計算確認:計算中
2020/03/09 15:08:45.321 計算確認:計算中
2020/03/09 15:08:55.351 計算確認:計算中
2020/03/09 15:09:06.308 計算確認:計算中
2020/03/09 15:09:17.301 計算確認:計算中
2020/03/09 15:09:28.318 計算確認:計算中
2020/03/09 15:09:39.299 計算確認:計算中
2020/03/09 15:09:50.329 計算確認:計算中
2020/03/09 15:10:01.351 計算確認:計算中
2020/03/09 15:10:12.446 計算確認:計算中
2020/03/09 15:10:23.319 計算確認:計算中
2020/03/09 15:10:33.350 計算確認:計算中
2020/03/09 15:10:44.325 計算確認:計算中
2020/03/09 15:10:54.301 計算確認:計算中
2020/03/09 15:11:05.331 計算確認:計算中
2020/03/09 15:11:15.312 計算確認:計算中
2020/03/09 15:11:25.325 計算確認:計算中
2020/03/09 15:11:36.337 計算確認:計算中
2020/03/09 15:11:47.335 計算確認:計算中
2020/03/09 15:11:58.317 計算確認:計算中
2020/03/09 15:12:09.321 計算確認:計算中
2020/03/09 15:12:19.407 計算確認:計算中
2020/03/09 15:12:30.387 計算確認:計算中
2020/03/09 15:12:40.351 計算確認:計算中
2020/03/09 15:12:51.296 計算確認:計算中
2020/03/09 15:13:01.345 計算確認:計算中
2020/03/09 15:13:12.333 計算確認:計算中
2020/03/09 15:13:22.309 計算確認:計算中
2020/03/09 15:13:33.356 計算確認:計算中
2020/03/09 15:13:44.300 計算確認:計算中
2020/03/09 15:13:54.289 計算確認:計算中
2020/03/09 15:14:04.289 計算確認:計算中
2020/03/09 15:14:15.298 計算確認:計算中
2020/03/09 15:14:25.367 計算確認:計算中
2020/03/09 15:14:36.312 計算確認:計算中
2020/03/09 15:14:46.342 計算確認:計算中
2020/03/09 15:14:57.329 計算確認:計算中
2020/03/09 15:15:08.304 計算確認:計算中
2020/03/09 15:15:18.353 計算確認:計算中
2020/03/09 15:15:29.346 計算確認:計算中
2020/03/09 15:15:40.340 計算確認:計算中
2020/03/09 15:15:50.315 計算確認:計算中
2020/03/09 15:16:01.302 計算確認:計算中
2020/03/09 15:16:11.308 計算確認:計算中
2020/03/09 15:16:22.335 計算確認:計算中
2020/03/09 15:16:32.393 計算確認:計算中
2020/03/09 15:16:43.329 計算確認:計算中
2020/03/09 15:16:53.295 計算確認:計算中
2020/03/09 15:17:04.300 計算確認:計算中
2020/03/09 15:17:14.357 計算確認:計算中
2020/03/09 15:17:25.306 計算確認:計算中
2020/03/09 15:17:36.323 計算確認:計算中
2020/03/09 15:17:46.306 計算確認:計算中
2020/03/09 15:17:57.338 計算確認:計算中
2020/03/09 15:18:08.310 計算確認:計算中
2020/03/09 15:18:18.334 計算確認:計算中
2020/03/09 15:18:29.327 計算確認:計算中
2020/03/09 15:18:40.386 計算確認:計算中
2020/03/09 15:18:51.313 計算確認:計算中
2020/03/09 15:19:01.343 計算確認:計算中
2020/03/09 15:19:12.300 計算確認:計算中
2020/03/09 15:19:22.307 計算確認:計算中
2020/03/09 15:19:32.313 計算確認:計算中
2020/03/09 15:19:42.334 計算確認:計算中
2020/03/09 15:19:53.301 計算確認:計算中
2020/03/09 15:20:04.328 計算確認:計算中
2020/03/09 15:20:14.330 計算確認:計算中
2020/03/09 15:20:25.335 計算確認:計算中
2020/03/09 15:20:36.295 計算確認:計算中
2020/03/09 15:20:47.345 計算確認:計算中
2020/03/09 15:20:57.316 計算確認:計算中
2020/03/09 15:21:07.304 計算確認:計算中
2020/03/09 15:21:18.309 計算確認:計算中
2020/03/09 15:21:29.326 計算確認:計算中
2020/03/09 15:21:40.295 計算確認:計算中
2020/03/09 15:21:50.346 計算確認:計算中
2020/03/09 15:22:01.325 計算確認:計算中
2020/03/09 15:22:11.319 計算確認:計算中
2020/03/09 15:22:21.314 計算確認:計算中
2020/03/09 15:22:32.295 計算確認:計算中
2020/03/09 15:22:42.303 計算確認:計算中
2020/03/09 15:22:53.425 計算確認:計算中
2020/03/09 15:23:03.354 計算確認:計算中
2020/03/09 15:23:14.366 計算確認:計算中
2020/03/09 15:23:24.339 計算確認:計算中
2020/03/09 15:23:35.339 計算確認:計算中
2020/03/09 15:23:45.339 計算確認:計算中
2020/03/09 15:23:55.357 計算確認:計算中
2020/03/09 15:24:06.344 計算確認:計算中
2020/03/09 15:24:17.312 計算確認:計算中
2020/03/09 15:24:28.343 計算確認:計算中
2020/03/09 15:24:39.300 計算確認:計算中
2020/03/09 15:24:50.389 計算確認:計算中
2020/03/09 15:25:01.364 計算確認:計算中
2020/03/09 15:25:12.320 計算確認:計算中
2020/03/09 15:25:22.309 計算確認:計算中
2020/03/09 15:25:33.315 計算確認:計算中
2020/03/09 15:25:43.333 計算確認:計算中
2020/03/09 15:25:54.320 計算確認:計算中
2020/03/09 15:26:05.391 計算確認:計算中
2020/03/09 15:26:15.301 計算確認:計算中
2020/03/09 15:26:26.294 計算確認:計算中
2020/03/09 15:26:37.330 計算確認:計算中
2020/03/09 15:26:47.342 計算確認:計算中
2020/03/09 15:26:58.311 計算確認:計算中
2020/03/09 15:27:08.359 計算確認:計算中
2020/03/09 15:27:18.318 計算確認:計算中
2020/03/09 15:27:29.328 計算確認:計算中
2020/03/09 15:27:39.321 計算確認:計算中
2020/03/09 15:27:50.346 計算確認:計算中
2020/03/09 15:28:01.286 計算確認:計算中
2020/03/09 15:28:11.351 計算確認:計算中
2020/03/09 15:28:22.297 計算確認:計算中
2020/03/09 15:28:33.290 計算確認:計算中
2020/03/09 15:28:43.302 計算確認:計算中
2020/03/09 15:28:54.283 計算確認:計算中
2020/03/09 15:29:05.307 計算確認:計算中
2020/03/09 15:29:15.444 計算確認:計算中
2020/03/09 15:29:26.311 計算確認:計算中
2020/03/09 15:29:36.408 計算確認:計算中
2020/03/09 15:29:46.311 計算確認:計算中
2020/03/09 15:29:57.317 計算確認:計算中
2020/03/09 15:30:07.330 計算確認:計算中
2020/03/09 15:30:18.317 計算確認:計算中
2020/03/09 15:30:28.341 計算確認:計算中
2020/03/09 15:30:39.369 計算確認:計算中
2020/03/09 15:30:49.299 計算確認:計算中
2020/03/09 15:31:00.304 計算確認:計算中
2020/03/09 15:31:11.321 計算確認:計算中
2020/03/09 15:31:21.339 計算確認:計算中
2020/03/09 15:31:31.346 計算確認:計算中
2020/03/09 15:31:41.292 計算確認:計算中
2020/03/09 15:31:52.321 計算確認:計算中
2020/03/09 15:32:03.320 計算確認:計算中
2020/03/09 15:32:13.331 計算確認:計算中
2020/03/09 15:32:24.384 計算確認:計算中
2020/03/09 15:32:34.314 計算確認:計算中
2020/03/09 15:32:45.318 計算確認:計算中
2020/03/09 15:32:56.318 計算確認:計算中
2020/03/09 15:33:07.300 計算確認:計算中
2020/03/09 15:33:18.303 計算確認:計算中
2020/03/09 15:33:28.365 計算確認:計算中
2020/03/09 15:33:39.334 計算確認:計算中
2020/03/09 15:33:49.334 計算確認:計算中
2020/03/09 15:34:00.308 計算確認:計算中
2020/03/09 15:34:11.290 計算確認:計算中
2020/03/09 15:34:22.278 計算確認:計算中
2020/03/09 15:34:32.338 計算確認:計算中
2020/03/09 15:34:43.283 計算確認:計算中
2020/03/09 15:34:53.337 計算確認:計算中
2020/03/09 15:35:04.336 計算確認:計算中
2020/03/09 15:35:14.300 計算確認:計算中
2020/03/09 15:35:25.330 計算確認:計算中
2020/03/09 15:35:36.417 計算確認:計算中
2020/03/09 15:35:47.304 計算確認:計算中
2020/03/09 15:35:58.303 計算確認:計算中
2020/03/09 15:36:08.321 計算確認:計算中
2020/03/09 15:36:18.316 計算確認:計算中
2020/03/09 15:36:29.333 計算確認:計算中
2020/03/09 15:36:39.380 計算確認:計算中
2020/03/09 15:36:49.316 計算確認:計算中
2020/03/09 15:37:00.301 計算確認:計算中
2020/03/09 15:37:11.314 計算確認:計算中
2020/03/09 15:37:21.324 計算確認:計算中
2020/03/09 15:37:32.289 計算確認:計算中
2020/03/09 15:37:43.342 計算確認:計算中
2020/03/09 15:37:54.318 計算確認:計算中
2020/03/09 15:38:05.323 計算確認:計算中
2020/03/09 15:38:15.287 計算確認:計算中
2020/03/09 15:38:26.358 計算確認:計算中
2020/03/09 15:38:37.309 計算確認:計算中
2020/03/09 15:38:48.344 計算確認:計算中
2020/03/09 15:38:59.331 計算確認:計算中
2020/03/09 15:39:09.356 計算確認:計算中
2020/03/09 15:39:20.367 計算確認:計算中
2020/03/09 15:39:30.349 計算確認:計算中
2020/03/09 15:39:40.343 計算確認:計算中
2020/03/09 15:39:51.342 計算確認:計算中
2020/03/09 15:40:01.397 計算確認:計算中
2020/03/09 15:40:11.325 計算確認:計算中
2020/03/09 15:40:21.319 計算確認:計算中
2020/03/09 15:40:31.367 計算確認:計算中
2020/03/09 15:40:42.325 計算確認:計算中
2020/03/09 15:40:53.304 計算確認:計算中
2020/03/09 15:41:03.336 計算確認:計算中
2020/03/09 15:41:13.324 計算確認:計算中
2020/03/09 15:41:24.300 計算確認:計算中
2020/03/09 15:41:34.304 計算確認:計算中
2020/03/09 15:41:44.330 計算確認:計算中
2020/03/09 15:41:55.377 計算確認:計算中
2020/03/09 15:42:06.316 計算確認:計算中
2020/03/09 15:42:17.304 計算確認:計算中
2020/03/09 15:42:28.303 計算確認:計算中
2020/03/09 15:42:38.303 計算確認:計算中
2020/03/09 15:42:48.321 計算確認:計算中
2020/03/09 15:42:59.318 計算確認:計算中
2020/03/09 15:43:09.327 計算確認:計算中
2020/03/09 15:43:20.296 計算確認:計算中
2020/03/09 15:43:30.338 計算確認:計算中
2020/03/09 15:43:40.330 計算確認:計算中
2020/03/09 15:43:50.327 計算確認:計算中
2020/03/09 15:44:01.503 計算確認:計算中
2020/03/09 15:44:12.325 計算確認:計算中
2020/03/09 15:44:23.342 計算確認:計算中
2020/03/09 15:44:34.339 計算確認:計算中
2020/03/09 15:44:44.353 計算確認:計算中
2020/03/09 15:44:55.357 計算確認:計算中
2020/03/09 15:45:05.347 計算確認:計算中
2020/03/09 15:45:16.358 計算確認:計算中
2020/03/09 15:45:27.343 計算確認:計算中
2020/03/09 15:45:37.337 計算確認:計算中
2020/03/09 15:45:47.340 計算確認:計算中
2020/03/09 15:45:58.345 計算確認:計算中
2020/03/09 15:46:08.381 計算確認:計算中
2020/03/09 15:46:19.326 計算確認:計算中
2020/03/09 15:46:30.385 計算確認:計算中
2020/03/09 15:46:41.331 計算確認:計算中
2020/03/09 15:46:51.335 計算確認:計算中
2020/03/09 15:47:01.355 計算確認:計算中
2020/03/09 15:47:12.342 計算確認:計算中
2020/03/09 15:47:22.414 計算確認:計算中
2020/03/09 15:47:33.365 計算確認:計算中
2020/03/09 15:47:43.336 計算確認:計算中
2020/03/09 15:47:54.351 計算確認:計算中
2020/03/09 15:48:05.398 計算確認:計算中
2020/03/09 15:48:16.423 計算確認:計算中
2020/03/09 15:48:27.336 計算確認:計算中
2020/03/09 15:48:37.369 計算確認:計算中
2020/03/09 15:48:48.354 計算確認:計算中
2020/03/09 15:48:59.349 計算確認:計算中
2020/03/09 15:49:09.347 計算確認:計算中
2020/03/09 15:49:19.367 計算確認:計算中
2020/03/09 15:49:30.358 計算確認:計算中
2020/03/09 15:49:40.341 計算確認:計算中
2020/03/09 15:49:50.349 計算確認:計算中
2020/03/09 15:50:00.347 計算確認:計算中
2020/03/09 15:50:11.349 計算確認:計算中
2020/03/09 15:50:21.397 計算確認:計算中
2020/03/09 15:50:31.373 計算確認:計算中
2020/03/09 15:50:41.344 計算確認:計算中
2020/03/09 15:50:52.331 計算確認:計算中
2020/03/09 15:51:02.349 計算確認:計算中
2020/03/09 15:51:13.358 計算確認:計算中
2020/03/09 15:51:23.348 計算確認:計算中
2020/03/09 15:51:34.336 計算確認:計算中
2020/03/09 15:51:45.329 計算確認:計算中
2020/03/09 15:51:56.358 計算確認:計算中
2020/03/09 15:52:07.348 計算確認:計算中
2020/03/09 15:52:17.345 計算確認:計算中
2020/03/09 15:52:27.397 計算確認:計算中
2020/03/09 15:52:37.346 計算確認:計算中
2020/03/09 15:52:47.364 計算確認:計算中
2020/03/09 15:52:58.363 計算確認:計算中
2020/03/09 15:53:09.344 計算確認:計算中
2020/03/09 15:53:20.347 計算確認:計算中
2020/03/09 15:53:31.336 計算確認:計算中
2020/03/09 15:53:42.372 計算確認:計算中
2020/03/09 15:53:53.332 計算確認:計算中
2020/03/09 15:54:03.359 計算確認:計算中
2020/03/09 15:54:14.346 計算確認:計算中
2020/03/09 15:54:24.323 計算確認:計算中
2020/03/09 15:54:34.472 計算確認:計算中
2020/03/09 15:54:45.436 計算確認:計算中
2020/03/09 15:54:55.394 計算確認:計算中
2020/03/09 15:55:05.406 計算確認:計算中
2020/03/09 15:55:16.367 計算確認:計算中
2020/03/09 15:55:26.361 計算確認:計算中
2020/03/09 15:55:36.368 計算確認:計算中
2020/03/09 15:55:47.349 計算確認:計算中
2020/03/09 15:55:57.363 計算確認:計算中
2020/03/09 15:56:08.363 計算確認:計算中
2020/03/09 15:56:19.368 計算確認:計算中
2020/03/09 15:56:30.349 計算確認:計算中
2020/03/09 15:56:40.421 計算確認:計算中
2020/03/09 15:56:51.331 計算確認:計算中
2020/03/09 15:57:01.379 計算確認:計算中
2020/03/09 15:57:11.379 計算確認:計算中
2020/03/09 15:57:22.324 計算確認:計算中
2020/03/09 15:57:32.360 計算確認:計算中
2020/03/09 15:57:43.363 計算確認:計算中
2020/03/09 15:57:54.329 計算確認:計算中
2020/03/09 15:58:04.374 計算確認:計算中
2020/03/09 15:58:15.340 計算確認:計算中
2020/03/09 15:58:25.352 計算確認:計算中
2020/03/09 15:58:36.346 計算確認:計算中
2020/03/09 15:58:46.397 計算確認:計算中
2020/03/09 15:58:57.381 計算確認:計算中
2020/03/09 15:59:08.371 計算確認:計算中
2020/03/09 15:59:19.373 計算確認:計算中
2020/03/09 15:59:30.432 計算確認:計算中
2020/03/09 15:59:40.427 計算確認:計算中
2020/03/09 15:59:50.355 計算確認:計算中
2020/03/09 16:00:01.447 計算確認:計算中
2020/03/09 16:00:12.341 計算確認:計算中
2020/03/09 16:00:23.346 計算確認:計算中
2020/03/09 16:00:34.342 計算確認:計算中
2020/03/09 16:00:44.352 計算確認:計算中
2020/03/09 16:00:54.466 計算確認:計算中
2020/03/09 16:01:05.396 計算確認:計算中
2020/03/09 16:01:15.342 計算確認:計算中
2020/03/09 16:01:26.357 計算確認:計算中
2020/03/09 16:01:36.387 計算確認:計算中
2020/03/09 16:01:46.357 計算確認:計算中
2020/03/09 16:01:57.359 計算確認:計算中
2020/03/09 16:02:08.325 計算確認:計算中
2020/03/09 16:02:19.361 計算確認:計算中
2020/03/09 16:02:29.367 計算確認:計算中
2020/03/09 16:02:40.408 計算確認:計算中
2020/03/09 16:02:51.359 計算確認:計算中
2020/03/09 16:03:02.423 計算確認:計算中
2020/03/09 16:03:13.464 計算確認:計算中
2020/03/09 16:03:24.356 計算確認:計算中
2020/03/09 16:03:35.373 計算確認:計算中
2020/03/09 16:03:45.355 計算確認:計算中
2020/03/09 16:03:56.397 計算確認:計算中
2020/03/09 16:04:07.354 計算確認:計算中
2020/03/09 16:04:17.356 計算確認:計算中
2020/03/09 16:04:28.383 計算確認:計算中
2020/03/09 16:04:38.347 計算確認:計算中
2020/03/09 16:04:49.359 計算確認:計算中
2020/03/09 16:04:59.365 計算確認:計算中
2020/03/09 16:05:09.467 計算確認:計算中
2020/03/09 16:05:20.370 計算確認:計算中
2020/03/09 16:05:31.369 計算確認:計算中
2020/03/09 16:05:41.358 計算確認:計算中
2020/03/09 16:05:51.355 計算確認:計算中
2020/03/09 16:06:02.447 計算確認:計算中
2020/03/09 16:06:13.426 計算確認:計算中
2020/03/09 16:06:24.367 計算確認:計算中
2020/03/09 16:06:34.385 計算確認:計算中
2020/03/09 16:06:45.405 計算確認:計算中
2020/03/09 16:06:56.384 計算確認:計算中
2020/03/09 16:07:07.377 計算確認:計算中
2020/03/09 16:07:18.406 計算確認:計算中
2020/03/09 16:07:28.364 計算確認:計算中
2020/03/09 16:07:39.372 計算確認:計算中
2020/03/09 16:07:49.346 計算確認:計算中
2020/03/09 16:08:00.357 計算確認:計算中
2020/03/09 16:08:10.369 計算確認:計算中
2020/03/09 16:08:21.350 計算確認:計算中
2020/03/09 16:08:31.352 計算確認:計算中
2020/03/09 16:08:42.320 計算確認:計算中
2020/03/09 16:08:52.344 計算確認:計算中
2020/03/09 16:09:03.331 計算確認:計算中
2020/03/09 16:09:14.426 計算確認:計算中
2020/03/09 16:09:25.426 計算確認:計算中
2020/03/09 16:09:36.316 計算確認:計算中
2020/03/09 16:09:46.419 計算確認:計算中
2020/03/09 16:09:57.364 計算確認:計算中
2020/03/09 16:10:07.355 計算確認:計算中
2020/03/09 16:10:18.328 計算確認:計算中
2020/03/09 16:10:28.435 計算確認:計算中
2020/03/09 16:10:38.431 計算確認:計算中
2020/03/09 16:10:49.381 計算確認:計算中
2020/03/09 16:11:00.392 計算確認:計算中
2020/03/09 16:11:10.392 計算確認:計算中
2020/03/09 16:11:21.338 計算確認:計算中
2020/03/09 16:11:31.469 計算確認:計算中
2020/03/09 16:11:42.325 計算確認:計算中
2020/03/09 16:11:53.379 計算確認:計算中
2020/03/09 16:12:03.348 計算確認:計算中
2020/03/09 16:12:14.360 計算確認:計算中
2020/03/09 16:12:25.359 計算確認:計算中
2020/03/09 16:12:36.400 計算確認:計算中
2020/03/09 16:12:46.335 計算確認:計算中
2020/03/09 16:12:56.351 計算確認:計算中
2020/03/09 16:13:06.395 計算確認:計算中
2020/03/09 16:13:16.359 計算確認:計算中
2020/03/09 16:13:27.348 計算確認:計算中
2020/03/09 16:13:38.447 計算確認:計算中
2020/03/09 16:13:48.352 計算確認:計算中
2020/03/09 16:13:59.572 計算確認:計算中
2020/03/09 16:14:10.457 計算確認:計算中
2020/03/09 16:14:20.506 計算確認:計算中
2020/03/09 16:14:31.343 計算確認:計算中
2020/03/09 16:14:41.338 計算確認:計算中
2020/03/09 16:14:52.373 計算確認:計算中
2020/03/09 16:15:02.415 計算確認:計算中
2020/03/09 16:15:12.379 計算確認:計算中
2020/03/09 16:15:23.671 計算確認:計算中
2020/03/09 16:15:33.367 計算確認:計算中
2020/03/09 16:15:44.443 計算確認:計算中
2020/03/09 16:15:55.389 計算確認:計算中
2020/03/09 16:16:05.455 計算確認:計算中
2020/03/09 16:16:16.364 計算確認:計算中
2020/03/09 16:16:26.646 計算確認:計算中
2020/03/09 16:16:36.640 計算確認:計算中
2020/03/09 16:16:47.681 計算確認:計算中
2020/03/09 16:16:58.668 計算確認:計算中
2020/03/09 16:17:09.691 計算確認:計算中
2020/03/09 16:17:19.644 計算確認:計算中
2020/03/09 16:17:30.715 計算確認:計算中
2020/03/09 16:17:41.680 計算確認:計算中
2020/03/09 16:17:52.707 計算確認:計算中
2020/03/09 16:18:02.683 計算確認:計算中
2020/03/09 16:18:13.653 計算確認:計算中
2020/03/09 16:18:24.657 計算確認:計算中
2020/03/09 16:18:34.628 計算確認:計算中
2020/03/09 16:18:44.646 計算確認:計算中
2020/03/09 16:18:55.675 計算確認:計算中
2020/03/09 16:19:05.663 計算確認:計算中
2020/03/09 16:19:16.719 計算確認:計算中
2020/03/09 16:19:26.657 計算確認:計算中
2020/03/09 16:19:36.633 計算確認:計算中
2020/03/09 16:19:47.616 計算確認:計算中
2020/03/09 16:19:57.746 計算確認:計算中
2020/03/09 16:20:08.680 計算確認:計算中
2020/03/09 16:20:18.632 計算確認:計算中
2020/03/09 16:20:28.680 計算確認:計算中
2020/03/09 16:20:39.650 計算確認:計算中
2020/03/09 16:20:49.626 計算確認:計算中
2020/03/09 16:20:59.651 計算確認:計算中
2020/03/09 16:21:10.655 計算確認:計算中
2020/03/09 16:21:20.692 計算確認:計算中
2020/03/09 16:21:31.667 計算確認:計算中
2020/03/09 16:21:42.684 計算確認:計算中
2020/03/09 16:21:53.665 計算確認:計算中
2020/03/09 16:22:04.802 計算確認:計算中
2020/03/09 16:22:15.623 計算確認:計算中
2020/03/09 16:22:25.639 計算確認:計算中
2020/03/09 16:22:36.659 計算確認:計算中
2020/03/09 16:22:47.644 計算確認:計算中
2020/03/09 16:22:58.671 計算確認:計算中
2020/03/09 16:23:09.648 計算確認:計算中
2020/03/09 16:23:19.642 計算確認:計算中
2020/03/09 16:23:29.643 計算確認:計算中
2020/03/09 16:23:40.647 計算確認:計算中
2020/03/09 16:23:51.641 計算確認:計算中
2020/03/09 16:24:02.701 計算確認:計算中
2020/03/09 16:24:13.741 計算確認:計算中
2020/03/09 16:24:23.663 計算確認:計算中
2020/03/09 16:24:34.644 計算確認:計算中
2020/03/09 16:24:44.645 計算確認:計算中
2020/03/09 16:24:55.668 計算確認:計算中
2020/03/09 16:25:06.709 計算確認:計算中
2020/03/09 16:25:16.698 計算確認:計算中
2020/03/09 16:25:27.636 計算確認:計算中
2020/03/09 16:25:38.653 計算確認:計算中
2020/03/09 16:25:48.666 計算確認:計算中
2020/03/09 16:25:59.686 計算確認:計算中
2020/03/09 16:26:09.666 計算確認:計算中
2020/03/09 16:26:20.814 計算確認:計算中
2020/03/09 16:26:30.666 計算確認:計算中
2020/03/09 16:26:41.640 計算確認:計算中
2020/03/09 16:26:51.660 計算確認:計算中
2020/03/09 16:27:01.652 計算確認:計算中
2020/03/09 16:27:12.649 計算確認:計算中
2020/03/09 16:27:22.640 計算確認:計算中
2020/03/09 16:27:32.640 計算確認:計算中
2020/03/09 16:27:42.664 計算確認:計算中
2020/03/09 16:27:53.639 計算確認:計算中
2020/03/09 16:28:03.648 計算確認:計算中
2020/03/09 16:28:14.669 計算確認:計算中
2020/03/09 16:28:25.733 計算確認:計算中
2020/03/09 16:28:35.645 計算確認:計算中
2020/03/09 16:28:46.648 計算確認:計算中
2020/03/09 16:28:56.638 計算確認:計算中
2020/03/09 16:29:07.595 計算確認:計算中
2020/03/09 16:29:17.649 計算確認:計算中
2020/03/09 16:29:28.666 計算確認:計算中
2020/03/09 16:29:38.649 計算確認:計算中
2020/03/09 16:29:49.685 計算確認:計算中
2020/03/09 16:29:59.654 計算確認:計算中
2020/03/09 16:30:09.698 計算確認:計算中
2020/03/09 16:30:20.636 計算確認:計算中
2020/03/09 16:30:31.760 計算確認:計算中
2020/03/09 16:30:41.826 計算確認:計算中
2020/03/09 16:30:52.670 計算確認:計算中
2020/03/09 16:31:02.670 計算確認:計算中
2020/03/09 16:31:12.671 計算確認:計算中
2020/03/09 16:31:23.652 計算確認:計算中
2020/03/09 16:31:33.682 計算確認:計算中
2020/03/09 16:31:43.649 計算確認:計算中
2020/03/09 16:31:54.663 計算確認:計算中
2020/03/09 16:32:05.680 計算確認:計算中
2020/03/09 16:32:16.656 計算確認:計算中
2020/03/09 16:32:27.786 計算確認:計算中
2020/03/09 16:32:37.834 計算確認:計算中
2020/03/09 16:32:48.654 計算確認:計算中
2020/03/09 16:32:59.681 計算確認:計算中
2020/03/09 16:33:10.658 計算確認:計算中
2020/03/09 16:33:21.646 計算確認:計算中
2020/03/09 16:33:31.672 計算確認:計算中
2020/03/09 16:33:42.657 計算確認:計算中
2020/03/09 16:33:53.644 計算確認:計算中
2020/03/09 16:34:04.656 計算確認:計算中
2020/03/09 16:34:15.642 計算確認:計算中
2020/03/09 16:34:25.738 計算確認:計算中
2020/03/09 16:34:36.635 計算確認:計算中
2020/03/09 16:34:47.725 計算確認:計算中
2020/03/09 16:34:57.659 計算確認:計算中
2020/03/09 16:35:07.635 計算確認:計算中
2020/03/09 16:35:18.648 計算確認:計算中
2020/03/09 16:35:28.665 計算確認:計算中
2020/03/09 16:35:38.647 計算確認:計算中
2020/03/09 16:35:49.664 計算確認:計算中
2020/03/09 16:36:00.648 計算確認:計算中
2020/03/09 16:36:11.651 計算確認:計算中
2020/03/09 16:36:21.637 計算確認:計算中
2020/03/09 16:36:32.651 計算確認:計算中
2020/03/09 16:36:42.657 計算確認:計算中
2020/03/09 16:36:53.745 計算確認:計算中
2020/03/09 16:37:04.673 計算確認:計算中
2020/03/09 16:37:14.679 計算確認:計算中
2020/03/09 16:37:25.679 計算確認:計算中
2020/03/09 16:37:36.713 計算確認:計算中
2020/03/09 16:37:47.658 計算確認:計算中
2020/03/09 16:37:58.651 計算確認:計算中
2020/03/09 16:38:08.657 計算確認:計算中
2020/03/09 16:38:19.675 計算確認:計算中
2020/03/09 16:38:29.673 計算確認:計算中
2020/03/09 16:38:39.652 計算確認:計算中
2020/03/09 16:38:49.651 計算確認:計算中
2020/03/09 16:38:59.915 計算確認:計算中
2020/03/09 16:39:10.747 計算確認:計算中
2020/03/09 16:39:20.677 計算確認:計算中
2020/03/09 16:39:31.657 計算確認:計算中
2020/03/09 16:39:41.687 計算確認:計算中
2020/03/09 16:39:52.680 計算確認:計算中
2020/03/09 16:40:02.686 計算確認:計算中
2020/03/09 16:40:13.667 計算確認:計算中
2020/03/09 16:40:24.684 計算確認:計算中
2020/03/09 16:40:34.679 計算確認:計算中
2020/03/09 16:40:45.672 計算確認:計算中
2020/03/09 16:40:55.792 計算確認:計算中
2020/03/09 16:41:06.767 計算確認:計算中
2020/03/09 16:41:17.670 計算確認:計算中
2020/03/09 16:41:28.689 計算確認:計算中
2020/03/09 16:41:38.688 計算確認:計算中
2020/03/09 16:41:49.666 計算確認:計算中
2020/03/09 16:41:59.687 計算確認:計算中
2020/03/09 16:42:10.674 計算確認:計算中
2020/03/09 16:42:20.664 計算確認:計算中
2020/03/09 16:42:30.711 計算確認:計算中
2020/03/09 16:42:41.694 計算確認:計算中
2020/03/09 16:42:51.692 計算確認:計算中
2020/03/09 16:43:02.709 計算確認:計算中
2020/03/09 16:43:13.816 計算確認:計算中
2020/03/09 16:43:24.708 計算確認:計算中
2020/03/09 16:43:34.698 計算確認:計算中
2020/03/09 16:43:44.684 計算確認:計算中
2020/03/09 16:43:55.722 計算確認:計算中
2020/03/09 16:44:06.718 計算確認:計算中
2020/03/09 16:44:17.688 計算確認:計算中
2020/03/09 16:44:28.717 計算確認:計算中
2020/03/09 16:44:39.698 計算確認:計算中
2020/03/09 16:44:50.691 計算確認:計算中
2020/03/09 16:45:01.726 計算確認:計算中
2020/03/09 16:45:11.718 計算確認:計算中
2020/03/09 16:45:22.839 計算確認:計算中
2020/03/09 16:45:33.718 計算確認:計算中
2020/03/09 16:45:44.748 計算確認:計算中
2020/03/09 16:47:34.661 計算確認:計算中
2020/03/09 16:47:36.036 計算確認:計算中
2020/03/09 16:47:46.257 計算確認:計算中
2020/03/09 16:47:56.818 計算確認:計算中
2020/03/09 16:48:06.784 計算確認:計算中
2020/03/09 16:48:17.777 計算確認:計算中
2020/03/09 16:48:27.807 計算確認:計算中
2020/03/09 16:48:38.789 計算確認:計算中
2020/03/09 16:48:49.863 計算確認:計算中
2020/03/09 16:49:00.787 計算確認:計算中
2020/03/09 16:49:11.810 計算確認:計算中
2020/03/09 16:49:22.785 計算確認:計算中
2020/03/09 16:49:33.814 計算確認:計算中
2020/03/09 16:49:43.886 計算確認:計算中
2020/03/09 16:49:54.802 計算確認:計算中
2020/03/09 16:50:05.782 計算確認:計算中
2020/03/09 16:50:15.796 計算確認:計算中
2020/03/09 16:50:26.812 計算確認:計算中
2020/03/09 16:50:37.787 計算確認:計算中
2020/03/09 16:50:47.799 計算確認:計算中
2020/03/09 16:50:58.828 計算確認:計算中
2020/03/09 16:51:09.804 計算確認:計算中
2020/03/09 16:51:19.816 計算確認:計算中
2020/03/09 16:51:29.804 計算確認:計算中
2020/03/09 16:51:40.797 計算確認:計算中
2020/03/09 16:51:50.935 計算確認:計算中
2020/03/09 16:52:00.828 計算確認:計算中
2020/03/09 16:52:11.815 計算確認:計算中
2020/03/09 16:52:22.802 計算確認:計算中
2020/03/09 16:52:32.796 計算確認:計算中
2020/03/09 16:52:43.819 計算確認:計算中
2020/03/09 16:52:53.789 計算確認:計算中
2020/03/09 16:53:04.836 計算確認:計算中
2020/03/09 16:53:14.772 計算確認:計算中
2020/03/09 16:53:25.775 計算確認:計算中
2020/03/09 16:53:36.801 計算確認:計算中
2020/03/09 16:53:46.799 計算確認:計算中
2020/03/09 16:53:57.857 計算確認:計算中
2020/03/09 16:54:07.792 計算確認:計算中
2020/03/09 16:54:18.815 計算確認:計算中
2020/03/09 16:54:29.802 計算確認:計算中
2020/03/09 16:54:40.796 計算確認:計算中
2020/03/09 16:54:50.799 計算確認:計算中
2020/03/09 16:55:00.862 計算確認:計算中
2020/03/09 16:55:11.801 計算確認:計算中
2020/03/09 16:55:21.785 計算確認:計算中
2020/03/09 16:55:32.789 計算確認:計算中
2020/03/09 16:55:42.801 計算確認:計算中
2020/03/09 16:55:53.764 計算確認:計算中
2020/03/09 16:56:04.982 計算確認:計算中
2020/03/09 16:56:15.811 計算確認:計算中
2020/03/09 16:56:26.796 計算確認:計算中
2020/03/09 16:56:36.774 計算確認:計算中
2020/03/09 16:56:47.772 計算確認:計算中
2020/03/09 16:56:57.779 計算確認:計算中
2020/03/09 16:57:08.790 計算確認:計算中
2020/03/09 16:57:19.787 計算確認:計算中
2020/03/09 16:57:30.812 計算確認:計算中
2020/03/09 16:57:41.782 計算確認:計算中
2020/03/09 16:57:52.775 計算確認:計算中
2020/03/09 16:58:02.793 計算確認:計算中
2020/03/09 16:58:13.882 計算確認:計算中
2020/03/09 16:58:25.068 計算確認:計算中
2020/03/09 16:58:34.881 計算確認:計算中
2020/03/09 16:58:45.790 計算確認:計算中
2020/03/09 16:58:56.814 計算確認:計算中
2020/03/09 16:59:06.778 計算確認:計算中
2020/03/09 16:59:17.747 計算確認:計算中
2020/03/09 16:59:27.778 計算確認:計算中
2020/03/09 16:59:38.790 計算確認:計算中
2020/03/09 16:59:49.800 計算確認:計算中
2020/03/09 17:00:00.780 計算確認:計算中
2020/03/09 17:00:10.800 計算確認:計算中
2020/03/09 17:00:21.858 計算確認:計算中
2020/03/09 17:00:31.798 計算確認:計算中
2020/03/09 17:00:41.805 計算確認:計算中
2020/03/09 17:00:52.780 計算確認:計算中
2020/03/09 17:01:02.768 計算確認:計算中
2020/03/09 17:01:13.756 計算確認:計算中
2020/03/09 17:01:24.755 計算確認:計算中
2020/03/09 17:01:35.791 計算確認:計算中
2020/03/09 17:01:46.782 計算確認:計算中
2020/03/09 17:01:56.777 計算確認:計算中
2020/03/09 17:02:06.951 計算確認:計算中
2020/03/09 17:02:17.938 計算確認:計算中
2020/03/09 17:02:28.028 計算確認:計算中
2020/03/09 17:02:38.962 計算確認:計算中
2020/03/09 17:02:49.937 計算確認:計算中
2020/03/09 17:03:00.925 計算確認:計算中
2020/03/09 17:03:10.996 計算確認:計算中
2020/03/09 17:03:20.984 計算確認:計算中
2020/03/09 17:03:31.953 計算確認:計算中
2020/03/09 17:03:42.944 計算確認:計算中
2020/03/09 17:03:53.930 計算確認:計算中
2020/03/09 17:04:03.957 計算確認:計算中
2020/03/09 17:04:14.945 計算確認:計算中
2020/03/09 17:04:25.963 計算確認:計算中
2020/03/09 17:04:37.057 計算確認:計算中
2020/03/09 17:04:47.930 計算確認:計算中
2020/03/09 17:04:58.003 計算確認:計算中
2020/03/09 17:05:07.979 計算確認:計算中
2020/03/09 17:05:18.954 計算確認:計算中
2020/03/09 17:05:29.959 計算確認:計算中
2020/03/09 17:05:39.954 計算確認:計算中
2020/03/09 17:05:50.965 計算確認:計算中
2020/03/09 17:06:01.953 計算確認:計算中
2020/03/09 17:06:11.952 計算確認:計算中
2020/03/09 17:06:22.921 計算確認:計算中
2020/03/09 17:06:32.939 計算確認:計算中
2020/03/09 17:06:44.070 計算確認:計算中
2020/03/09 17:06:53.975 計算確認:計算中
2020/03/09 17:07:04.003 計算確認:計算中
2020/03/09 17:07:14.976 計算確認:計算中
2020/03/09 17:07:26.069 計算確認:計算中
2020/03/09 17:07:35.956 計算確認:計算中
2020/03/09 17:07:46.997 計算確認:計算中
2020/03/09 17:07:57.033 計算確認:計算中
2020/03/09 17:08:07.967 計算確認:計算中
2020/03/09 17:08:17.972 計算確認:計算中
2020/03/09 17:08:28.985 計算確認:計算中
2020/03/09 17:08:39.128 計算確認:計算中
2020/03/09 17:08:50.062 計算確認:計算中
2020/03/09 17:09:00.983 計算確認:計算中
2020/03/09 17:09:11.973 計算確認:計算中
2020/03/09 17:09:22.933 計算確認:計算中
2020/03/09 17:09:33.992 計算確認:計算中
2020/03/09 17:09:45.152 計算確認:計算中
2020/03/09 17:09:54.955 計算確認:計算中
2020/03/09 17:10:05.984 計算確認:計算中
2020/03/09 17:10:16.959 計算確認:計算中
2020/03/09 17:10:26.954 計算確認:計算中
2020/03/09 17:10:37.967 計算確認:計算中
2020/03/09 17:10:47.965 計算確認:計算中
2020/03/09 17:10:59.114 計算確認:計算中
2020/03/09 17:11:09.964 計算確認:計算中
2020/03/09 17:11:20.957 計算確認:計算中
2020/03/09 17:11:31.968 計算確認:計算中
2020/03/09 17:11:41.962 計算確認:計算中
2020/03/09 17:11:52.967 計算確認:計算中
2020/03/09 17:12:03.978 計算確認:計算中
2020/03/09 17:12:13.988 計算確認:計算中
2020/03/09 17:12:24.942 計算確認:計算中
2020/03/09 17:12:34.942 計算確認:計算中
2020/03/09 17:12:45.971 計算確認:計算中
2020/03/09 17:12:56.946 計算確認:計算中
2020/03/09 17:13:08.047 計算確認:計算中
2020/03/09 17:13:18.951 計算確認:計算中
2020/03/09 17:13:28.993 計算確認:計算中
2020/03/09 17:13:39.968 計算確認:計算中
2020/03/09 17:13:49.944 計算確認:計算中
2020/03/09 17:13:59.968 計算確認:計算中
2020/03/09 17:14:10.985 計算確認:計算中
2020/03/09 17:14:20.941 計算確認:計算中
2020/03/09 17:14:31.938 計算確認:計算中
2020/03/09 17:14:42.960 計算確認:計算中
2020/03/09 17:14:53.949 計算確認:計算中
2020/03/09 17:15:03.936 計算確認:計算中
2020/03/09 17:15:14.073 計算確認:計算中
2020/03/09 17:15:25.007 計算確認:計算中
2020/03/09 17:15:35.945 計算確認:計算中
2020/03/09 17:15:45.987 計算確認:計算中
2020/03/09 17:15:57.052 計算確認:計算中
2020/03/09 17:16:07.946 計算確認:計算中
2020/03/09 17:16:18.943 計算確認:計算中
2020/03/09 17:16:29.003 計算確認:計算中
2020/03/09 17:16:38.931 計算確認:計算中
2020/03/09 17:16:48.962 計算確認:計算中
2020/03/09 17:16:59.963 計算確認:計算中
2020/03/09 17:17:10.008 計算確認:計算中
2020/03/09 17:17:21.058 計算確認:計算中
2020/03/09 17:17:30.973 計算確認:計算中
2020/03/09 17:17:41.936 計算確認:計算中
2020/03/09 17:17:51.949 計算確認:計算中
2020/03/09 17:18:01.960 計算確認:計算中
2020/03/09 17:18:12.961 計算確認:計算中
2020/03/09 17:18:23.935 計算確認:計算中
2020/03/09 17:18:33.944 計算確認:計算中
2020/03/09 17:18:44.946 計算確認:計算中
2020/03/09 17:18:55.945 計算確認:計算中
2020/03/09 17:19:05.983 計算確認:計算中
2020/03/09 17:19:16.938 計算確認:計算中
2020/03/09 17:19:27.085 計算確認:計算中
2020/03/09 17:19:38.010 計算確認:計算中
2020/03/09 17:19:49.003 計算確認:計算中
2020/03/09 17:19:59.968 計算確認:計算中
2020/03/09 17:20:09.990 計算確認:計算中
2020/03/09 17:20:19.949 計算確認:計算中
2020/03/09 17:20:30.984 計算確認:計算中
2020/03/09 17:20:40.962 計算確認:計算中
2020/03/09 17:20:51.953 計算確認:計算中
2020/03/09 17:21:01.984 計算確認:計算中
2020/03/09 17:21:12.983 計算確認:計算中
2020/03/09 17:21:23.922 計算確認:計算中
2020/03/09 17:21:35.100 計算確認:計算中
2020/03/09 17:21:44.981 計算確認:計算中
2020/03/09 17:21:55.984 計算確認:計算中
2020/03/09 17:22:06.029 計算確認:計算中
2020/03/09 17:22:16.956 計算確認:計算中
2020/03/09 17:22:27.951 計算確認:計算中
2020/03/09 17:22:37.967 計算確認:計算中
2020/03/09 17:22:48.974 計算確認:計算中
2020/03/09 17:22:59.959 計算確認:計算中
2020/03/09 17:23:10.952 計算確認:計算中
2020/03/09 17:23:21.957 計算確認:計算中
2020/03/09 17:23:31.964 計算確認:計算中
2020/03/09 17:23:43.118 計算確認:計算中
2020/03/09 17:23:53.958 計算確認:計算中
2020/03/09 17:24:03.950 計算確認:計算中
2020/03/09 17:24:14.933 計算確認:計算中
2020/03/09 17:24:24.992 計算確認:計算中
2020/03/09 17:24:36.023 計算確認:計算中
2020/03/09 17:24:46.984 計算確認:計算中
2020/03/09 17:24:56.960 計算確認:計算中
2020/03/09 17:25:07.978 計算確認:計算中
2020/03/09 17:25:18.964 計算確認:計算中
2020/03/09 17:25:29.964 計算確認:計算中
2020/03/09 17:25:40.000 計算確認:計算中
2020/03/09 17:25:51.059 計算確認:計算中
2020/03/09 17:26:00.951 計算確認:計算中
2020/03/09 17:26:10.987 計算確認:計算中
2020/03/09 17:26:21.945 計算確認:計算中
2020/03/09 17:26:31.948 計算確認:計算中
2020/03/09 17:26:42.970 計算確認:計算中
2020/03/09 17:26:53.937 計算確認:計算中
2020/03/09 17:27:04.954 計算確認:計算中
2020/03/09 17:27:14.937 計算確認:計算中
2020/03/09 17:27:24.973 計算確認:計算中
2020/03/09 17:27:34.932 計算確認:計算中
2020/03/09 17:27:45.923 計算確認:計算中
2020/03/09 17:27:56.010 計算確認:計算中
2020/03/09 17:28:05.942 計算確認:計算中
2020/03/09 17:28:16.972 計算確認:計算中
2020/03/09 17:28:26.960 計算確認:計算中
2020/03/09 17:28:37.965 計算確認:計算中
2020/03/09 17:28:48.954 計算確認:計算中
2020/03/09 17:28:58.982 計算確認:計算中
2020/03/09 17:29:08.937 計算確認:計算中
2020/03/09 17:29:19.976 計算確認:計算中
2020/03/09 17:29:29.964 計算確認:計算中
2020/03/09 17:29:40.940 計算確認:計算中
2020/03/09 17:29:51.957 計算確認:計算中
2020/03/09 17:30:03.119 計算確認:計算中
2020/03/09 17:30:12.968 計算確認:計算中
2020/03/09 17:30:23.955 計算確認:計算中
2020/03/09 17:30:34.948 計算確認:計算中
2020/03/09 17:30:45.020 計算確認:計算中
2020/03/09 17:30:55.949 計算確認:計算中
2020/03/09 17:31:06.947 計算確認:計算中
2020/03/09 17:31:16.949 計算確認:計算中
2020/03/09 17:31:26.995 計算確認:計算中
2020/03/09 17:31:37.940 計算確認:計算中
2020/03/09 17:31:49.000 計算確認:計算中
2020/03/09 17:31:58.970 計算確認:計算中
2020/03/09 17:32:10.084 計算確認:計算中
2020/03/09 17:32:20.939 計算確認:計算中
2020/03/09 17:32:31.961 計算確認:計算中
2020/03/09 17:32:42.075 計算確認:計算中
2020/03/09 17:32:51.929 計算確認:計算中
2020/03/09 17:33:03.015 計算確認:計算中
2020/03/09 17:33:13.978 計算確認:計算中
2020/03/09 17:33:24.985 計算確認:計算中
2020/03/09 17:33:34.965 計算確認:計算中
2020/03/09 17:33:45.949 計算確認:計算中
2020/03/09 17:33:55.953 計算確認:計算中
2020/03/09 17:34:05.958 計算確認:計算中
2020/03/09 17:34:17.060 計算確認:計算中
2020/03/09 17:34:26.962 計算確認:計算中
2020/03/09 17:34:36.937 計算確認:計算中
2020/03/09 17:34:47.963 計算確認:計算中
2020/03/09 17:34:57.985 計算確認:計算中
2020/03/09 17:35:07.976 計算確認:計算中
2020/03/09 17:35:18.981 計算確認:計算中
2020/03/09 17:35:29.998 計算確認:計算中
2020/03/09 17:35:40.938 計算確認:計算中
2020/03/09 17:35:50.994 計算確認:計算中
2020/03/09 17:36:01.967 計算確認:計算中
2020/03/09 17:36:11.955 計算確認:計算中
2020/03/09 17:36:23.074 計算確認:計算中
2020/03/09 17:36:33.946 計算確認:計算中
2020/03/09 17:36:43.990 計算確認:計算中
2020/03/09 17:36:53.945 計算確認:計算中
2020/03/09 17:37:04.938 計算確認:計算中
2020/03/09 17:37:15.940 計算確認:計算中
2020/03/09 17:37:26.944 計算確認:計算中
2020/03/09 17:37:36.929 計算確認:計算中
2020/03/09 17:37:46.945 計算確認:計算中
2020/03/09 17:37:57.945 計算確認:計算中
2020/03/09 17:38:07.934 計算確認:計算中
2020/03/09 17:38:17.958 計算確認:計算中
2020/03/09 17:38:29.083 計算確認:計算中
2020/03/09 17:38:38.948 計算確認:計算中
2020/03/09 17:38:48.970 計算確認:計算中
2020/03/09 17:38:58.993 計算確認:計算中
2020/03/09 17:39:09.964 計算確認:計算中
2020/03/09 17:39:20.005 計算確認:計算中
2020/03/09 17:39:30.988 計算確認:計算中
2020/03/09 17:39:41.968 計算確認:計算中
2020/03/09 17:39:52.942 計算確認:計算中
2020/03/09 17:40:03.979 計算確認:計算中
2020/03/09 17:40:13.964 計算確認:計算中
2020/03/09 17:40:24.970 計算確認:計算中
2020/03/09 17:40:36.036 計算確認:計算中
2020/03/09 17:40:46.997 計算確認:計算中
2020/03/09 17:40:57.975 計算確認:計算中
2020/03/09 17:41:08.996 計算確認:計算中
2020/03/09 17:41:19.985 計算確認:計算中
2020/03/09 17:41:29.991 計算確認:計算中
2020/03/09 17:41:41.002 計算確認:計算中
2020/03/09 17:41:50.961 計算確認:計算中
2020/03/09 17:42:01.995 計算確認:計算中
2020/03/09 17:42:12.985 計算確認:計算中
2020/03/09 17:42:23.952 計算確認:計算中
2020/03/09 17:42:33.975 計算確認:計算中
2020/03/09 17:42:45.269 計算確認:計算中
2020/03/09 17:42:54.946 計算確認:計算中
2020/03/09 17:43:04.941 計算確認:計算中
2020/03/09 17:43:15.975 計算確認:計算中
2020/03/09 17:43:25.981 計算確認:計算中
2020/03/09 17:43:35.957 計算確認:計算中
2020/03/09 17:43:46.936 計算確認:計算中
2020/03/09 17:43:57.980 計算確認:計算中
2020/03/09 17:44:08.941 計算確認:計算中
2020/03/09 17:44:18.944 計算確認:計算中
2020/03/09 17:44:28.990 計算確認:計算中
2020/03/09 17:44:39.960 計算確認:計算中
2020/03/09 17:44:50.050 計算確認:計算中
2020/03/09 17:44:59.997 計算確認:計算中
2020/03/09 17:45:09.979 計算確認:計算中
2020/03/09 17:45:20.958 計算確認:計算中
2020/03/09 17:45:30.974 計算確認:計算中
2020/03/09 17:45:40.967 計算確認:計算中
2020/03/09 17:45:51.978 計算確認:計算中
2020/03/09 17:46:01.978 計算確認:計算中
2020/03/09 17:46:12.989 計算確認:計算中
2020/03/09 17:46:23.953 計算確認:計算中
2020/03/09 17:46:34.964 計算確認:計算中
2020/03/09 17:46:45.031 計算確認:計算中
2020/03/09 17:46:55.113 計算確認:計算中
2020/03/09 17:47:05.987 計算確認:計算中
2020/03/09 17:47:17.016 計算確認:計算中
2020/03/09 17:47:26.981 計算確認:計算中
2020/03/09 17:47:37.981 計算確認:計算中
2020/03/09 17:47:49.002 計算確認:計算中
2020/03/09 17:48:00.008 計算確認:計算中
2020/03/09 17:48:09.984 計算確認:計算中
2020/03/09 17:48:19.990 計算確認:計算中
2020/03/09 17:48:31.019 計算確認:計算中
2020/03/09 17:48:40.982 計算確認:計算中
2020/03/09 17:48:51.990 計算確認:計算中
2020/03/09 17:49:03.269 計算確認:計算中
2020/03/09 17:49:13.975 計算確認:計算中
2020/03/09 17:49:23.957 計算確認:計算中
2020/03/09 17:49:33.964 計算確認:計算中
2020/03/09 17:49:43.995 計算確認:計算中
2020/03/09 17:49:53.980 計算確認:計算中
2020/03/09 17:50:04.008 計算確認:計算中
2020/03/09 17:50:14.994 計算確認:計算中
2020/03/09 17:50:25.989 計算確認:計算中
2020/03/09 17:50:35.951 計算確認:計算中
2020/03/09 17:50:46.956 計算確認:計算中
2020/03/09 17:50:57.004 計算確認:計算中
2020/03/09 17:51:08.063 計算確認:計算中
2020/03/09 17:51:17.964 計算確認:計算中
2020/03/09 17:51:27.998 計算確認:計算中
2020/03/09 17:51:37.963 計算確認:計算中
2020/03/09 17:51:48.997 計算確認:計算中
2020/03/09 17:52:00.223 計算確認:計算中
2020/03/09 17:52:10.960 計算確認:計算中
2020/03/09 17:52:20.984 計算確認:計算中
2020/03/09 17:52:30.962 計算確認:計算中
2020/03/09 17:52:40.978 計算確認:計算中
2020/03/09 17:52:51.063 計算確認:計算中
2020/03/09 17:53:02.001 計算確認:計算中
2020/03/09 17:53:12.080 計算確認:計算中
2020/03/09 17:53:22.033 計算確認:計算中
2020/03/09 17:53:33.048 計算確認:計算中
2020/03/09 17:53:42.992 計算確認:計算中
2020/03/09 17:53:53.981 計算確認:計算中
2020/03/09 17:54:03.980 計算確認:計算中
2020/03/09 17:54:14.002 計算確認:計算中
2020/03/09 17:54:25.007 計算確認:計算中
2020/03/09 17:54:35.971 計算確認:計算中
2020/03/09 17:54:47.029 計算確認:計算中
2020/03/09 17:54:58.016 計算確認:計算中
2020/03/09 17:55:07.968 計算確認:計算中
2020/03/09 17:55:19.093 計算確認:計算中
2020/03/09 17:55:29.052 計算確認:計算中
2020/03/09 17:55:39.997 計算確認:計算中
2020/03/09 17:55:49.991 計算確認:計算中
2020/03/09 17:56:00.972 計算確認:計算中
2020/03/09 17:56:11.989 計算確認:計算中
2020/03/09 17:56:21.996 計算確認:計算中
2020/03/09 17:56:33.019 計算確認:計算中
2020/03/09 17:56:43.977 計算確認:計算中
2020/03/09 17:56:54.993 計算確認:計算中
2020/03/09 17:57:05.962 計算確認:計算中
2020/03/09 17:57:16.064 計算確認:計算中
2020/03/09 17:57:27.069 計算確認:計算中
2020/03/09 17:57:37.973 計算確認:計算中
2020/03/09 17:57:48.003 計算確認:計算中
2020/03/09 17:57:59.028 計算確認:計算中
2020/03/09 17:58:09.015 計算確認:計算中
2020/03/09 17:58:20.008 計算確認:計算中
2020/03/09 17:58:31.031 計算確認:計算中
2020/03/09 17:58:40.983 計算確認:計算中
2020/03/09 17:58:51.008 計算確認:計算中
2020/03/09 17:59:01.994 計算確認:計算中
2020/03/09 17:59:12.025 計算確認:計算中
2020/03/09 17:59:22.982 計算確認:計算中
2020/03/09 17:59:34.065 計算確認:計算中
2020/03/09 17:59:43.993 計算確認:計算中
2020/03/09 17:59:54.029 計算確認:計算中
2020/03/09 18:00:05.154 計算確認:計算中
2020/03/09 18:00:15.005 計算確認:計算中
2020/03/09 18:00:26.000 計算確認:計算中
2020/03/09 18:00:36.016 計算確認:計算中
2020/03/09 18:00:46.973 計算確認:計算中
2020/03/09 18:00:57.987 計算確認:計算中
2020/03/09 18:01:07.972 計算確認:計算中
2020/03/09 18:01:19.136 計算確認:計算中
2020/03/09 18:01:29.986 計算確認:計算中
2020/03/09 18:01:40.117 計算確認:計算中
2020/03/09 18:01:50.961 計算確認:計算中
2020/03/09 18:02:02.002 計算確認:計算中
2020/03/09 18:02:12.002 計算確認:計算中
2020/03/09 18:02:22.960 計算確認:計算中
2020/03/09 18:02:32.990 計算確認:計算中
2020/03/09 18:02:43.983 計算確認:計算中
2020/03/09 18:02:54.997 計算確認:計算中
2020/03/09 18:03:05.963 計算確認:計算中
2020/03/09 18:03:16.056 計算確認:計算中
2020/03/09 18:03:27.001 計算確認:計算中
2020/03/09 18:03:37.017 計算確認:計算中
2020/03/09 18:03:48.064 計算確認:計算中
2020/03/09 18:03:59.000 計算確認:計算中
2020/03/09 18:04:09.996 計算確認:計算中
2020/03/09 18:04:20.014 計算確認:計算中
2020/03/09 18:04:30.006 計算確認:計算中
2020/03/09 18:04:40.993 計算確認:計算中
2020/03/09 18:04:51.989 計算確認:計算中
2020/03/09 18:05:01.992 計算確認:計算中
2020/03/09 18:05:12.032 計算確認:計算中
2020/03/09 18:05:22.971 計算確認:計算中
2020/03/09 18:05:33.004 計算確認:計算中
2020/03/09 18:05:43.019 計算確認:計算中
2020/03/09 18:05:54.063 計算確認:計算中
2020/03/09 18:06:05.023 計算確認:計算中
2020/03/09 18:06:14.970 計算確認:計算中
2020/03/09 18:06:24.997 計算確認:計算中
2020/03/09 18:06:34.985 計算確認:計算中
2020/03/09 18:06:46.006 計算確認:計算中
2020/03/09 18:06:57.004 計算確認:計算中
2020/03/09 18:07:07.976 計算確認:計算中
2020/03/09 18:07:18.990 計算確認:計算中
2020/03/09 18:07:28.979 計算確認:計算中
2020/03/09 18:07:39.968 計算確認:計算中
2020/03/09 18:07:49.967 計算確認:計算中
2020/03/09 18:08:01.172 計算確認:計算中
2020/03/09 18:08:12.042 計算確認:計算中
2020/03/09 18:08:23.012 計算確認:計算中
2020/03/09 18:08:34.017 計算確認:計算中
2020/03/09 18:08:43.994 計算確認:計算中
2020/03/09 18:08:55.034 計算確認:計算中
2020/03/09 18:09:04.998 計算確認:計算中
2020/03/09 18:09:15.997 計算確認:計算中
2020/03/09 18:09:25.992 計算確認:計算中
2020/03/09 18:09:36.982 計算確認:計算中
2020/03/09 18:09:47.997 計算確認:計算中
2020/03/09 18:09:59.016 計算確認:計算中
2020/03/09 18:10:10.098 計算確認:計算中
2020/03/09 18:10:19.989 計算確認:計算中
2020/03/09 18:10:30.004 計算確認:計算中
2020/03/09 18:10:40.983 計算確認:計算中
2020/03/09 18:10:51.964 計算確認:計算中
2020/03/09 18:11:01.982 計算確認:計算中
2020/03/09 18:11:12.987 計算確認:計算中
2020/03/09 18:11:23.980 計算確認:計算中
2020/03/09 18:11:34.991 計算確認:計算中
2020/03/09 18:11:44.986 計算確認:計算中
2020/03/09 18:11:55.021 計算確認:計算中
2020/03/09 18:12:05.967 計算確認:計算中
2020/03/09 18:12:16.083 計算確認:計算中
2020/03/09 18:12:26.996 計算確認:計算中
2020/03/09 18:12:36.956 計算確認:計算中
2020/03/09 18:12:48.001 計算確認:計算中
2020/03/09 18:12:58.985 計算確認:計算中
2020/03/09 18:13:09.055 計算確認:計算中
2020/03/09 18:13:19.052 計算確認:計算中
2020/03/09 18:13:30.031 計算確認:計算中
2020/03/09 18:13:40.051 計算確認:計算中
2020/03/09 18:13:51.000 計算確認:計算中
2020/03/09 18:14:00.988 計算確認:計算中
2020/03/09 18:14:12.006 計算確認:計算中
2020/03/09 18:14:23.138 計算確認:計算中
2020/03/09 18:14:33.992 計算確認:計算中
2020/03/09 18:14:44.987 計算確認:計算中
2020/03/09 18:14:54.976 計算確認:計算中
2020/03/09 18:15:06.022 計算確認:計算中
2020/03/09 18:15:16.296 計算確認:計算中
2020/03/09 18:15:26.996 計算確認:計算中
2020/03/09 18:15:36.992 計算確認:計算中
2020/03/09 18:15:47.977 計算確認:計算中
2020/03/09 18:15:58.979 計算確認:計算中
2020/03/09 18:16:08.970 計算確認:計算中
2020/03/09 18:16:18.965 計算確認:計算中
2020/03/09 18:16:29.075 計算確認:計算中
2020/03/09 18:16:39.989 計算確認:計算中
2020/03/09 18:16:50.964 計算確認:計算中
2020/03/09 18:17:01.005 計算確認:計算中
2020/03/09 18:17:12.018 計算確認:計算中
2020/03/09 18:17:21.995 計算確認:計算中
2020/03/09 18:17:32.976 計算確認:計算中
2020/03/09 18:17:44.003 計算確認:計算中
2020/03/09 18:17:55.016 計算確認:計算中
2020/03/09 18:18:04.997 計算確認:計算中
2020/03/09 18:18:14.990 計算確認:計算中
2020/03/09 18:18:26.002 計算確認:計算中
2020/03/09 18:18:37.073 計算確認:計算中
2020/03/09 18:18:47.977 計算確認:計算中
2020/03/09 18:18:58.989 計算確認:計算中
2020/03/09 18:19:08.988 計算確認:計算中
2020/03/09 18:19:18.977 計算確認:計算中
2020/03/09 18:19:29.050 計算確認:計算中
2020/03/09 18:19:38.979 計算確認:計算中
2020/03/09 18:19:48.991 計算確認:計算中
2020/03/09 18:19:59.978 計算確認:計算中
2020/03/09 18:20:10.018 計算確認:計算中
2020/03/09 18:20:20.999 計算確認:計算中
2020/03/09 18:20:31.022 計算確認:計算中
2020/03/09 18:20:42.208 計算確認:計算中
2020/03/09 18:20:52.972 計算確認:計算中
2020/03/09 18:21:03.984 計算確認:計算中
2020/03/09 18:21:15.060 計算確認:計算中
2020/03/09 18:21:25.995 計算確認:計算中
2020/03/09 18:21:35.959 計算確認:計算中
2020/03/09 18:21:47.040 計算確認:計算中
2020/03/09 18:21:57.000 計算確認:計算中
2020/03/09 18:22:07.006 計算確認:計算中
2020/03/09 18:22:17.968 計算確認:計算中
2020/03/09 18:22:28.986 計算確認:計算中
2020/03/09 18:22:39.962 計算確認:計算中
2020/03/09 18:22:51.158 計算確認:計算中
2020/03/09 18:23:00.992 計算確認:計算中
2020/03/09 18:23:12.014 計算確認:計算中
2020/03/09 18:23:22.960 計算確認:計算中
2020/03/09 18:23:32.990 計算確認:計算中
2020/03/09 18:23:44.025 計算確認:計算中
2020/03/09 18:23:54.970 計算確認:計算中
2020/03/09 18:24:05.012 計算確認:計算中
2020/03/09 18:24:15.994 計算確認:計算中
2020/03/09 18:24:26.986 計算確認:計算中
2020/03/09 18:24:36.976 計算確認:計算中
2020/03/09 18:24:47.035 計算確認:計算中
2020/03/09 18:24:58.124 計算確認:計算中
2020/03/09 18:25:08.997 計算確認:計算中
2020/03/09 18:25:19.993 計算確認:計算中
2020/03/09 18:25:29.979 計算確認:計算中
2020/03/09 18:25:39.967 計算確認:計算中
2020/03/09 18:25:50.977 計算確認:計算中
2020/03/09 18:26:01.002 計算確認:計算中
2020/03/09 18:26:11.026 計算確認:計算中
2020/03/09 18:26:22.007 計算確認:計算中
2020/03/09 18:26:32.002 計算確認:計算中
2020/03/09 18:26:42.990 計算確認:計算中
2020/03/09 18:26:53.007 計算確認:計算中
2020/03/09 18:27:04.158 計算確認:計算中
2020/03/09 18:27:14.013 計算確認:計算中
2020/03/09 18:27:25.020 計算確認:計算中
2020/03/09 18:27:35.019 計算確認:計算中
2020/03/09 18:27:45.999 計算確認:計算中
2020/03/09 18:27:56.006 計算確認:計算中
2020/03/09 18:28:06.987 計算確認:計算中
2020/03/09 18:28:16.992 計算確認:計算中
2020/03/09 18:28:28.010 計算確認:計算中
2020/03/09 18:28:38.007 計算確認:計算中
2020/03/09 18:28:48.979 計算確認:計算中
2020/03/09 18:29:00.057 計算確認:計算中
2020/03/09 18:29:11.164 計算確認:計算中
2020/03/09 18:29:22.001 計算確認:計算中
2020/03/09 18:29:32.015 計算確認:計算中
2020/03/09 18:29:43.024 計算確認:計算中
2020/03/09 18:29:52.967 計算確認:計算中
2020/03/09 18:30:03.085 計算確認:計算中
2020/03/09 18:30:12.987 計算確認:計算中
2020/03/09 18:30:26.046 計算確認:計算中
2020/03/09 18:30:38.468 計算確認:計算中
2020/03/09 18:30:45.011 計算確認:計算中
